# JRE version: OpenJDK Runtime Environment (8.0_152-b02) (build 1.8.0_152-release-1024-b02)
# Java VM: OpenJDK 64-Bit Server VM (25.152-b02 mixed mode windows-amd64 compressed oops)
Heap:
 PSYoungGen      total 153088K, used 86661K [0x00000000e0000000, 0x00000000eb500000, 0x0000000100000000)
  eden space 138752K, 52% used [0x00000000e0000000,0x00000000e46a9780,0x00000000e8780000)
  from space 14336K, 99% used [0x00000000e9a80000,0x00000000ea878030,0x00000000ea880000)
  to   space 19456K, 0% used [0x00000000e8780000,0x00000000e8780000,0x00000000e9a80000)
 ParOldGen       total 82944K, used 28815K [0x00000000a0000000, 0x00000000a5100000, 0x00000000e0000000)
  object space 82944K, 34% used [0x00000000a0000000,0x00000000a1c23e80,0x00000000a5100000)
 Metaspace       used 56445K, capacity 58118K, committed 58200K, reserved 1099776K
  class space    used 7625K, capacity 7992K, committed 8064K, reserved 1048576K
GC Heap History (10 events):
Event: 3.756 GC heap before
{Heap before GC invocations=10 (full 1):
 PSYoungGen      total 91648K, used 17136K [0x00000000e0000000, 0x00000000e7100000, 0x0000000100000000)
  eden space 81920K, 9% used [0x00000000e0000000,0x00000000e073ec90,0x00000000e5000000)
  from space 9728K, 99% used [0x00000000e5b00000,0x00000000e647d558,0x00000000e6480000)
  to   space 11264K, 0% used [0x00000000e5000000,0x00000000e5000000,0x00000000e5b00000)
 ParOldGen       total 58368K, used 8847K [0x00000000a0000000, 0x00000000a3900000, 0x00000000e0000000)
  object space 58368K, 15% used [0x00000000a0000000,0x00000000a08a3fe8,0x00000000a3900000)
 Metaspace       used 34613K, capacity 35182K, committed 35416K, reserved 1079296K
  class space    used 4782K, capacity 4971K, committed 4992K, reserved 1048576K
Event: 3.762 GC heap after
Heap after GC invocations=10 (full 1):
 PSYoungGen      total 93184K, used 6458K [0x00000000e0000000, 0x00000000e8700000, 0x0000000100000000)
  eden space 81920K, 0% used [0x00000000e0000000,0x00000000e0000000,0x00000000e5000000)
  from space 11264K, 57% used [0x00000000e5000000,0x00000000e564eb48,0x00000000e5b00000)
  to   space 10752K, 0% used [0x00000000e7c80000,0x00000000e7c80000,0x00000000e8700000)
 ParOldGen       total 58368K, used 10540K [0x00000000a0000000, 0x00000000a3900000, 0x00000000e0000000)
  object space 58368K, 18% used [0x00000000a0000000,0x00000000a0a4b068,0x00000000a3900000)
 Metaspace       used 34613K, capacity 35182K, committed 35416K, reserved 1079296K
  class space    used 4782K, capacity 4971K, committed 4992K, reserved 1048576K
}
Event: 3.762 GC heap before
{Heap before GC invocations=11 (full 2):
 PSYoungGen      total 93184K, used 6458K [0x00000000e0000000, 0x00000000e8700000, 0x0000000100000000)
  eden space 81920K, 0% used [0x00000000e0000000,0x00000000e0000000,0x00000000e5000000)
  from space 11264K, 57% used [0x00000000e5000000,0x00000000e564eb48,0x00000000e5b00000)
  to   space 10752K, 0% used [0x00000000e7c80000,0x00000000e7c80000,0x00000000e8700000)
 ParOldGen       total 58368K, used 10540K [0x00000000a0000000, 0x00000000a3900000, 0x00000000e0000000)
  object space 58368K, 18% used [0x00000000a0000000,0x00000000a0a4b068,0x00000000a3900000)
 Metaspace       used 34613K, capacity 35182K, committed 35416K, reserved 1079296K
  class space    used 4782K, capacity 4971K, committed 4992K, reserved 1048576K
Event: 3.812 GC heap after
Heap after GC invocations=11 (full 2):
 PSYoungGen      total 93184K, used 0K [0x00000000e0000000, 0x00000000e8700000, 0x0000000100000000)
  eden space 81920K, 0% used [0x00000000e0000000,0x00000000e0000000,0x00000000e5000000)
  from space 11264K, 0% used [0x00000000e5000000,0x00000000e5000000,0x00000000e5b00000)
  to   space 10752K, 0% used [0x00000000e7c80000,0x00000000e7c80000,0x00000000e8700000)
 ParOldGen       total 82944K, used 14496K [0x00000000a0000000, 0x00000000a5100000, 0x00000000e0000000)
  object space 82944K, 17% used [0x00000000a0000000,0x00000000a0e28360,0x00000000a5100000)
 Metaspace       used 34613K, capacity 35182K, committed 35416K, reserved 1079296K
  class space    used 4782K, capacity 4971K, committed 4992K, reserved 1048576K
}
Event: 4.496 GC heap before
{Heap before GC invocations=12 (full 2):
 PSYoungGen      total 93184K, used 81920K [0x00000000e0000000, 0x00000000e8700000, 0x0000000100000000)
  eden space 81920K, 100% used [0x00000000e0000000,0x00000000e5000000,0x00000000e5000000)
  from space 11264K, 0% used [0x00000000e5000000,0x00000000e5000000,0x00000000e5b00000)
  to   space 10752K, 0% used [0x00000000e7c80000,0x00000000e7c80000,0x00000000e8700000)
 ParOldGen       total 82944K, used 14496K [0x00000000a0000000, 0x00000000a5100000, 0x00000000e0000000)
  object space 82944K, 17% used [0x00000000a0000000,0x00000000a0e28360,0x00000000a5100000)
 Metaspace       used 39581K, capacity 40290K, committed 40408K, reserved 1083392K
  class space    used 5385K, capacity 5617K, committed 5632K, reserved 1048576K
Event: 4.502 GC heap after
Heap after GC invocations=12 (full 2):
 PSYoungGen      total 118784K, used 8775K [0x00000000e0000000, 0x00000000e8580000, 0x0000000100000000)
  eden space 109568K, 0% used [0x00000000e0000000,0x00000000e0000000,0x00000000e6b00000)
  from space 9216K, 95% used [0x00000000e7c80000,0x00000000e8511c50,0x00000000e8580000)
  to   space 11264K, 0% used [0x00000000e6f80000,0x00000000e6f80000,0x00000000e7a80000)
 ParOldGen       total 82944K, used 14504K [0x00000000a0000000, 0x00000000a5100000, 0x00000000e0000000)
  object space 82944K, 17% used [0x00000000a0000000,0x00000000a0e2a360,0x00000000a5100000)
 Metaspace       used 39581K, capacity 40290K, committed 40408K, reserved 1083392K
  class space    used 5385K, capacity 5617K, committed 5632K, reserved 1048576K
}
Event: 5.619 GC heap before
{Heap before GC invocations=13 (full 2):
 PSYoungGen      total 118784K, used 118343K [0x00000000e0000000, 0x00000000e8580000, 0x0000000100000000)
  eden space 109568K, 100% used [0x00000000e0000000,0x00000000e6b00000,0x00000000e6b00000)
  from space 9216K, 95% used [0x00000000e7c80000,0x00000000e8511c50,0x00000000e8580000)
  to   space 11264K, 0% used [0x00000000e6f80000,0x00000000e6f80000,0x00000000e7a80000)
 ParOldGen       total 82944K, used 14504K [0x00000000a0000000, 0x00000000a5100000, 0x00000000e0000000)
  object space 82944K, 17% used [0x00000000a0000000,0x00000000a0e2a360,0x00000000a5100000)
 Metaspace       used 50060K, capacity 51510K, committed 51800K, reserved 1093632K
  class space    used 6868K, capacity 7234K, committed 7296K, reserved 1048576K
Event: 5.634 GC heap after
Heap after GC invocations=13 (full 2):
 PSYoungGen      total 125440K, used 11247K [0x00000000e0000000, 0x00000000ea880000, 0x0000000100000000)
  eden space 114176K, 0% used [0x00000000e0000000,0x00000000e0000000,0x00000000e6f80000)
  from space 11264K, 99% used [0x00000000e6f80000,0x00000000e7a7bc30,0x00000000e7a80000)
  to   space 14336K, 0% used [0x00000000e9a80000,0x00000000e9a80000,0x00000000ea880000)
 ParOldGen       total 82944K, used 20309K [0x00000000a0000000, 0x00000000a5100000, 0x00000000e0000000)
  object space 82944K, 24% used [0x00000000a0000000,0x00000000a13d5520,0x00000000a5100000)
 Metaspace       used 50060K, capacity 51510K, committed 51800K, reserved 1093632K
  class space    used 6868K, capacity 7234K, committed 7296K, reserved 1048576K
}
Event: 8.997 GC heap before
{Heap before GC invocations=14 (full 2):
 PSYoungGen      total 125440K, used 125423K [0x00000000e0000000, 0x00000000ea880000, 0x0000000100000000)
  eden space 114176K, 100% used [0x00000000e0000000,0x00000000e6f80000,0x00000000e6f80000)
  from space 11264K, 99% used [0x00000000e6f80000,0x00000000e7a7bc30,0x00000000e7a80000)
  to   space 14336K, 0% used [0x00000000e9a80000,0x00000000e9a80000,0x00000000ea880000)
 ParOldGen       total 82944K, used 20309K [0x00000000a0000000, 0x00000000a5100000, 0x00000000e0000000)
  object space 82944K, 24% used [0x00000000a0000000,0x00000000a13d5520,0x00000000a5100000)
 Metaspace       used 54505K, capacity 56128K, committed 56408K, reserved 1097728K
  class space    used 7421K, capacity 7795K, committed 7808K, reserved 1048576K
Event: 9.014 GC heap after
Heap after GC invocations=14 (full 2):
 PSYoungGen      total 153088K, used 14304K [0x00000000e0000000, 0x00000000eb500000, 0x0000000100000000)
  eden space 138752K, 0% used [0x00000000e0000000,0x00000000e0000000,0x00000000e8780000)
  from space 14336K, 99% used [0x00000000e9a80000,0x00000000ea878030,0x00000000ea880000)
  to   space 19456K, 0% used [0x00000000e8780000,0x00000000e8780000,0x00000000e9a80000)
 ParOldGen       total 82944K, used 28815K [0x00000000a0000000, 0x00000000a5100000, 0x00000000e0000000)
  object space 82944K, 34% used [0x00000000a0000000,0x00000000a1c23e80,0x00000000a5100000)
 Metaspace       used 54505K, capacity 56128K, committed 56408K, reserved 1097728K
  class space    used 7421K, capacity 7795K, committed 7808K, reserved 1048576K
}

