# JRE version: OpenJDK Runtime Environment (8.0_152-b02) (build 1.8.0_152-release-1024-b02)
# Java VM: OpenJDK 64-Bit Server VM (25.152-b02 mixed mode windows-amd64 compressed oops)
Heap:
 PSYoungGen      total 268800K, used 222791K [0x00000000e0000000, 0x00000000f4a80000, 0x0000000100000000)
  eden space 242688K, 84% used [0x00000000e0000000,0x00000000ec8ccf40,0x00000000eed00000)
  from space 26112K, 65% used [0x00000000eed00000,0x00000000efdc4f20,0x00000000f0680000)
  to   space 26624K, 0% used [0x00000000f3080000,0x00000000f3080000,0x00000000f4a80000)
 ParOldGen       total 142848K, used 45579K [0x00000000a0000000, 0x00000000a8b80000, 0x00000000e0000000)
  object space 142848K, 31% used [0x00000000a0000000,0x00000000a2c82e98,0x00000000a8b80000)
 Metaspace       used 69073K, capacity 72782K, committed 72920K, reserved 1112064K
  class space    used 9206K, capacity 9898K, committed 9984K, reserved 1048576K
GC Heap History (10 events):
Event: 9.464 GC heap before
{Heap before GC invocations=12 (full 2):
 PSYoungGen      total 181248K, used 88484K [0x00000000e0000000, 0x00000000eef80000, 0x0000000100000000)
  eden space 166400K, 44% used [0x00000000e0000000,0x00000000e47e9550,0x00000000ea280000)
  from space 14848K, 99% used [0x00000000ea280000,0x00000000eb0ffbe8,0x00000000eb100000)
  to   space 20480K, 0% used [0x00000000edb80000,0x00000000edb80000,0x00000000eef80000)
 ParOldGen       total 95232K, used 29893K [0x00000000a0000000, 0x00000000a5d00000, 0x00000000e0000000)
  object space 95232K, 31% used [0x00000000a0000000,0x00000000a1d31448,0x00000000a5d00000)
 Metaspace       used 57182K, capacity 59002K, committed 59028K, reserved 1099776K
  class space    used 7742K, capacity 8166K, committed 8192K, reserved 1048576K
Event: 9.477 GC heap after
Heap after GC invocations=12 (full 2):
 PSYoungGen      total 216576K, used 13209K [0x00000000e0000000, 0x00000000eeb80000, 0x0000000100000000)
  eden space 200192K, 0% used [0x00000000e0000000,0x00000000e0000000,0x00000000ec380000)
  from space 16384K, 80% used [0x00000000edb80000,0x00000000ee866558,0x00000000eeb80000)
  to   space 20480K, 0% used [0x00000000ec380000,0x00000000ec380000,0x00000000ed780000)
 ParOldGen       total 95232K, used 36256K [0x00000000a0000000, 0x00000000a5d00000, 0x00000000e0000000)
  object space 95232K, 38% used [0x00000000a0000000,0x00000000a2368350,0x00000000a5d00000)
 Metaspace       used 57182K, capacity 59002K, committed 59028K, reserved 1099776K
  class space    used 7742K, capacity 8166K, committed 8192K, reserved 1048576K
}
Event: 9.477 GC heap before
{Heap before GC invocations=13 (full 3):
 PSYoungGen      total 216576K, used 13209K [0x00000000e0000000, 0x00000000eeb80000, 0x0000000100000000)
  eden space 200192K, 0% used [0x00000000e0000000,0x00000000e0000000,0x00000000ec380000)
  from space 16384K, 80% used [0x00000000edb80000,0x00000000ee866558,0x00000000eeb80000)
  to   space 20480K, 0% used [0x00000000ec380000,0x00000000ec380000,0x00000000ed780000)
 ParOldGen       total 95232K, used 36256K [0x00000000a0000000, 0x00000000a5d00000, 0x00000000e0000000)
  object space 95232K, 38% used [0x00000000a0000000,0x00000000a2368350,0x00000000a5d00000)
 Metaspace       used 57182K, capacity 59002K, committed 59028K, reserved 1099776K
  class space    used 7742K, capacity 8166K, committed 8192K, reserved 1048576K
Event: 9.605 GC heap after
Heap after GC invocations=13 (full 3):
 PSYoungGen      total 216576K, used 0K [0x00000000e0000000, 0x00000000eeb80000, 0x0000000100000000)
  eden space 200192K, 0% used [0x00000000e0000000,0x00000000e0000000,0x00000000ec380000)
  from space 16384K, 0% used [0x00000000edb80000,0x00000000edb80000,0x00000000eeb80000)
  to   space 20480K, 0% used [0x00000000ec380000,0x00000000ec380000,0x00000000ed780000)
 ParOldGen       total 142848K, used 34614K [0x00000000a0000000, 0x00000000a8b80000, 0x00000000e0000000)
  object space 142848K, 24% used [0x00000000a0000000,0x00000000a21cd8b0,0x00000000a8b80000)
 Metaspace       used 57093K, capacity 58778K, committed 59028K, reserved 1099776K
  class space    used 7710K, capacity 8110K, committed 8192K, reserved 1048576K
}
Event: 10.907 GC heap before
{Heap before GC invocations=14 (full 3):
 PSYoungGen      total 216576K, used 200192K [0x00000000e0000000, 0x00000000eeb80000, 0x0000000100000000)
  eden space 200192K, 100% used [0x00000000e0000000,0x00000000ec380000,0x00000000ec380000)
  from space 16384K, 0% used [0x00000000edb80000,0x00000000edb80000,0x00000000eeb80000)
  to   space 20480K, 0% used [0x00000000ec380000,0x00000000ec380000,0x00000000ed780000)
 ParOldGen       total 142848K, used 34614K [0x00000000a0000000, 0x00000000a8b80000, 0x00000000e0000000)
  object space 142848K, 24% used [0x00000000a0000000,0x00000000a21cd8b0,0x00000000a8b80000)
 Metaspace       used 63973K, capacity 67158K, committed 67416K, reserved 1107968K
  class space    used 8719K, capacity 9332K, committed 9344K, reserved 1048576K
Event: 10.940 GC heap after
Heap after GC invocations=14 (full 3):
 PSYoungGen      total 220672K, used 20466K [0x00000000e0000000, 0x00000000f2600000, 0x0000000100000000)
  eden space 200192K, 0% used [0x00000000e0000000,0x00000000e0000000,0x00000000ec380000)
  from space 20480K, 99% used [0x00000000ec380000,0x00000000ed77ca40,0x00000000ed780000)
  to   space 27136K, 0% used [0x00000000f0b80000,0x00000000f0b80000,0x00000000f2600000)
 ParOldGen       total 142848K, used 45563K [0x00000000a0000000, 0x00000000a8b80000, 0x00000000e0000000)
  object space 142848K, 31% used [0x00000000a0000000,0x00000000a2c7ee98,0x00000000a8b80000)
 Metaspace       used 63973K, capacity 67158K, committed 67416K, reserved 1107968K
  class space    used 8719K, capacity 9332K, committed 9344K, reserved 1048576K
}
Event: 12.376 GC heap before
{Heap before GC invocations=15 (full 3):
 PSYoungGen      total 220672K, used 220658K [0x00000000e0000000, 0x00000000f2600000, 0x0000000100000000)
  eden space 200192K, 100% used [0x00000000e0000000,0x00000000ec380000,0x00000000ec380000)
  from space 20480K, 99% used [0x00000000ec380000,0x00000000ed77ca40,0x00000000ed780000)
  to   space 27136K, 0% used [0x00000000f0b80000,0x00000000f0b80000,0x00000000f2600000)
 ParOldGen       total 142848K, used 45563K [0x00000000a0000000, 0x00000000a8b80000, 0x00000000e0000000)
  object space 142848K, 31% used [0x00000000a0000000,0x00000000a2c7ee98,0x00000000a8b80000)
 Metaspace       used 66400K, capacity 69736K, committed 69976K, reserved 1110016K
  class space    used 8892K, capacity 9539K, committed 9600K, reserved 1048576K
Event: 12.386 GC heap after
Heap after GC invocations=15 (full 3):
 PSYoungGen      total 263680K, used 11258K [0x00000000e0000000, 0x00000000f2000000, 0x0000000100000000)
  eden space 242688K, 0% used [0x00000000e0000000,0x00000000e0000000,0x00000000eed00000)
  from space 20992K, 53% used [0x00000000f0b80000,0x00000000f167e830,0x00000000f2000000)
  to   space 26112K, 0% used [0x00000000eed00000,0x00000000eed00000,0x00000000f0680000)
 ParOldGen       total 142848K, used 45571K [0x00000000a0000000, 0x00000000a8b80000, 0x00000000e0000000)
  object space 142848K, 31% used [0x00000000a0000000,0x00000000a2c80e98,0x00000000a8b80000)
 Metaspace       used 66400K, capacity 69736K, committed 69976K, reserved 1110016K
  class space    used 8892K, capacity 9539K, committed 9600K, reserved 1048576K
}
Event: 175.102 GC heap before
{Heap before GC invocations=16 (full 3):
 PSYoungGen      total 263680K, used 253589K [0x00000000e0000000, 0x00000000f2000000, 0x0000000100000000)
  eden space 242688K, 99% used [0x00000000e0000000,0x00000000eeca6dd0,0x00000000eed00000)
  from space 20992K, 53% used [0x00000000f0b80000,0x00000000f167e830,0x00000000f2000000)
  to   space 26112K, 0% used [0x00000000eed00000,0x00000000eed00000,0x00000000f0680000)
 ParOldGen       total 142848K, used 45571K [0x00000000a0000000, 0x00000000a8b80000, 0x00000000e0000000)
  object space 142848K, 31% used [0x00000000a0000000,0x00000000a2c80e98,0x00000000a8b80000)
 Metaspace       used 68910K, capacity 72616K, committed 72920K, reserved 1112064K
  class space    used 9190K, capacity 9891K, committed 9984K, reserved 1048576K
Event: 175.130 GC heap after
Heap after GC invocations=16 (full 3):
 PSYoungGen      total 268800K, used 17171K [0x00000000e0000000, 0x00000000f4a80000, 0x0000000100000000)
  eden space 242688K, 0% used [0x00000000e0000000,0x00000000e0000000,0x00000000eed00000)
  from space 26112K, 65% used [0x00000000eed00000,0x00000000efdc4f20,0x00000000f0680000)
  to   space 26624K, 0% used [0x00000000f3080000,0x00000000f3080000,0x00000000f4a80000)
 ParOldGen       total 142848K, used 45579K [0x00000000a0000000, 0x00000000a8b80000, 0x00000000e0000000)
  object space 142848K, 31% used [0x00000000a0000000,0x00000000a2c82e98,0x00000000a8b80000)
 Metaspace       used 68910K, capacity 72616K, committed 72920K, reserved 1112064K
  class space    used 9190K, capacity 9891K, committed 9984K, reserved 1048576K
}

