# JRE version: OpenJDK Runtime Environment (8.0_152-b02) (build 1.8.0_152-release-1024-b02)
# Java VM: OpenJDK 64-Bit Server VM (25.152-b02 mixed mode windows-amd64 compressed oops)
Heap:
 PSYoungGen      total 230912K, used 38231K [0x00000000e0000000, 0x00000000ef900000, 0x0000000100000000)
  eden space 211968K, 18% used [0x00000000e0000000,0x00000000e2555ec0,0x00000000ecf00000)
  from space 18944K, 0% used [0x00000000ee680000,0x00000000ee680000,0x00000000ef900000)
  to   space 21504K, 0% used [0x00000000ecf00000,0x00000000ecf00000,0x00000000ee400000)
 ParOldGen       total 140800K, used 37415K [0x00000000a0000000, 0x00000000a8980000, 0x00000000e0000000)
  object space 140800K, 26% used [0x00000000a0000000,0x00000000a2489e88,0x00000000a8980000)
 Metaspace       used 57394K, capacity 59246K, committed 59412K, reserved 1099776K
  class space    used 7774K, capacity 8216K, committed 8320K, reserved 1048576K
GC Heap History (10 events):
Event: 7.067 GC heap before
{Heap before GC invocations=9 (full 2):
 PSYoungGen      total 140800K, used 9717K [0x00000000e0000000, 0x00000000ebf80000, 0x0000000100000000)
  eden space 131072K, 0% used [0x00000000e0000000,0x00000000e0000000,0x00000000e8000000)
  from space 9728K, 99% used [0x00000000e8000000,0x00000000e897d758,0x00000000e8980000)
  to   space 12800K, 0% used [0x00000000eb300000,0x00000000eb300000,0x00000000ebf80000)
 ParOldGen       total 59392K, used 11110K [0x00000000a0000000, 0x00000000a3a00000, 0x00000000e0000000)
  object space 59392K, 18% used [0x00000000a0000000,0x00000000a0ad9970,0x00000000a3a00000)
 Metaspace       used 34636K, capacity 35246K, committed 35416K, reserved 1079296K
  class space    used 4782K, capacity 4971K, committed 4992K, reserved 1048576K
Event: 7.125 GC heap after
Heap after GC invocations=9 (full 2):
 PSYoungGen      total 140800K, used 0K [0x00000000e0000000, 0x00000000ebf80000, 0x0000000100000000)
  eden space 131072K, 0% used [0x00000000e0000000,0x00000000e0000000,0x00000000e8000000)
  from space 9728K, 0% used [0x00000000e8000000,0x00000000e8000000,0x00000000e8980000)
  to   space 12800K, 0% used [0x00000000eb300000,0x00000000eb300000,0x00000000ebf80000)
 ParOldGen       total 93696K, used 19177K [0x00000000a0000000, 0x00000000a5b80000, 0x00000000e0000000)
  object space 93696K, 20% used [0x00000000a0000000,0x00000000a12ba590,0x00000000a5b80000)
 Metaspace       used 34636K, capacity 35246K, committed 35416K, reserved 1079296K
  class space    used 4782K, capacity 4971K, committed 4992K, reserved 1048576K
}
Event: 8.209 GC heap before
{Heap before GC invocations=10 (full 2):
 PSYoungGen      total 140800K, used 131072K [0x00000000e0000000, 0x00000000ebf80000, 0x0000000100000000)
  eden space 131072K, 100% used [0x00000000e0000000,0x00000000e8000000,0x00000000e8000000)
  from space 9728K, 0% used [0x00000000e8000000,0x00000000e8000000,0x00000000e8980000)
  to   space 12800K, 0% used [0x00000000eb300000,0x00000000eb300000,0x00000000ebf80000)
 ParOldGen       total 93696K, used 19177K [0x00000000a0000000, 0x00000000a5b80000, 0x00000000e0000000)
  object space 93696K, 20% used [0x00000000a0000000,0x00000000a12ba590,0x00000000a5b80000)
 Metaspace       used 43027K, capacity 44032K, committed 44160K, reserved 1087488K
  class space    used 5946K, capacity 6243K, committed 6272K, reserved 1048576K
Event: 8.221 GC heap after
Heap after GC invocations=10 (full 2):
 PSYoungGen      total 181248K, used 12781K [0x00000000e0000000, 0x00000000edc80000, 0x0000000100000000)
  eden space 168448K, 0% used [0x00000000e0000000,0x00000000e0000000,0x00000000ea480000)
  from space 12800K, 99% used [0x00000000eb300000,0x00000000ebf7b520,0x00000000ebf80000)
  to   space 14848K, 0% used [0x00000000ea480000,0x00000000ea480000,0x00000000eb300000)
 ParOldGen       total 93696K, used 20606K [0x00000000a0000000, 0x00000000a5b80000, 0x00000000e0000000)
  object space 93696K, 21% used [0x00000000a0000000,0x00000000a141fb40,0x00000000a5b80000)
 Metaspace       used 43027K, capacity 44032K, committed 44160K, reserved 1087488K
  class space    used 5946K, capacity 6243K, committed 6272K, reserved 1048576K
}
Event: 10.179 GC heap before
{Heap before GC invocations=11 (full 2):
 PSYoungGen      total 181248K, used 181229K [0x00000000e0000000, 0x00000000edc80000, 0x0000000100000000)
  eden space 168448K, 100% used [0x00000000e0000000,0x00000000ea480000,0x00000000ea480000)
  from space 12800K, 99% used [0x00000000eb300000,0x00000000ebf7b520,0x00000000ebf80000)
  to   space 14848K, 0% used [0x00000000ea480000,0x00000000ea480000,0x00000000eb300000)
 ParOldGen       total 93696K, used 20606K [0x00000000a0000000, 0x00000000a5b80000, 0x00000000e0000000)
  object space 93696K, 21% used [0x00000000a0000000,0x00000000a141fb40,0x00000000a5b80000)
 Metaspace       used 54345K, capacity 55994K, committed 56192K, reserved 1097728K
  class space    used 7412K, capacity 7798K, committed 7808K, reserved 1048576K
Event: 10.197 GC heap after
Heap after GC invocations=11 (full 2):
 PSYoungGen      total 183296K, used 14838K [0x00000000e0000000, 0x00000000efa80000, 0x0000000100000000)
  eden space 168448K, 0% used [0x00000000e0000000,0x00000000e0000000,0x00000000ea480000)
  from space 14848K, 99% used [0x00000000ea480000,0x00000000eb2fda00,0x00000000eb300000)
  to   space 20480K, 0% used [0x00000000ee680000,0x00000000ee680000,0x00000000efa80000)
 ParOldGen       total 93696K, used 29952K [0x00000000a0000000, 0x00000000a5b80000, 0x00000000e0000000)
  object space 93696K, 31% used [0x00000000a0000000,0x00000000a1d40268,0x00000000a5b80000)
 Metaspace       used 54345K, capacity 55994K, committed 56192K, reserved 1097728K
  class space    used 7412K, capacity 7798K, committed 7808K, reserved 1048576K
}
Event: 12.363 GC heap before
{Heap before GC invocations=12 (full 2):
 PSYoungGen      total 183296K, used 120936K [0x00000000e0000000, 0x00000000efa80000, 0x0000000100000000)
  eden space 168448K, 62% used [0x00000000e0000000,0x00000000e679c890,0x00000000ea480000)
  from space 14848K, 99% used [0x00000000ea480000,0x00000000eb2fda00,0x00000000eb300000)
  to   space 20480K, 0% used [0x00000000ee680000,0x00000000ee680000,0x00000000efa80000)
 ParOldGen       total 93696K, used 29952K [0x00000000a0000000, 0x00000000a5b80000, 0x00000000e0000000)
  object space 93696K, 31% used [0x00000000a0000000,0x00000000a1d40268,0x00000000a5b80000)
 Metaspace       used 57207K, capacity 58996K, committed 59028K, reserved 1099776K
  class space    used 7729K, capacity 8185K, committed 8192K, reserved 1048576K
Event: 12.378 GC heap after
Heap after GC invocations=12 (full 2):
 PSYoungGen      total 230912K, used 15153K [0x00000000e0000000, 0x00000000ef900000, 0x0000000100000000)
  eden space 211968K, 0% used [0x00000000e0000000,0x00000000e0000000,0x00000000ecf00000)
  from space 18944K, 79% used [0x00000000ee680000,0x00000000ef54c6d8,0x00000000ef900000)
  to   space 21504K, 0% used [0x00000000ecf00000,0x00000000ecf00000,0x00000000ee400000)
 ParOldGen       total 93696K, used 35612K [0x00000000a0000000, 0x00000000a5b80000, 0x00000000e0000000)
  object space 93696K, 38% used [0x00000000a0000000,0x00000000a22c7150,0x00000000a5b80000)
 Metaspace       used 57207K, capacity 58996K, committed 59028K, reserved 1099776K
  class space    used 7729K, capacity 8185K, committed 8192K, reserved 1048576K
}
Event: 12.378 GC heap before
{Heap before GC invocations=13 (full 3):
 PSYoungGen      total 230912K, used 15153K [0x00000000e0000000, 0x00000000ef900000, 0x0000000100000000)
  eden space 211968K, 0% used [0x00000000e0000000,0x00000000e0000000,0x00000000ecf00000)
  from space 18944K, 79% used [0x00000000ee680000,0x00000000ef54c6d8,0x00000000ef900000)
  to   space 21504K, 0% used [0x00000000ecf00000,0x00000000ecf00000,0x00000000ee400000)
 ParOldGen       total 93696K, used 35612K [0x00000000a0000000, 0x00000000a5b80000, 0x00000000e0000000)
  object space 93696K, 38% used [0x00000000a0000000,0x00000000a22c7150,0x00000000a5b80000)
 Metaspace       used 57207K, capacity 58996K, committed 59028K, reserved 1099776K
  class space    used 7729K, capacity 8185K, committed 8192K, reserved 1048576K
Event: 12.505 GC heap after
Heap after GC invocations=13 (full 3):
 PSYoungGen      total 230912K, used 0K [0x00000000e0000000, 0x00000000ef900000, 0x0000000100000000)
  eden space 211968K, 0% used [0x00000000e0000000,0x00000000e0000000,0x00000000ecf00000)
  from space 18944K, 0% used [0x00000000ee680000,0x00000000ee680000,0x00000000ef900000)
  to   space 21504K, 0% used [0x00000000ecf00000,0x00000000ecf00000,0x00000000ee400000)
 ParOldGen       total 140800K, used 37415K [0x00000000a0000000, 0x00000000a8980000, 0x00000000e0000000)
  object space 140800K, 26% used [0x00000000a0000000,0x00000000a2489e88,0x00000000a8980000)
 Metaspace       used 57207K, capacity 58996K, committed 59028K, reserved 1099776K
  class space    used 7729K, capacity 8185K, committed 8192K, reserved 1048576K
}

