# JRE version: OpenJDK Runtime Environment (8.0_152-b02) (build 1.8.0_152-release-1024-b02)
# Java VM: OpenJDK 64-Bit Server VM (25.152-b02 mixed mode windows-amd64 compressed oops)
Heap:
 PSYoungGen      total 150016K, used 78484K [0x00000000f5580000, 0x0000000100000000, 0x0000000100000000)
  eden space 124928K, 51% used [0x00000000f5580000,0x00000000f9446830,0x00000000fcf80000)
  from space 25088K, 56% used [0x00000000fe780000,0x00000000ff55e850,0x0000000100000000)
  to   space 24576K, 0% used [0x00000000fcf80000,0x00000000fcf80000,0x00000000fe780000)
 ParOldGen       total 149504K, used 32844K [0x00000000e0000000, 0x00000000e9200000, 0x00000000f5580000)
  object space 149504K, 21% used [0x00000000e0000000,0x00000000e20131e0,0x00000000e9200000)
 Metaspace       used 66490K, capacity 68546K, committed 68824K, reserved 1110016K
  class space    used 8491K, capacity 8934K, committed 8960K, reserved 1048576K
GC Heap History (10 events):
Event: 22.770 GC heap before
{Heap before GC invocations=13 (full 3):
 PSYoungGen      total 145408K, used 14839K [0x00000000f5580000, 0x0000000100000000, 0x0000000100000000)
  eden space 130560K, 0% used [0x00000000f5580000,0x00000000f5580000,0x00000000fd500000)
  from space 14848K, 99% used [0x00000000ff180000,0x00000000ffffdc28,0x0000000100000000)
  to   space 22016K, 0% used [0x00000000fd500000,0x00000000fd500000,0x00000000fea80000)
 ParOldGen       total 102400K, used 32687K [0x00000000e0000000, 0x00000000e6400000, 0x00000000f5580000)
  object space 102400K, 31% used [0x00000000e0000000,0x00000000e1febe78,0x00000000e6400000)
 Metaspace       used 57280K, capacity 58818K, committed 58968K, reserved 1099776K
  class space    used 7606K, capacity 7964K, committed 8064K, reserved 1048576K
Event: 22.888 GC heap after
Heap after GC invocations=13 (full 3):
 PSYoungGen      total 145408K, used 0K [0x00000000f5580000, 0x0000000100000000, 0x0000000100000000)
  eden space 130560K, 0% used [0x00000000f5580000,0x00000000f5580000,0x00000000fd500000)
  from space 14848K, 0% used [0x00000000ff180000,0x00000000ff180000,0x0000000100000000)
  to   space 22016K, 0% used [0x00000000fd500000,0x00000000fd500000,0x00000000fea80000)
 ParOldGen       total 149504K, used 32804K [0x00000000e0000000, 0x00000000e9200000, 0x00000000f5580000)
  object space 149504K, 21% used [0x00000000e0000000,0x00000000e20091e0,0x00000000e9200000)
 Metaspace       used 57280K, capacity 58818K, committed 58968K, reserved 1099776K
  class space    used 7606K, capacity 7964K, committed 8064K, reserved 1048576K
}
Event: 106.969 GC heap before
{Heap before GC invocations=14 (full 3):
 PSYoungGen      total 145408K, used 130560K [0x00000000f5580000, 0x0000000100000000, 0x0000000100000000)
  eden space 130560K, 100% used [0x00000000f5580000,0x00000000fd500000,0x00000000fd500000)
  from space 14848K, 0% used [0x00000000ff180000,0x00000000ff180000,0x0000000100000000)
  to   space 22016K, 0% used [0x00000000fd500000,0x00000000fd500000,0x00000000fea80000)
 ParOldGen       total 149504K, used 32804K [0x00000000e0000000, 0x00000000e9200000, 0x00000000f5580000)
  object space 149504K, 21% used [0x00000000e0000000,0x00000000e20091e0,0x00000000e9200000)
 Metaspace       used 58366K, capacity 60182K, committed 60248K, reserved 1101824K
  class space    used 7662K, capacity 8040K, committed 8064K, reserved 1048576K
Event: 106.974 GC heap after
Heap after GC invocations=14 (full 3):
 PSYoungGen      total 152576K, used 5376K [0x00000000f5580000, 0x0000000100000000, 0x0000000100000000)
  eden space 130560K, 0% used [0x00000000f5580000,0x00000000f5580000,0x00000000fd500000)
  from space 22016K, 24% used [0x00000000fd500000,0x00000000fda40000,0x00000000fea80000)
  to   space 22016K, 0% used [0x00000000fea80000,0x00000000fea80000,0x0000000100000000)
 ParOldGen       total 149504K, used 32812K [0x00000000e0000000, 0x00000000e9200000, 0x00000000f5580000)
  object space 149504K, 21% used [0x00000000e0000000,0x00000000e200b1e0,0x00000000e9200000)
 Metaspace       used 58366K, capacity 60182K, committed 60248K, reserved 1101824K
  class space    used 7662K, capacity 8040K, committed 8064K, reserved 1048576K
}
Event: 112.756 GC heap before
{Heap before GC invocations=15 (full 3):
 PSYoungGen      total 152576K, used 135899K [0x00000000f5580000, 0x0000000100000000, 0x0000000100000000)
  eden space 130560K, 99% used [0x00000000f5580000,0x00000000fd4f6c40,0x00000000fd500000)
  from space 22016K, 24% used [0x00000000fd500000,0x00000000fda40000,0x00000000fea80000)
  to   space 22016K, 0% used [0x00000000fea80000,0x00000000fea80000,0x0000000100000000)
 ParOldGen       total 149504K, used 32812K [0x00000000e0000000, 0x00000000e9200000, 0x00000000f5580000)
  object space 149504K, 21% used [0x00000000e0000000,0x00000000e200b1e0,0x00000000e9200000)
 Metaspace       used 62886K, capacity 64688K, committed 64984K, reserved 1105920K
  class space    used 8223K, capacity 8647K, committed 8704K, reserved 1048576K
Event: 112.768 GC heap after
Heap after GC invocations=15 (full 3):
 PSYoungGen      total 150528K, used 16341K [0x00000000f5580000, 0x0000000100000000, 0x0000000100000000)
  eden space 128512K, 0% used [0x00000000f5580000,0x00000000f5580000,0x00000000fd300000)
  from space 22016K, 74% used [0x00000000fea80000,0x00000000ffa757d0,0x0000000100000000)
  to   space 23040K, 0% used [0x00000000fd300000,0x00000000fd300000,0x00000000fe980000)
 ParOldGen       total 149504K, used 32820K [0x00000000e0000000, 0x00000000e9200000, 0x00000000f5580000)
  object space 149504K, 21% used [0x00000000e0000000,0x00000000e200d1e0,0x00000000e9200000)
 Metaspace       used 62886K, capacity 64688K, committed 64984K, reserved 1105920K
  class space    used 8223K, capacity 8647K, committed 8704K, reserved 1048576K
}
Event: 154.712 GC heap before
{Heap before GC invocations=16 (full 3):
 PSYoungGen      total 150528K, used 144853K [0x00000000f5580000, 0x0000000100000000, 0x0000000100000000)
  eden space 128512K, 100% used [0x00000000f5580000,0x00000000fd300000,0x00000000fd300000)
  from space 22016K, 74% used [0x00000000fea80000,0x00000000ffa757d0,0x0000000100000000)
  to   space 23040K, 0% used [0x00000000fd300000,0x00000000fd300000,0x00000000fe980000)
 ParOldGen       total 149504K, used 32820K [0x00000000e0000000, 0x00000000e9200000, 0x00000000f5580000)
  object space 149504K, 21% used [0x00000000e0000000,0x00000000e200d1e0,0x00000000e9200000)
 Metaspace       used 64855K, capacity 66776K, committed 66904K, reserved 1107968K
  class space    used 8342K, capacity 8765K, committed 8832K, reserved 1048576K
Event: 154.727 GC heap after
Heap after GC invocations=16 (full 3):
 PSYoungGen      total 147968K, used 19455K [0x00000000f5580000, 0x0000000100000000, 0x0000000100000000)
  eden space 128512K, 0% used [0x00000000f5580000,0x00000000f5580000,0x00000000fd300000)
  from space 19456K, 99% used [0x00000000fd300000,0x00000000fe5ffdb0,0x00000000fe600000)
  to   space 25088K, 0% used [0x00000000fe780000,0x00000000fe780000,0x0000000100000000)
 ParOldGen       total 149504K, used 32836K [0x00000000e0000000, 0x00000000e9200000, 0x00000000f5580000)
  object space 149504K, 21% used [0x00000000e0000000,0x00000000e20111e0,0x00000000e9200000)
 Metaspace       used 64855K, capacity 66776K, committed 66904K, reserved 1107968K
  class space    used 8342K, capacity 8765K, committed 8832K, reserved 1048576K
}
Event: 157.852 GC heap before
{Heap before GC invocations=17 (full 3):
 PSYoungGen      total 147968K, used 147967K [0x00000000f5580000, 0x0000000100000000, 0x0000000100000000)
  eden space 128512K, 100% used [0x00000000f5580000,0x00000000fd300000,0x00000000fd300000)
  from space 19456K, 99% used [0x00000000fd300000,0x00000000fe5ffdb0,0x00000000fe600000)
  to   space 25088K, 0% used [0x00000000fe780000,0x00000000fe780000,0x0000000100000000)
 ParOldGen       total 149504K, used 32836K [0x00000000e0000000, 0x00000000e9200000, 0x00000000f5580000)
  object space 149504K, 21% used [0x00000000e0000000,0x00000000e20111e0,0x00000000e9200000)
 Metaspace       used 65924K, capacity 67880K, committed 68056K, reserved 1107968K
  class space    used 8437K, capacity 8869K, committed 8960K, reserved 1048576K
Event: 157.861 GC heap after
Heap after GC invocations=17 (full 3):
 PSYoungGen      total 150016K, used 14202K [0x00000000f5580000, 0x0000000100000000, 0x0000000100000000)
  eden space 124928K, 0% used [0x00000000f5580000,0x00000000f5580000,0x00000000fcf80000)
  from space 25088K, 56% used [0x00000000fe780000,0x00000000ff55e850,0x0000000100000000)
  to   space 24576K, 0% used [0x00000000fcf80000,0x00000000fcf80000,0x00000000fe780000)
 ParOldGen       total 149504K, used 32844K [0x00000000e0000000, 0x00000000e9200000, 0x00000000f5580000)
  object space 149504K, 21% used [0x00000000e0000000,0x00000000e20131e0,0x00000000e9200000)
 Metaspace       used 65924K, capacity 67880K, committed 68056K, reserved 1107968K
  class space    used 8437K, capacity 8869K, committed 8960K, reserved 1048576K
}

