# JRE version: OpenJDK Runtime Environment (8.0_152-b02) (build 1.8.0_152-release-1024-b02)
# Java VM: OpenJDK 64-Bit Server VM (25.152-b02 mixed mode windows-amd64 compressed oops)
Heap:
 PSYoungGen      total 398848K, used 180686K [0x00000000e0000000, 0x00000000f9c00000, 0x0000000100000000)
  eden space 375808K, 46% used [0x00000000e0000000,0x00000000ea99fb58,0x00000000f6f00000)
  from space 23040K, 30% used [0x00000000f6f00000,0x00000000f75d3df8,0x00000000f8580000)
  to   space 15360K, 0% used [0x00000000f8d00000,0x00000000f8d00000,0x00000000f9c00000)
 ParOldGen       total 139776K, used 104503K [0x00000000a0000000, 0x00000000a8880000, 0x00000000e0000000)
  object space 139776K, 74% used [0x00000000a0000000,0x00000000a660dfd8,0x00000000a8880000)
 Metaspace       used 76637K, capacity 79760K, committed 79960K, reserved 1118208K
  class space    used 9934K, capacity 10565K, committed 10624K, reserved 1048576K
GC Heap History (10 events):
Event: 9.042 GC heap before
{Heap before GC invocations=16 (full 3):
 PSYoungGen      total 284672K, used 752K [0x00000000e0000000, 0x00000000fa480000, 0x0000000100000000)
  eden space 261120K, 0% used [0x00000000e0000000,0x00000000e0000000,0x00000000eff00000)
  from space 23552K, 3% used [0x00000000eff00000,0x00000000effbc370,0x00000000f1600000)
  to   space 24064K, 0% used [0x00000000f8d00000,0x00000000f8d00000,0x00000000fa480000)
 ParOldGen       total 101888K, used 53825K [0x00000000a0000000, 0x00000000a6380000, 0x00000000e0000000)
  object space 101888K, 52% used [0x00000000a0000000,0x00000000a3490558,0x00000000a6380000)
 Metaspace       used 57233K, capacity 58986K, committed 59028K, reserved 1099776K
  class space    used 7748K, capacity 8150K, committed 8192K, reserved 1048576K
Event: 9.173 GC heap after
Heap after GC invocations=16 (full 3):
 PSYoungGen      total 284672K, used 0K [0x00000000e0000000, 0x00000000fa480000, 0x0000000100000000)
  eden space 261120K, 0% used [0x00000000e0000000,0x00000000e0000000,0x00000000eff00000)
  from space 23552K, 0% used [0x00000000eff00000,0x00000000eff00000,0x00000000f1600000)
  to   space 24064K, 0% used [0x00000000f8d00000,0x00000000f8d00000,0x00000000fa480000)
 ParOldGen       total 139776K, used 38821K [0x00000000a0000000, 0x00000000a8880000, 0x00000000e0000000)
  object space 139776K, 27% used [0x00000000a0000000,0x00000000a25e9728,0x00000000a8880000)
 Metaspace       used 57233K, capacity 58986K, committed 59028K, reserved 1099776K
  class space    used 7748K, capacity 8150K, committed 8192K, reserved 1048576K
}
Event: 34.573 GC heap before
{Heap before GC invocations=17 (full 3):
 PSYoungGen      total 284672K, used 260902K [0x00000000e0000000, 0x00000000fa480000, 0x0000000100000000)
  eden space 261120K, 99% used [0x00000000e0000000,0x00000000efec9a50,0x00000000eff00000)
  from space 23552K, 0% used [0x00000000eff00000,0x00000000eff00000,0x00000000f1600000)
  to   space 24064K, 0% used [0x00000000f8d00000,0x00000000f8d00000,0x00000000fa480000)
 ParOldGen       total 139776K, used 38821K [0x00000000a0000000, 0x00000000a8880000, 0x00000000e0000000)
  object space 139776K, 27% used [0x00000000a0000000,0x00000000a25e9728,0x00000000a8880000)
 Metaspace       used 60662K, capacity 62842K, committed 63064K, reserved 1103872K
  class space    used 8012K, capacity 8498K, committed 8576K, reserved 1048576K
Event: 34.581 GC heap after
Heap after GC invocations=17 (full 3):
 PSYoungGen      total 391168K, used 11122K [0x00000000e0000000, 0x00000000f9c00000, 0x0000000100000000)
  eden space 375808K, 0% used [0x00000000e0000000,0x00000000e0000000,0x00000000f6f00000)
  from space 15360K, 72% used [0x00000000f8d00000,0x00000000f97dca80,0x00000000f9c00000)
  to   space 23040K, 0% used [0x00000000f6f00000,0x00000000f6f00000,0x00000000f8580000)
 ParOldGen       total 139776K, used 38829K [0x00000000a0000000, 0x00000000a8880000, 0x00000000e0000000)
  object space 139776K, 27% used [0x00000000a0000000,0x00000000a25eb728,0x00000000a8880000)
 Metaspace       used 60662K, capacity 62842K, committed 63064K, reserved 1103872K
  class space    used 8012K, capacity 8498K, committed 8576K, reserved 1048576K
}
Event: 126.666 GC heap before
{Heap before GC invocations=18 (full 3):
 PSYoungGen      total 391168K, used 386930K [0x00000000e0000000, 0x00000000f9c00000, 0x0000000100000000)
  eden space 375808K, 100% used [0x00000000e0000000,0x00000000f6f00000,0x00000000f6f00000)
  from space 15360K, 72% used [0x00000000f8d00000,0x00000000f97dca80,0x00000000f9c00000)
  to   space 23040K, 0% used [0x00000000f6f00000,0x00000000f6f00000,0x00000000f8580000)
 ParOldGen       total 139776K, used 38829K [0x00000000a0000000, 0x00000000a8880000, 0x00000000e0000000)
  object space 139776K, 27% used [0x00000000a0000000,0x00000000a25eb728,0x00000000a8880000)
 Metaspace       used 74496K, capacity 77600K, committed 77784K, reserved 1116160K
  class space    used 9813K, capacity 10425K, committed 10496K, reserved 1048576K
Event: 126.709 GC heap after
Heap after GC invocations=18 (full 3):
 PSYoungGen      total 398848K, used 23035K [0x00000000e0000000, 0x00000000f9c00000, 0x0000000100000000)
  eden space 375808K, 0% used [0x00000000e0000000,0x00000000e0000000,0x00000000f6f00000)
  from space 23040K, 99% used [0x00000000f6f00000,0x00000000f857ec40,0x00000000f8580000)
  to   space 15360K, 0% used [0x00000000f8d00000,0x00000000f8d00000,0x00000000f9c00000)
 ParOldGen       total 139776K, used 74146K [0x00000000a0000000, 0x00000000a8880000, 0x00000000e0000000)
  object space 139776K, 53% used [0x00000000a0000000,0x00000000a4868be0,0x00000000a8880000)
 Metaspace       used 74496K, capacity 77600K, committed 77784K, reserved 1116160K
  class space    used 9813K, capacity 10425K, committed 10496K, reserved 1048576K
}
Event: 127.363 GC heap before
{Heap before GC invocations=19 (full 3):
 PSYoungGen      total 398848K, used 398036K [0x00000000e0000000, 0x00000000f9c00000, 0x0000000100000000)
  eden space 375808K, 99% used [0x00000000e0000000,0x00000000f6e36528,0x00000000f6f00000)
  from space 23040K, 99% used [0x00000000f6f00000,0x00000000f857ec40,0x00000000f8580000)
  to   space 15360K, 0% used [0x00000000f8d00000,0x00000000f8d00000,0x00000000f9c00000)
 ParOldGen       total 139776K, used 74146K [0x00000000a0000000, 0x00000000a8880000, 0x00000000e0000000)
  object space 139776K, 53% used [0x00000000a0000000,0x00000000a4868be0,0x00000000a8880000)
 Metaspace       used 74673K, capacity 77764K, committed 78040K, reserved 1116160K
  class space    used 9817K, capacity 10431K, committed 10496K, reserved 1048576K
Event: 127.388 GC heap after
Heap after GC invocations=19 (full 3):
 PSYoungGen      total 391168K, used 12515K [0x00000000e0000000, 0x00000000f9c00000, 0x0000000100000000)
  eden space 375808K, 0% used [0x00000000e0000000,0x00000000e0000000,0x00000000f6f00000)
  from space 15360K, 81% used [0x00000000f8d00000,0x00000000f9938f40,0x00000000f9c00000)
  to   space 23040K, 0% used [0x00000000f6f00000,0x00000000f6f00000,0x00000000f8580000)
 ParOldGen       total 139776K, used 100047K [0x00000000a0000000, 0x00000000a8880000, 0x00000000e0000000)
  object space 139776K, 71% used [0x00000000a0000000,0x00000000a61b3c68,0x00000000a8880000)
 Metaspace       used 74673K, capacity 77764K, committed 78040K, reserved 1116160K
  class space    used 9817K, capacity 10431K, committed 10496K, reserved 1048576K
}
Event: 313.553 GC heap before
{Heap before GC invocations=20 (full 3):
 PSYoungGen      total 391168K, used 388323K [0x00000000e0000000, 0x00000000f9c00000, 0x0000000100000000)
  eden space 375808K, 100% used [0x00000000e0000000,0x00000000f6f00000,0x00000000f6f00000)
  from space 15360K, 81% used [0x00000000f8d00000,0x00000000f9938f40,0x00000000f9c00000)
  to   space 23040K, 0% used [0x00000000f6f00000,0x00000000f6f00000,0x00000000f8580000)
 ParOldGen       total 139776K, used 100047K [0x00000000a0000000, 0x00000000a8880000, 0x00000000e0000000)
  object space 139776K, 71% used [0x00000000a0000000,0x00000000a61b3c68,0x00000000a8880000)
 Metaspace       used 75539K, capacity 78656K, committed 78808K, reserved 1118208K
  class space    used 9841K, capacity 10461K, committed 10496K, reserved 1048576K
Event: 313.561 GC heap after
Heap after GC invocations=20 (full 3):
 PSYoungGen      total 398848K, used 6991K [0x00000000e0000000, 0x00000000f9c00000, 0x0000000100000000)
  eden space 375808K, 0% used [0x00000000e0000000,0x00000000e0000000,0x00000000f6f00000)
  from space 23040K, 30% used [0x00000000f6f00000,0x00000000f75d3df8,0x00000000f8580000)
  to   space 15360K, 0% used [0x00000000f8d00000,0x00000000f8d00000,0x00000000f9c00000)
 ParOldGen       total 139776K, used 104503K [0x00000000a0000000, 0x00000000a8880000, 0x00000000e0000000)
  object space 139776K, 74% used [0x00000000a0000000,0x00000000a660dfd8,0x00000000a8880000)
 Metaspace       used 75539K, capacity 78656K, committed 78808K, reserved 1118208K
  class space    used 9841K, capacity 10461K, committed 10496K, reserved 1048576K
}

