# JRE version: OpenJDK Runtime Environment (8.0_152-b02) (build 1.8.0_152-release-1024-b02)
# Java VM: OpenJDK 64-Bit Server VM (25.152-b02 mixed mode windows-amd64 compressed oops)
Heap:
 PSYoungGen      total 160256K, used 54112K [0x00000000f5580000, 0x0000000100000000, 0x0000000100000000)
  eden space 146432K, 27% used [0x00000000f5580000,0x00000000f7cdfbe0,0x00000000fe480000)
  from space 13824K, 99% used [0x00000000fe480000,0x00000000ff1f84b8,0x00000000ff200000)
  to   space 14336K, 0% used [0x00000000ff200000,0x00000000ff200000,0x0000000100000000)
 ParOldGen       total 99328K, used 17808K [0x00000000e0000000, 0x00000000e6100000, 0x00000000f5580000)
  object space 99328K, 17% used [0x00000000e0000000,0x00000000e1164298,0x00000000e6100000)
 Metaspace       used 48929K, capacity 50240K, committed 50520K, reserved 1093632K
  class space    used 6662K, capacity 7017K, committed 7040K, reserved 1048576K
GC Heap History (10 events):
Event: 3.029 GC heap before
{Heap before GC invocations=5 (full 1):
 PSYoungGen      total 138240K, used 5104K [0x00000000f5580000, 0x00000000fe180000, 0x0000000100000000)
  eden space 133120K, 0% used [0x00000000f5580000,0x00000000f5580000,0x00000000fd780000)
  from space 5120K, 99% used [0x00000000fdc80000,0x00000000fe17c040,0x00000000fe180000)
  to   space 5120K, 0% used [0x00000000fd780000,0x00000000fd780000,0x00000000fdc80000)
 ParOldGen       total 87552K, used 8852K [0x00000000e0000000, 0x00000000e5580000, 0x00000000f5580000)
  object space 87552K, 10% used [0x00000000e0000000,0x00000000e08a5278,0x00000000e5580000)
 Metaspace       used 20671K, capacity 21066K, committed 21248K, reserved 1067008K
  class space    used 2876K, capacity 2989K, committed 3072K, reserved 1048576K
Event: 3.071 GC heap after
Heap after GC invocations=5 (full 1):
 PSYoungGen      total 138240K, used 0K [0x00000000f5580000, 0x00000000fe180000, 0x0000000100000000)
  eden space 133120K, 0% used [0x00000000f5580000,0x00000000f5580000,0x00000000fd780000)
  from space 5120K, 0% used [0x00000000fdc80000,0x00000000fdc80000,0x00000000fe180000)
  to   space 5120K, 0% used [0x00000000fd780000,0x00000000fd780000,0x00000000fdc80000)
 ParOldGen       total 64512K, used 9151K [0x00000000e0000000, 0x00000000e3f00000, 0x00000000f5580000)
  object space 64512K, 14% used [0x00000000e0000000,0x00000000e08efe48,0x00000000e3f00000)
 Metaspace       used 20671K, capacity 21066K, committed 21248K, reserved 1067008K
  class space    used 2876K, capacity 2989K, committed 3072K, reserved 1048576K
}
Event: 10.207 GC heap before
{Heap before GC invocations=6 (full 1):
 PSYoungGen      total 138240K, used 133120K [0x00000000f5580000, 0x00000000fe180000, 0x0000000100000000)
  eden space 133120K, 100% used [0x00000000f5580000,0x00000000fd780000,0x00000000fd780000)
  from space 5120K, 0% used [0x00000000fdc80000,0x00000000fdc80000,0x00000000fe180000)
  to   space 5120K, 0% used [0x00000000fd780000,0x00000000fd780000,0x00000000fdc80000)
 ParOldGen       total 64512K, used 9151K [0x00000000e0000000, 0x00000000e3f00000, 0x00000000f5580000)
  object space 64512K, 14% used [0x00000000e0000000,0x00000000e08efe48,0x00000000e3f00000)
 Metaspace       used 29723K, capacity 30168K, committed 30464K, reserved 1075200K
  class space    used 4157K, capacity 4305K, committed 4352K, reserved 1048576K
Event: 10.221 GC heap after
Heap after GC invocations=6 (full 1):
 PSYoungGen      total 138240K, used 5100K [0x00000000f5580000, 0x0000000100000000, 0x0000000100000000)
  eden space 133120K, 0% used [0x00000000f5580000,0x00000000f5580000,0x00000000fd780000)
  from space 5120K, 99% used [0x00000000fd780000,0x00000000fdc7b1d8,0x00000000fdc80000)
  to   space 14336K, 0% used [0x00000000ff200000,0x00000000ff200000,0x0000000100000000)
 ParOldGen       total 64512K, used 17088K [0x00000000e0000000, 0x00000000e3f00000, 0x00000000f5580000)
  object space 64512K, 26% used [0x00000000e0000000,0x00000000e10b0370,0x00000000e3f00000)
 Metaspace       used 29723K, capacity 30168K, committed 30464K, reserved 1075200K
  class space    used 4157K, capacity 4305K, committed 4352K, reserved 1048576K
}
Event: 11.109 GC heap before
{Heap before GC invocations=7 (full 1):
 PSYoungGen      total 138240K, used 32693K [0x00000000f5580000, 0x0000000100000000, 0x0000000100000000)
  eden space 133120K, 20% used [0x00000000f5580000,0x00000000f70724e0,0x00000000fd780000)
  from space 5120K, 99% used [0x00000000fd780000,0x00000000fdc7b1d8,0x00000000fdc80000)
  to   space 14336K, 0% used [0x00000000ff200000,0x00000000ff200000,0x0000000100000000)
 ParOldGen       total 64512K, used 17088K [0x00000000e0000000, 0x00000000e3f00000, 0x00000000f5580000)
  object space 64512K, 26% used [0x00000000e0000000,0x00000000e10b0370,0x00000000e3f00000)
 Metaspace       used 34744K, capacity 35272K, committed 35416K, reserved 1079296K
  class space    used 4761K, capacity 4950K, committed 4992K, reserved 1048576K
Event: 11.116 GC heap after
Heap after GC invocations=7 (full 1):
 PSYoungGen      total 160768K, used 9070K [0x00000000f5580000, 0x0000000100000000, 0x0000000100000000)
  eden space 146432K, 0% used [0x00000000f5580000,0x00000000f5580000,0x00000000fe480000)
  from space 14336K, 63% used [0x00000000ff200000,0x00000000ffadbb70,0x0000000100000000)
  to   space 13824K, 0% used [0x00000000fe480000,0x00000000fe480000,0x00000000ff200000)
 ParOldGen       total 64512K, used 17096K [0x00000000e0000000, 0x00000000e3f00000, 0x00000000f5580000)
  object space 64512K, 26% used [0x00000000e0000000,0x00000000e10b2370,0x00000000e3f00000)
 Metaspace       used 34744K, capacity 35272K, committed 35416K, reserved 1079296K
  class space    used 4761K, capacity 4950K, committed 4992K, reserved 1048576K
}
Event: 11.116 GC heap before
{Heap before GC invocations=8 (full 2):
 PSYoungGen      total 160768K, used 9070K [0x00000000f5580000, 0x0000000100000000, 0x0000000100000000)
  eden space 146432K, 0% used [0x00000000f5580000,0x00000000f5580000,0x00000000fe480000)
  from space 14336K, 63% used [0x00000000ff200000,0x00000000ffadbb70,0x0000000100000000)
  to   space 13824K, 0% used [0x00000000fe480000,0x00000000fe480000,0x00000000ff200000)
 ParOldGen       total 64512K, used 17096K [0x00000000e0000000, 0x00000000e3f00000, 0x00000000f5580000)
  object space 64512K, 26% used [0x00000000e0000000,0x00000000e10b2370,0x00000000e3f00000)
 Metaspace       used 34744K, capacity 35272K, committed 35416K, reserved 1079296K
  class space    used 4761K, capacity 4950K, committed 4992K, reserved 1048576K
Event: 11.173 GC heap after
Heap after GC invocations=8 (full 2):
 PSYoungGen      total 160768K, used 0K [0x00000000f5580000, 0x0000000100000000, 0x0000000100000000)
  eden space 146432K, 0% used [0x00000000f5580000,0x00000000f5580000,0x00000000fe480000)
  from space 14336K, 0% used [0x00000000ff200000,0x00000000ff200000,0x0000000100000000)
  to   space 13824K, 0% used [0x00000000fe480000,0x00000000fe480000,0x00000000ff200000)
 ParOldGen       total 99328K, used 16295K [0x00000000e0000000, 0x00000000e6100000, 0x00000000f5580000)
  object space 99328K, 16% used [0x00000000e0000000,0x00000000e0fe9cf0,0x00000000e6100000)
 Metaspace       used 34744K, capacity 35272K, committed 35416K, reserved 1079296K
  class space    used 4761K, capacity 4950K, committed 4992K, reserved 1048576K
}
Event: 13.380 GC heap before
{Heap before GC invocations=9 (full 2):
 PSYoungGen      total 160768K, used 146432K [0x00000000f5580000, 0x0000000100000000, 0x0000000100000000)
  eden space 146432K, 100% used [0x00000000f5580000,0x00000000fe480000,0x00000000fe480000)
  from space 14336K, 0% used [0x00000000ff200000,0x00000000ff200000,0x0000000100000000)
  to   space 13824K, 0% used [0x00000000fe480000,0x00000000fe480000,0x00000000ff200000)
 ParOldGen       total 99328K, used 16295K [0x00000000e0000000, 0x00000000e6100000, 0x00000000f5580000)
  object space 99328K, 16% used [0x00000000e0000000,0x00000000e0fe9cf0,0x00000000e6100000)
 Metaspace       used 45768K, capacity 46620K, committed 46936K, reserved 1089536K
  class space    used 6225K, capacity 6455K, committed 6528K, reserved 1048576K
Event: 13.392 GC heap after
Heap after GC invocations=9 (full 2):
 PSYoungGen      total 160256K, used 13793K [0x00000000f5580000, 0x0000000100000000, 0x0000000100000000)
  eden space 146432K, 0% used [0x00000000f5580000,0x00000000f5580000,0x00000000fe480000)
  from space 13824K, 99% used [0x00000000fe480000,0x00000000ff1f84b8,0x00000000ff200000)
  to   space 14336K, 0% used [0x00000000ff200000,0x00000000ff200000,0x0000000100000000)
 ParOldGen       total 99328K, used 17808K [0x00000000e0000000, 0x00000000e6100000, 0x00000000f5580000)
  object space 99328K, 17% used [0x00000000e0000000,0x00000000e1164298,0x00000000e6100000)
 Metaspace       used 45768K, capacity 46620K, committed 46936K, reserved 1089536K
  class space    used 6225K, capacity 6455K, committed 6528K, reserved 1048576K
}

