# JRE version: OpenJDK Runtime Environment (8.0_152-b02) (build 1.8.0_152-release-1024-b02)
# Java VM: OpenJDK 64-Bit Server VM (25.152-b02 mixed mode windows-amd64 compressed oops)
Heap:
 PSYoungGen      total 375808K, used 46996K [0x00000000e0000000, 0x00000000ffa80000, 0x0000000100000000)
  eden space 333824K, 13% used [0x00000000e0000000,0x00000000e2d2df18,0x00000000f4600000)
  from space 41984K, 1% used [0x00000000f4600000,0x00000000f46b73f0,0x00000000f6f00000)
  to   space 42496K, 0% used [0x00000000fd100000,0x00000000fd100000,0x00000000ffa80000)
 ParOldGen       total 147968K, used 120987K [0x00000000a0000000, 0x00000000a9080000, 0x00000000e0000000)
  object space 147968K, 81% used [0x00000000a0000000,0x00000000a7626d18,0x00000000a9080000)
 Metaspace       used 86756K, capacity 92160K, committed 92416K, reserved 1128448K
  class space    used 11383K, capacity 12461K, committed 12544K, reserved 1048576K
GC Heap History (10 events):
Event: 683.290 GC heap before
{Heap before GC invocations=18 (full 3):
 PSYoungGen      total 243200K, used 242739K [0x00000000e0000000, 0x00000000f3980000, 0x0000000100000000)
  eden space 221184K, 100% used [0x00000000e0000000,0x00000000ed800000,0x00000000ed800000)
  from space 22016K, 97% used [0x00000000f2400000,0x00000000f390cc48,0x00000000f3980000)
  to   space 32256K, 0% used [0x00000000efa80000,0x00000000efa80000,0x00000000f1a00000)
 ParOldGen       total 147968K, used 64269K [0x00000000a0000000, 0x00000000a9080000, 0x00000000e0000000)
  object space 147968K, 43% used [0x00000000a0000000,0x00000000a3ec36a8,0x00000000a9080000)
 Metaspace       used 84030K, capacity 89228K, committed 89472K, reserved 1126400K
  class space    used 11057K, capacity 12113K, committed 12160K, reserved 1048576K
Event: 683.338 GC heap after
Heap after GC invocations=18 (full 3):
 PSYoungGen      total 288768K, used 32230K [0x00000000e0000000, 0x00000000f5580000, 0x0000000100000000)
  eden space 256512K, 0% used [0x00000000e0000000,0x00000000e0000000,0x00000000efa80000)
  from space 32256K, 99% used [0x00000000efa80000,0x00000000f19f9bb8,0x00000000f1a00000)
  to   space 43008K, 0% used [0x00000000f2b80000,0x00000000f2b80000,0x00000000f5580000)
 ParOldGen       total 147968K, used 80440K [0x00000000a0000000, 0x00000000a9080000, 0x00000000e0000000)
  object space 147968K, 54% used [0x00000000a0000000,0x00000000a4e8e0e0,0x00000000a9080000)
 Metaspace       used 84030K, capacity 89228K, committed 89472K, reserved 1126400K
  class space    used 11057K, capacity 12113K, committed 12160K, reserved 1048576K
}
Event: 684.443 GC heap before
{Heap before GC invocations=19 (full 3):
 PSYoungGen      total 288768K, used 288405K [0x00000000e0000000, 0x00000000f5580000, 0x0000000100000000)
  eden space 256512K, 99% used [0x00000000e0000000,0x00000000efa2ba20,0x00000000efa80000)
  from space 32256K, 99% used [0x00000000efa80000,0x00000000f19f9bb8,0x00000000f1a00000)
  to   space 43008K, 0% used [0x00000000f2b80000,0x00000000f2b80000,0x00000000f5580000)
 ParOldGen       total 147968K, used 80440K [0x00000000a0000000, 0x00000000a9080000, 0x00000000e0000000)
  object space 147968K, 54% used [0x00000000a0000000,0x00000000a4e8e0e0,0x00000000a9080000)
 Metaspace       used 85338K, capacity 90670K, committed 91008K, reserved 1128448K
  class space    used 11232K, capacity 12306K, committed 12416K, reserved 1048576K
Event: 684.482 GC heap after
Heap after GC invocations=19 (full 3):
 PSYoungGen      total 305664K, used 27421K [0x00000000e0000000, 0x00000000f8e00000, 0x0000000100000000)
  eden space 262656K, 0% used [0x00000000e0000000,0x00000000e0000000,0x00000000f0080000)
  from space 43008K, 63% used [0x00000000f2b80000,0x00000000f4647738,0x00000000f5580000)
  to   space 44032K, 0% used [0x00000000f0080000,0x00000000f0080000,0x00000000f2b80000)
 ParOldGen       total 147968K, used 96389K [0x00000000a0000000, 0x00000000a9080000, 0x00000000e0000000)
  object space 147968K, 65% used [0x00000000a0000000,0x00000000a5e21530,0x00000000a9080000)
 Metaspace       used 85338K, capacity 90670K, committed 91008K, reserved 1128448K
  class space    used 11232K, capacity 12306K, committed 12416K, reserved 1048576K
}
Event: 684.538 GC heap before
{Heap before GC invocations=20 (full 3):
 PSYoungGen      total 305664K, used 290062K [0x00000000e0000000, 0x00000000f8e00000, 0x0000000100000000)
  eden space 262656K, 99% used [0x00000000e0000000,0x00000000f007c2a8,0x00000000f0080000)
  from space 43008K, 63% used [0x00000000f2b80000,0x00000000f4647738,0x00000000f5580000)
  to   space 44032K, 0% used [0x00000000f0080000,0x00000000f0080000,0x00000000f2b80000)
 ParOldGen       total 147968K, used 96389K [0x00000000a0000000, 0x00000000a9080000, 0x00000000e0000000)
  object space 147968K, 65% used [0x00000000a0000000,0x00000000a5e21530,0x00000000a9080000)
 Metaspace       used 85345K, capacity 90670K, committed 91008K, reserved 1128448K
  class space    used 11232K, capacity 12306K, committed 12416K, reserved 1048576K
Event: 684.554 GC heap after
Heap after GC invocations=20 (full 3):
 PSYoungGen      total 306688K, used 21378K [0x00000000e0000000, 0x00000000f9e00000, 0x0000000100000000)
  eden space 262656K, 0% used [0x00000000e0000000,0x00000000e0000000,0x00000000f0080000)
  from space 44032K, 48% used [0x00000000f0080000,0x00000000f15609b0,0x00000000f2b80000)
  to   space 41984K, 0% used [0x00000000f7500000,0x00000000f7500000,0x00000000f9e00000)
 ParOldGen       total 147968K, used 96397K [0x00000000a0000000, 0x00000000a9080000, 0x00000000e0000000)
  object space 147968K, 65% used [0x00000000a0000000,0x00000000a5e23530,0x00000000a9080000)
 Metaspace       used 85345K, capacity 90670K, committed 91008K, reserved 1128448K
  class space    used 11232K, capacity 12306K, committed 12416K, reserved 1048576K
}
Event: 693.680 GC heap before
{Heap before GC invocations=21 (full 3):
 PSYoungGen      total 306688K, used 283926K [0x00000000e0000000, 0x00000000f9e00000, 0x0000000100000000)
  eden space 262656K, 99% used [0x00000000e0000000,0x00000000f0064fc8,0x00000000f0080000)
  from space 44032K, 48% used [0x00000000f0080000,0x00000000f15609b0,0x00000000f2b80000)
  to   space 41984K, 0% used [0x00000000f7500000,0x00000000f7500000,0x00000000f9e00000)
 ParOldGen       total 147968K, used 96397K [0x00000000a0000000, 0x00000000a9080000, 0x00000000e0000000)
  object space 147968K, 65% used [0x00000000a0000000,0x00000000a5e23530,0x00000000a9080000)
 Metaspace       used 85882K, capacity 91286K, committed 91520K, reserved 1128448K
  class space    used 11293K, capacity 12374K, committed 12416K, reserved 1048576K
Event: 693.729 GC heap after
Heap after GC invocations=21 (full 3):
 PSYoungGen      total 369664K, used 6714K [0x00000000e0000000, 0x00000000f9800000, 0x0000000100000000)
  eden space 333824K, 0% used [0x00000000e0000000,0x00000000e0000000,0x00000000f4600000)
  from space 35840K, 18% used [0x00000000f7500000,0x00000000f7b8eae0,0x00000000f9800000)
  to   space 41984K, 0% used [0x00000000f4600000,0x00000000f4600000,0x00000000f6f00000)
 ParOldGen       total 147968K, used 115987K [0x00000000a0000000, 0x00000000a9080000, 0x00000000e0000000)
  object space 147968K, 78% used [0x00000000a0000000,0x00000000a7144c60,0x00000000a9080000)
 Metaspace       used 85882K, capacity 91286K, committed 91520K, reserved 1128448K
  class space    used 11293K, capacity 12374K, committed 12416K, reserved 1048576K
}
Event: 694.087 GC heap before
{Heap before GC invocations=22 (full 3):
 PSYoungGen      total 369664K, used 339783K [0x00000000e0000000, 0x00000000f9800000, 0x0000000100000000)
  eden space 333824K, 99% used [0x00000000e0000000,0x00000000f4543468,0x00000000f4600000)
  from space 35840K, 18% used [0x00000000f7500000,0x00000000f7b8eae0,0x00000000f9800000)
  to   space 41984K, 0% used [0x00000000f4600000,0x00000000f4600000,0x00000000f6f00000)
 ParOldGen       total 147968K, used 115987K [0x00000000a0000000, 0x00000000a9080000, 0x00000000e0000000)
  object space 147968K, 78% used [0x00000000a0000000,0x00000000a7144c60,0x00000000a9080000)
 Metaspace       used 85888K, capacity 91290K, committed 91520K, reserved 1128448K
  class space    used 11293K, capacity 12374K, committed 12416K, reserved 1048576K
Event: 694.143 GC heap after
Heap after GC invocations=22 (full 3):
 PSYoungGen      total 375808K, used 732K [0x00000000e0000000, 0x00000000ffa80000, 0x0000000100000000)
  eden space 333824K, 0% used [0x00000000e0000000,0x00000000e0000000,0x00000000f4600000)
  from space 41984K, 1% used [0x00000000f4600000,0x00000000f46b73f0,0x00000000f6f00000)
  to   space 42496K, 0% used [0x00000000fd100000,0x00000000fd100000,0x00000000ffa80000)
 ParOldGen       total 147968K, used 120987K [0x00000000a0000000, 0x00000000a9080000, 0x00000000e0000000)
  object space 147968K, 81% used [0x00000000a0000000,0x00000000a7626d18,0x00000000a9080000)
 Metaspace       used 85888K, capacity 91290K, committed 91520K, reserved 1128448K
  class space    used 11293K, capacity 12374K, committed 12416K, reserved 1048576K
}

