# JRE version: OpenJDK Runtime Environment (8.0_152-b02) (build 1.8.0_152-release-1024-b02)
# Java VM: OpenJDK 64-Bit Server VM (25.152-b02 mixed mode windows-amd64 compressed oops)
Heap:
 PSYoungGen      total 228864K, used 120455K [0x00000000e0000000, 0x00000000f0680000, 0x0000000100000000)
  eden space 202752K, 46% used [0x00000000e0000000,0x00000000e5c29cf8,0x00000000ec600000)
  from space 26112K, 99% used [0x00000000ee500000,0x00000000efe78100,0x00000000efe80000)
  to   space 31744K, 0% used [0x00000000ec600000,0x00000000ec600000,0x00000000ee500000)
 ParOldGen       total 155136K, used 49031K [0x00000000a0000000, 0x00000000a9780000, 0x00000000e0000000)
  object space 155136K, 31% used [0x00000000a0000000,0x00000000a2fe1d98,0x00000000a9780000)
 Metaspace       used 73918K, capacity 78262K, committed 78424K, reserved 1118208K
  class space    used 9818K, capacity 10612K, committed 10624K, reserved 1048576K
GC Heap History (10 events):
Event: 6.429 GC heap before
{Heap before GC invocations=11 (full 2):
 PSYoungGen      total 163840K, used 163829K [0x00000000e0000000, 0x00000000ecd00000, 0x0000000100000000)
  eden space 151040K, 100% used [0x00000000e0000000,0x00000000e9380000,0x00000000e9380000)
  from space 12800K, 99% used [0x00000000ea200000,0x00000000eae7d420,0x00000000eae80000)
  to   space 14848K, 0% used [0x00000000e9380000,0x00000000e9380000,0x00000000ea200000)
 ParOldGen       total 101376K, used 20531K [0x00000000a0000000, 0x00000000a6300000, 0x00000000e0000000)
  object space 101376K, 20% used [0x00000000a0000000,0x00000000a140cfa8,0x00000000a6300000)
 Metaspace       used 53154K, capacity 54794K, committed 55000K, reserved 1097728K
  class space    used 7270K, capacity 7634K, committed 7680K, reserved 1048576K
Event: 6.448 GC heap after
Heap after GC invocations=11 (full 2):
 PSYoungGen      total 165888K, used 14828K [0x00000000e0000000, 0x00000000edb80000, 0x0000000100000000)
  eden space 151040K, 0% used [0x00000000e0000000,0x00000000e0000000,0x00000000e9380000)
  from space 14848K, 99% used [0x00000000e9380000,0x00000000ea1fb030,0x00000000ea200000)
  to   space 20480K, 0% used [0x00000000ec780000,0x00000000ec780000,0x00000000edb80000)
 ParOldGen       total 101376K, used 29261K [0x00000000a0000000, 0x00000000a6300000, 0x00000000e0000000)
  object space 101376K, 28% used [0x00000000a0000000,0x00000000a1c93570,0x00000000a6300000)
 Metaspace       used 53154K, capacity 54794K, committed 55000K, reserved 1097728K
  class space    used 7270K, capacity 7634K, committed 7680K, reserved 1048576K
}
Event: 9.439 GC heap before
{Heap before GC invocations=12 (full 2):
 PSYoungGen      total 165888K, used 79614K [0x00000000e0000000, 0x00000000edb80000, 0x0000000100000000)
  eden space 151040K, 42% used [0x00000000e0000000,0x00000000e3f44980,0x00000000e9380000)
  from space 14848K, 99% used [0x00000000e9380000,0x00000000ea1fb030,0x00000000ea200000)
  to   space 20480K, 0% used [0x00000000ec780000,0x00000000ec780000,0x00000000edb80000)
 ParOldGen       total 101376K, used 29261K [0x00000000a0000000, 0x00000000a6300000, 0x00000000e0000000)
  object space 101376K, 28% used [0x00000000a0000000,0x00000000a1c93570,0x00000000a6300000)
 Metaspace       used 57283K, capacity 58882K, committed 58968K, reserved 1099776K
  class space    used 7840K, capacity 8276K, committed 8320K, reserved 1048576K
Event: 9.452 GC heap after
Heap after GC invocations=12 (full 2):
 PSYoungGen      total 197120K, used 14490K [0x00000000e0000000, 0x00000000ed880000, 0x0000000100000000)
  eden space 179712K, 0% used [0x00000000e0000000,0x00000000e0000000,0x00000000eaf80000)
  from space 17408K, 83% used [0x00000000ec780000,0x00000000ed5a6818,0x00000000ed880000)
  to   space 20992K, 0% used [0x00000000eaf80000,0x00000000eaf80000,0x00000000ec400000)
 ParOldGen       total 101376K, used 35576K [0x00000000a0000000, 0x00000000a6300000, 0x00000000e0000000)
  object space 101376K, 35% used [0x00000000a0000000,0x00000000a22be0a0,0x00000000a6300000)
 Metaspace       used 57283K, capacity 58882K, committed 58968K, reserved 1099776K
  class space    used 7840K, capacity 8276K, committed 8320K, reserved 1048576K
}
Event: 9.452 GC heap before
{Heap before GC invocations=13 (full 3):
 PSYoungGen      total 197120K, used 14490K [0x00000000e0000000, 0x00000000ed880000, 0x0000000100000000)
  eden space 179712K, 0% used [0x00000000e0000000,0x00000000e0000000,0x00000000eaf80000)
  from space 17408K, 83% used [0x00000000ec780000,0x00000000ed5a6818,0x00000000ed880000)
  to   space 20992K, 0% used [0x00000000eaf80000,0x00000000eaf80000,0x00000000ec400000)
 ParOldGen       total 101376K, used 35576K [0x00000000a0000000, 0x00000000a6300000, 0x00000000e0000000)
  object space 101376K, 35% used [0x00000000a0000000,0x00000000a22be0a0,0x00000000a6300000)
 Metaspace       used 57283K, capacity 58882K, committed 58968K, reserved 1099776K
  class space    used 7840K, capacity 8276K, committed 8320K, reserved 1048576K
Event: 9.579 GC heap after
Heap after GC invocations=13 (full 3):
 PSYoungGen      total 197120K, used 0K [0x00000000e0000000, 0x00000000ed880000, 0x0000000100000000)
  eden space 179712K, 0% used [0x00000000e0000000,0x00000000e0000000,0x00000000eaf80000)
  from space 17408K, 0% used [0x00000000ec780000,0x00000000ec780000,0x00000000ed880000)
  to   space 20992K, 0% used [0x00000000eaf80000,0x00000000eaf80000,0x00000000ec400000)
 ParOldGen       total 155136K, used 38107K [0x00000000a0000000, 0x00000000a9780000, 0x00000000e0000000)
  object space 155136K, 24% used [0x00000000a0000000,0x00000000a2536df0,0x00000000a9780000)
 Metaspace       used 57283K, capacity 58882K, committed 58968K, reserved 1099776K
  class space    used 7840K, capacity 8276K, committed 8320K, reserved 1048576K
}
Event: 113.427 GC heap before
{Heap before GC invocations=14 (full 3):
 PSYoungGen      total 197120K, used 179628K [0x00000000e0000000, 0x00000000ed880000, 0x0000000100000000)
  eden space 179712K, 99% used [0x00000000e0000000,0x00000000eaf6b090,0x00000000eaf80000)
  from space 17408K, 0% used [0x00000000ec780000,0x00000000ec780000,0x00000000ed880000)
  to   space 20992K, 0% used [0x00000000eaf80000,0x00000000eaf80000,0x00000000ec400000)
 ParOldGen       total 155136K, used 38107K [0x00000000a0000000, 0x00000000a9780000, 0x00000000e0000000)
  object space 155136K, 24% used [0x00000000a0000000,0x00000000a2536df0,0x00000000a9780000)
 Metaspace       used 63865K, capacity 65702K, committed 65880K, reserved 1105920K
  class space    used 8346K, capacity 8758K, committed 8832K, reserved 1048576K
Event: 113.446 GC heap after
Heap after GC invocations=14 (full 3):
 PSYoungGen      total 200704K, used 20969K [0x00000000e0000000, 0x00000000efe80000, 0x0000000100000000)
  eden space 179712K, 0% used [0x00000000e0000000,0x00000000e0000000,0x00000000eaf80000)
  from space 20992K, 99% used [0x00000000eaf80000,0x00000000ec3fa520,0x00000000ec400000)
  to   space 26112K, 0% used [0x00000000ee500000,0x00000000ee500000,0x00000000efe80000)
 ParOldGen       total 155136K, used 43655K [0x00000000a0000000, 0x00000000a9780000, 0x00000000e0000000)
  object space 155136K, 28% used [0x00000000a0000000,0x00000000a2aa1f38,0x00000000a9780000)
 Metaspace       used 63865K, capacity 65702K, committed 65880K, reserved 1105920K
  class space    used 8346K, capacity 8758K, committed 8832K, reserved 1048576K
}
Event: 119.737 GC heap before
{Heap before GC invocations=15 (full 3):
 PSYoungGen      total 200704K, used 200681K [0x00000000e0000000, 0x00000000efe80000, 0x0000000100000000)
  eden space 179712K, 100% used [0x00000000e0000000,0x00000000eaf80000,0x00000000eaf80000)
  from space 20992K, 99% used [0x00000000eaf80000,0x00000000ec3fa520,0x00000000ec400000)
  to   space 26112K, 0% used [0x00000000ee500000,0x00000000ee500000,0x00000000efe80000)
 ParOldGen       total 155136K, used 43655K [0x00000000a0000000, 0x00000000a9780000, 0x00000000e0000000)
  object space 155136K, 28% used [0x00000000a0000000,0x00000000a2aa1f38,0x00000000a9780000)
 Metaspace       used 71131K, capacity 74014K, committed 74200K, reserved 1114112K
  class space    used 9351K, capacity 9960K, committed 9984K, reserved 1048576K
Event: 119.759 GC heap after
Heap after GC invocations=15 (full 3):
 PSYoungGen      total 228864K, used 26080K [0x00000000e0000000, 0x00000000f0680000, 0x0000000100000000)
  eden space 202752K, 0% used [0x00000000e0000000,0x00000000e0000000,0x00000000ec600000)
  from space 26112K, 99% used [0x00000000ee500000,0x00000000efe78100,0x00000000efe80000)
  to   space 31744K, 0% used [0x00000000ec600000,0x00000000ec600000,0x00000000ee500000)
 ParOldGen       total 155136K, used 49031K [0x00000000a0000000, 0x00000000a9780000, 0x00000000e0000000)
  object space 155136K, 31% used [0x00000000a0000000,0x00000000a2fe1d98,0x00000000a9780000)
 Metaspace       used 71131K, capacity 74014K, committed 74200K, reserved 1114112K
  class space    used 9351K, capacity 9960K, committed 9984K, reserved 1048576K
}

