# JRE version: OpenJDK Runtime Environment (8.0_152-b02) (build 1.8.0_152-release-1024-b02)
# Java VM: OpenJDK 64-Bit Server VM (25.152-b02 mixed mode windows-amd64 compressed oops)
Heap:
 PSYoungGen      total 262144K, used 171786K [0x00000000e0000000, 0x00000000f4c80000, 0x0000000100000000)
  eden space 229376K, 69% used [0x00000000e0000000,0x00000000e9c6c790,0x00000000ee000000)
  from space 32768K, 35% used [0x00000000ee000000,0x00000000eeb56448,0x00000000f0000000)
  to   space 31744K, 0% used [0x00000000f2d80000,0x00000000f2d80000,0x00000000f4c80000)
 ParOldGen       total 146944K, used 58058K [0x00000000a0000000, 0x00000000a8f80000, 0x00000000e0000000)
  object space 146944K, 39% used [0x00000000a0000000,0x00000000a38b2b18,0x00000000a8f80000)
 Metaspace       used 69615K, capacity 73270K, committed 73432K, reserved 1112064K
  class space    used 9180K, capacity 9884K, committed 9984K, reserved 1048576K
GC Heap History (10 events):
Event: 9.793 GC heap before
{Heap before GC invocations=12 (full 2):
 PSYoungGen      total 174080K, used 91896K [0x00000000e0000000, 0x00000000ee500000, 0x0000000100000000)
  eden space 159232K, 48% used [0x00000000e0000000,0x00000000e4b42cb8,0x00000000e9b80000)
  from space 14848K, 99% used [0x00000000e9b80000,0x00000000ea9fb470,0x00000000eaa00000)
  to   space 19968K, 0% used [0x00000000ed180000,0x00000000ed180000,0x00000000ee500000)
 ParOldGen       total 98304K, used 29214K [0x00000000a0000000, 0x00000000a6000000, 0x00000000e0000000)
  object space 98304K, 29% used [0x00000000a0000000,0x00000000a1c87a28,0x00000000a6000000)
 Metaspace       used 57166K, capacity 58998K, committed 59028K, reserved 1099776K
  class space    used 7743K, capacity 8164K, committed 8192K, reserved 1048576K
Event: 9.807 GC heap after
Heap after GC invocations=12 (full 2):
 PSYoungGen      total 210432K, used 13417K [0x00000000e0000000, 0x00000000ee380000, 0x0000000100000000)
  eden space 192000K, 0% used [0x00000000e0000000,0x00000000e0000000,0x00000000ebb80000)
  from space 18432K, 72% used [0x00000000ed180000,0x00000000ede9a740,0x00000000ee380000)
  to   space 20480K, 0% used [0x00000000ebb80000,0x00000000ebb80000,0x00000000ecf80000)
 ParOldGen       total 98304K, used 35622K [0x00000000a0000000, 0x00000000a6000000, 0x00000000e0000000)
  object space 98304K, 36% used [0x00000000a0000000,0x00000000a22c9b80,0x00000000a6000000)
 Metaspace       used 57166K, capacity 58998K, committed 59028K, reserved 1099776K
  class space    used 7743K, capacity 8164K, committed 8192K, reserved 1048576K
}
Event: 9.807 GC heap before
{Heap before GC invocations=13 (full 3):
 PSYoungGen      total 210432K, used 13417K [0x00000000e0000000, 0x00000000ee380000, 0x0000000100000000)
  eden space 192000K, 0% used [0x00000000e0000000,0x00000000e0000000,0x00000000ebb80000)
  from space 18432K, 72% used [0x00000000ed180000,0x00000000ede9a740,0x00000000ee380000)
  to   space 20480K, 0% used [0x00000000ebb80000,0x00000000ebb80000,0x00000000ecf80000)
 ParOldGen       total 98304K, used 35622K [0x00000000a0000000, 0x00000000a6000000, 0x00000000e0000000)
  object space 98304K, 36% used [0x00000000a0000000,0x00000000a22c9b80,0x00000000a6000000)
 Metaspace       used 57166K, capacity 58998K, committed 59028K, reserved 1099776K
  class space    used 7743K, capacity 8164K, committed 8192K, reserved 1048576K
Event: 9.939 GC heap after
Heap after GC invocations=13 (full 3):
 PSYoungGen      total 210432K, used 0K [0x00000000e0000000, 0x00000000ee380000, 0x0000000100000000)
  eden space 192000K, 0% used [0x00000000e0000000,0x00000000e0000000,0x00000000ebb80000)
  from space 18432K, 0% used [0x00000000ed180000,0x00000000ed180000,0x00000000ee380000)
  to   space 20480K, 0% used [0x00000000ebb80000,0x00000000ebb80000,0x00000000ecf80000)
 ParOldGen       total 146944K, used 34559K [0x00000000a0000000, 0x00000000a8f80000, 0x00000000e0000000)
  object space 146944K, 23% used [0x00000000a0000000,0x00000000a21bfd40,0x00000000a8f80000)
 Metaspace       used 57079K, capacity 58778K, committed 59028K, reserved 1099776K
  class space    used 7712K, capacity 8110K, committed 8192K, reserved 1048576K
}
Event: 11.252 GC heap before
{Heap before GC invocations=14 (full 3):
 PSYoungGen      total 210432K, used 192000K [0x00000000e0000000, 0x00000000ee380000, 0x0000000100000000)
  eden space 192000K, 100% used [0x00000000e0000000,0x00000000ebb80000,0x00000000ebb80000)
  from space 18432K, 0% used [0x00000000ed180000,0x00000000ed180000,0x00000000ee380000)
  to   space 20480K, 0% used [0x00000000ebb80000,0x00000000ebb80000,0x00000000ecf80000)
 ParOldGen       total 146944K, used 34559K [0x00000000a0000000, 0x00000000a8f80000, 0x00000000e0000000)
  object space 146944K, 23% used [0x00000000a0000000,0x00000000a21bfd40,0x00000000a8f80000)
 Metaspace       used 63851K, capacity 66976K, committed 67160K, reserved 1107968K
  class space    used 8716K, capacity 9325K, committed 9344K, reserved 1048576K
Event: 11.278 GC heap after
Heap after GC invocations=14 (full 3):
 PSYoungGen      total 212480K, used 20470K [0x00000000e0000000, 0x00000000f1c00000, 0x0000000100000000)
  eden space 192000K, 0% used [0x00000000e0000000,0x00000000e0000000,0x00000000ebb80000)
  from space 20480K, 99% used [0x00000000ebb80000,0x00000000ecf7db00,0x00000000ecf80000)
  to   space 28672K, 0% used [0x00000000f0000000,0x00000000f0000000,0x00000000f1c00000)
 ParOldGen       total 146944K, used 49450K [0x00000000a0000000, 0x00000000a8f80000, 0x00000000e0000000)
  object space 146944K, 33% used [0x00000000a0000000,0x00000000a304a9a0,0x00000000a8f80000)
 Metaspace       used 63851K, capacity 66976K, committed 67160K, reserved 1107968K
  class space    used 8716K, capacity 9325K, committed 9344K, reserved 1048576K
}
Event: 12.573 GC heap before
{Heap before GC invocations=15 (full 3):
 PSYoungGen      total 212480K, used 212470K [0x00000000e0000000, 0x00000000f1c00000, 0x0000000100000000)
  eden space 192000K, 100% used [0x00000000e0000000,0x00000000ebb80000,0x00000000ebb80000)
  from space 20480K, 99% used [0x00000000ebb80000,0x00000000ecf7db00,0x00000000ecf80000)
  to   space 28672K, 0% used [0x00000000f0000000,0x00000000f0000000,0x00000000f1c00000)
 ParOldGen       total 146944K, used 49450K [0x00000000a0000000, 0x00000000a8f80000, 0x00000000e0000000)
  object space 146944K, 33% used [0x00000000a0000000,0x00000000a304a9a0,0x00000000a8f80000)
 Metaspace       used 64279K, capacity 67358K, committed 67416K, reserved 1107968K
  class space    used 8736K, capacity 9334K, committed 9344K, reserved 1048576K
Event: 12.603 GC heap after
Heap after GC invocations=15 (full 3):
 PSYoungGen      total 258048K, used 28646K [0x00000000e0000000, 0x00000000f2880000, 0x0000000100000000)
  eden space 229376K, 0% used [0x00000000e0000000,0x00000000e0000000,0x00000000ee000000)
  from space 28672K, 99% used [0x00000000f0000000,0x00000000f1bf99b0,0x00000000f1c00000)
  to   space 32768K, 0% used [0x00000000ee000000,0x00000000ee000000,0x00000000f0000000)
 ParOldGen       total 146944K, used 49561K [0x00000000a0000000, 0x00000000a8f80000, 0x00000000e0000000)
  object space 146944K, 33% used [0x00000000a0000000,0x00000000a30667e0,0x00000000a8f80000)
 Metaspace       used 64279K, capacity 67358K, committed 67416K, reserved 1107968K
  class space    used 8736K, capacity 9334K, committed 9344K, reserved 1048576K
}
Event: 29.926 GC heap before
{Heap before GC invocations=16 (full 3):
 PSYoungGen      total 258048K, used 257915K [0x00000000e0000000, 0x00000000f2880000, 0x0000000100000000)
  eden space 229376K, 99% used [0x00000000e0000000,0x00000000edfe5640,0x00000000ee000000)
  from space 28672K, 99% used [0x00000000f0000000,0x00000000f1bf99b0,0x00000000f1c00000)
  to   space 32768K, 0% used [0x00000000ee000000,0x00000000ee000000,0x00000000f0000000)
 ParOldGen       total 146944K, used 49561K [0x00000000a0000000, 0x00000000a8f80000, 0x00000000e0000000)
  object space 146944K, 33% used [0x00000000a0000000,0x00000000a30667e0,0x00000000a8f80000)
 Metaspace       used 69228K, capacity 72816K, committed 73048K, reserved 1112064K
  class space    used 9175K, capacity 9851K, committed 9856K, reserved 1048576K
Event: 29.970 GC heap after
Heap after GC invocations=16 (full 3):
 PSYoungGen      total 262144K, used 11609K [0x00000000e0000000, 0x00000000f4c80000, 0x0000000100000000)
  eden space 229376K, 0% used [0x00000000e0000000,0x00000000e0000000,0x00000000ee000000)
  from space 32768K, 35% used [0x00000000ee000000,0x00000000eeb56448,0x00000000f0000000)
  to   space 31744K, 0% used [0x00000000f2d80000,0x00000000f2d80000,0x00000000f4c80000)
 ParOldGen       total 146944K, used 58058K [0x00000000a0000000, 0x00000000a8f80000, 0x00000000e0000000)
  object space 146944K, 39% used [0x00000000a0000000,0x00000000a38b2b18,0x00000000a8f80000)
 Metaspace       used 69228K, capacity 72816K, committed 73048K, reserved 1112064K
  class space    used 9175K, capacity 9851K, committed 9856K, reserved 1048576K
}

