# JRE version: OpenJDK Runtime Environment (8.0_152-b02) (build 1.8.0_152-release-1024-b02)
# Java VM: OpenJDK 64-Bit Server VM (25.152-b02 mixed mode windows-amd64 compressed oops)
Heap:
 PSYoungGen      total 310784K, used 308462K [0x00000000e0000000, 0x00000000f7280000, 0x0000000100000000)
  eden space 275968K, 99% used [0x00000000e0000000,0x00000000f0b3c620,0x00000000f0d80000)
  from space 34816K, 99% used [0x00000000f3900000,0x00000000f5aff548,0x00000000f5b00000)
  to   space 44544K, 0% used [0x00000000f0d80000,0x00000000f0d80000,0x00000000f3900000)
 ParOldGen       total 161792K, used 102324K [0x00000000a0000000, 0x00000000a9e00000, 0x00000000e0000000)
  object space 161792K, 63% used [0x00000000a0000000,0x00000000a63ed208,0x00000000a9e00000)
 Metaspace       used 79622K, capacity 83956K, committed 84184K, reserved 1122304K
  class space    used 10312K, capacity 11175K, committed 11264K, reserved 1048576K
GC Heap History (10 events):
Event: 22.402 GC heap before
{Heap before GC invocations=15 (full 3):
 PSYoungGen      total 214016K, used 199462K [0x00000000e0000000, 0x00000000f0600000, 0x0000000100000000)
  eden space 187904K, 100% used [0x00000000e0000000,0x00000000eb780000,0x00000000eb780000)
  from space 26112K, 44% used [0x00000000eb780000,0x00000000ec2c9938,0x00000000ed100000)
  to   space 24576K, 0% used [0x00000000eee00000,0x00000000eee00000,0x00000000f0600000)
 ParOldGen       total 161792K, used 48771K [0x00000000a0000000, 0x00000000a9e00000, 0x00000000e0000000)
  object space 161792K, 30% used [0x00000000a0000000,0x00000000a2fa0c00,0x00000000a9e00000)
 Metaspace       used 72614K, capacity 76192K, committed 76504K, reserved 1116160K
  class space    used 9675K, capacity 10377K, committed 10496K, reserved 1048576K
Event: 22.436 GC heap after
Heap after GC invocations=15 (full 3):
 PSYoungGen      total 230400K, used 24569K [0x00000000e0000000, 0x00000000f2700000, 0x0000000100000000)
  eden space 205824K, 0% used [0x00000000e0000000,0x00000000e0000000,0x00000000ec900000)
  from space 24576K, 99% used [0x00000000eee00000,0x00000000f05fe610,0x00000000f0600000)
  to   space 37888K, 0% used [0x00000000ec900000,0x00000000ec900000,0x00000000eee00000)
 ParOldGen       total 161792K, used 75738K [0x00000000a0000000, 0x00000000a9e00000, 0x00000000e0000000)
  object space 161792K, 46% used [0x00000000a0000000,0x00000000a49f6b60,0x00000000a9e00000)
 Metaspace       used 72614K, capacity 76192K, committed 76504K, reserved 1116160K
  class space    used 9675K, capacity 10377K, committed 10496K, reserved 1048576K
}
Event: 23.363 GC heap before
{Heap before GC invocations=16 (full 3):
 PSYoungGen      total 230400K, used 229412K [0x00000000e0000000, 0x00000000f2700000, 0x0000000100000000)
  eden space 205824K, 99% used [0x00000000e0000000,0x00000000ec80ab20,0x00000000ec900000)
  from space 24576K, 99% used [0x00000000eee00000,0x00000000f05fe610,0x00000000f0600000)
  to   space 37888K, 0% used [0x00000000ec900000,0x00000000ec900000,0x00000000eee00000)
 ParOldGen       total 161792K, used 75738K [0x00000000a0000000, 0x00000000a9e00000, 0x00000000e0000000)
  object space 161792K, 46% used [0x00000000a0000000,0x00000000a49f6b60,0x00000000a9e00000)
 Metaspace       used 74597K, capacity 78336K, committed 78552K, reserved 1118208K
  class space    used 9911K, capacity 10639K, committed 10752K, reserved 1048576K
Event: 23.384 GC heap after
Heap after GC invocations=16 (full 3):
 PSYoungGen      total 243712K, used 14005K [0x00000000e0000000, 0x00000000f3f00000, 0x0000000100000000)
  eden space 205824K, 0% used [0x00000000e0000000,0x00000000e0000000,0x00000000ec900000)
  from space 37888K, 36% used [0x00000000ec900000,0x00000000ed6ad6e8,0x00000000eee00000)
  to   space 36352K, 0% used [0x00000000f1b80000,0x00000000f1b80000,0x00000000f3f00000)
 ParOldGen       total 161792K, used 92011K [0x00000000a0000000, 0x00000000a9e00000, 0x00000000e0000000)
  object space 161792K, 56% used [0x00000000a0000000,0x00000000a59dad58,0x00000000a9e00000)
 Metaspace       used 74597K, capacity 78336K, committed 78552K, reserved 1118208K
  class space    used 9911K, capacity 10639K, committed 10752K, reserved 1048576K
}
Event: 161.764 GC heap before
{Heap before GC invocations=17 (full 3):
 PSYoungGen      total 243712K, used 219829K [0x00000000e0000000, 0x00000000f3f00000, 0x0000000100000000)
  eden space 205824K, 100% used [0x00000000e0000000,0x00000000ec900000,0x00000000ec900000)
  from space 37888K, 36% used [0x00000000ec900000,0x00000000ed6ad6e8,0x00000000eee00000)
  to   space 36352K, 0% used [0x00000000f1b80000,0x00000000f1b80000,0x00000000f3f00000)
 ParOldGen       total 161792K, used 92011K [0x00000000a0000000, 0x00000000a9e00000, 0x00000000e0000000)
  object space 161792K, 56% used [0x00000000a0000000,0x00000000a59dad58,0x00000000a9e00000)
 Metaspace       used 77743K, capacity 81560K, committed 81624K, reserved 1120256K
  class space    used 10235K, capacity 10967K, committed 11008K, reserved 1048576K
Event: 161.771 GC heap after
Heap after GC invocations=17 (full 3):
 PSYoungGen      total 273920K, used 5202K [0x00000000e0000000, 0x00000000f3680000, 0x0000000100000000)
  eden space 246272K, 0% used [0x00000000e0000000,0x00000000e0000000,0x00000000ef080000)
  from space 27648K, 18% used [0x00000000f1b80000,0x00000000f2094b40,0x00000000f3680000)
  to   space 35840K, 0% used [0x00000000ef080000,0x00000000ef080000,0x00000000f1380000)
 ParOldGen       total 161792K, used 92019K [0x00000000a0000000, 0x00000000a9e00000, 0x00000000e0000000)
  object space 161792K, 56% used [0x00000000a0000000,0x00000000a59dcd58,0x00000000a9e00000)
 Metaspace       used 77743K, capacity 81560K, committed 81624K, reserved 1120256K
  class space    used 10235K, capacity 10967K, committed 11008K, reserved 1048576K
}
Event: 332.496 GC heap before
{Heap before GC invocations=18 (full 3):
 PSYoungGen      total 273920K, used 251474K [0x00000000e0000000, 0x00000000f3680000, 0x0000000100000000)
  eden space 246272K, 100% used [0x00000000e0000000,0x00000000ef080000,0x00000000ef080000)
  from space 27648K, 18% used [0x00000000f1b80000,0x00000000f2094b40,0x00000000f3680000)
  to   space 35840K, 0% used [0x00000000ef080000,0x00000000ef080000,0x00000000f1380000)
 ParOldGen       total 161792K, used 92019K [0x00000000a0000000, 0x00000000a9e00000, 0x00000000e0000000)
  object space 161792K, 56% used [0x00000000a0000000,0x00000000a59dcd58,0x00000000a9e00000)
 Metaspace       used 78766K, capacity 82874K, committed 83032K, reserved 1122304K
  class space    used 10283K, capacity 11126K, committed 11136K, reserved 1048576K
Event: 332.504 GC heap after
Heap after GC invocations=18 (full 3):
 PSYoungGen      total 282112K, used 7828K [0x00000000e0000000, 0x00000000f5b00000, 0x0000000100000000)
  eden space 246272K, 0% used [0x00000000e0000000,0x00000000e0000000,0x00000000ef080000)
  from space 35840K, 21% used [0x00000000ef080000,0x00000000ef825338,0x00000000f1380000)
  to   space 34816K, 0% used [0x00000000f3900000,0x00000000f3900000,0x00000000f5b00000)
 ParOldGen       total 161792K, used 92027K [0x00000000a0000000, 0x00000000a9e00000, 0x00000000e0000000)
  object space 161792K, 56% used [0x00000000a0000000,0x00000000a59ded58,0x00000000a9e00000)
 Metaspace       used 78766K, capacity 82874K, committed 83032K, reserved 1122304K
  class space    used 10283K, capacity 11126K, committed 11136K, reserved 1048576K
}
Event: 335.900 GC heap before
{Heap before GC invocations=19 (full 3):
 PSYoungGen      total 282112K, used 254100K [0x00000000e0000000, 0x00000000f5b00000, 0x0000000100000000)
  eden space 246272K, 100% used [0x00000000e0000000,0x00000000ef080000,0x00000000ef080000)
  from space 35840K, 21% used [0x00000000ef080000,0x00000000ef825338,0x00000000f1380000)
  to   space 34816K, 0% used [0x00000000f3900000,0x00000000f3900000,0x00000000f5b00000)
 ParOldGen       total 161792K, used 92027K [0x00000000a0000000, 0x00000000a9e00000, 0x00000000e0000000)
  object space 161792K, 56% used [0x00000000a0000000,0x00000000a59ded58,0x00000000a9e00000)
 Metaspace       used 79150K, capacity 83458K, committed 83672K, reserved 1122304K
  class space    used 10295K, capacity 11146K, committed 11264K, reserved 1048576K
Event: 335.943 GC heap after
Heap after GC invocations=19 (full 3):
 PSYoungGen      total 310784K, used 34813K [0x00000000e0000000, 0x00000000f7280000, 0x0000000100000000)
  eden space 275968K, 0% used [0x00000000e0000000,0x00000000e0000000,0x00000000f0d80000)
  from space 34816K, 99% used [0x00000000f3900000,0x00000000f5aff548,0x00000000f5b00000)
  to   space 44544K, 0% used [0x00000000f0d80000,0x00000000f0d80000,0x00000000f3900000)
 ParOldGen       total 161792K, used 102324K [0x00000000a0000000, 0x00000000a9e00000, 0x00000000e0000000)
  object space 161792K, 63% used [0x00000000a0000000,0x00000000a63ed208,0x00000000a9e00000)
 Metaspace       used 79150K, capacity 83458K, committed 83672K, reserved 1122304K
  class space    used 10295K, capacity 11146K, committed 11264K, reserved 1048576K
}

