# JRE version: OpenJDK Runtime Environment (8.0_152-b02) (build 1.8.0_152-release-1024-b02)
# Java VM: OpenJDK 64-Bit Server VM (25.152-b02 mixed mode windows-amd64 compressed oops)
Heap:
 PSYoungGen      total 100864K, used 91011K [0x00000000e0000000, 0x00000000e6d80000, 0x0000000100000000)
  eden space 91648K, 90% used [0x00000000e0000000,0x00000000e50c2990,0x00000000e5980000)
  from space 9216K, 90% used [0x00000000e6480000,0x00000000e6c9e510,0x00000000e6d80000)
  to   space 10240K, 0% used [0x00000000e5980000,0x00000000e5980000,0x00000000e6380000)
 ParOldGen       total 79872K, used 18564K [0x00000000a0000000, 0x00000000a4e00000, 0x00000000e0000000)
  object space 79872K, 23% used [0x00000000a0000000,0x00000000a1221180,0x00000000a4e00000)
 Metaspace       used 51232K, capacity 52848K, committed 53080K, reserved 1095680K
  class space    used 7060K, capacity 7461K, committed 7552K, reserved 1048576K
GC Heap History (10 events):
Event: 11.316 GC heap before
{Heap before GC invocations=10 (full 1):
 PSYoungGen      total 60416K, used 56562K [0x00000000e0000000, 0x00000000e4400000, 0x0000000100000000)
  eden space 50688K, 100% used [0x00000000e0000000,0x00000000e3180000,0x00000000e3180000)
  from space 9728K, 60% used [0x00000000e3a80000,0x00000000e403c850,0x00000000e4400000)
  to   space 9216K, 0% used [0x00000000e3180000,0x00000000e3180000,0x00000000e3a80000)
 ParOldGen       total 59904K, used 7886K [0x00000000a0000000, 0x00000000a3a80000, 0x00000000e0000000)
  object space 59904K, 13% used [0x00000000a0000000,0x00000000a07b3898,0x00000000a3a80000)
 Metaspace       used 33673K, capacity 34334K, committed 34432K, reserved 1079296K
  class space    used 4700K, capacity 4897K, committed 4992K, reserved 1048576K
Event: 11.323 GC heap after
Heap after GC invocations=10 (full 1):
 PSYoungGen      total 59904K, used 8628K [0x00000000e0000000, 0x00000000e5500000, 0x0000000100000000)
  eden space 50688K, 0% used [0x00000000e0000000,0x00000000e0000000,0x00000000e3180000)
  from space 9216K, 93% used [0x00000000e3180000,0x00000000e39ed108,0x00000000e3a80000)
  to   space 10240K, 0% used [0x00000000e4b00000,0x00000000e4b00000,0x00000000e5500000)
 ParOldGen       total 59904K, used 9530K [0x00000000a0000000, 0x00000000a3a80000, 0x00000000e0000000)
  object space 59904K, 15% used [0x00000000a0000000,0x00000000a094e918,0x00000000a3a80000)
 Metaspace       used 33673K, capacity 34334K, committed 34432K, reserved 1079296K
  class space    used 4700K, capacity 4897K, committed 4992K, reserved 1048576K
}
Event: 11.412 GC heap before
{Heap before GC invocations=11 (full 1):
 PSYoungGen      total 59904K, used 13338K [0x00000000e0000000, 0x00000000e5500000, 0x0000000100000000)
  eden space 50688K, 9% used [0x00000000e0000000,0x00000000e04999d0,0x00000000e3180000)
  from space 9216K, 93% used [0x00000000e3180000,0x00000000e39ed108,0x00000000e3a80000)
  to   space 10240K, 0% used [0x00000000e4b00000,0x00000000e4b00000,0x00000000e5500000)
 ParOldGen       total 59904K, used 9530K [0x00000000a0000000, 0x00000000a3a80000, 0x00000000e0000000)
  object space 59904K, 15% used [0x00000000a0000000,0x00000000a094e918,0x00000000a3a80000)
 Metaspace       used 34598K, capacity 35190K, committed 35416K, reserved 1079296K
  class space    used 4782K, capacity 4971K, committed 4992K, reserved 1048576K
Event: 11.416 GC heap after
Heap after GC invocations=11 (full 1):
 PSYoungGen      total 76800K, used 4655K [0x00000000e0000000, 0x00000000e5b80000, 0x0000000100000000)
  eden space 66560K, 0% used [0x00000000e0000000,0x00000000e0000000,0x00000000e4100000)
  from space 10240K, 45% used [0x00000000e4b00000,0x00000000e4f8bf70,0x00000000e5500000)
  to   space 10240K, 0% used [0x00000000e4100000,0x00000000e4100000,0x00000000e4b00000)
 ParOldGen       total 59904K, used 11054K [0x00000000a0000000, 0x00000000a3a80000, 0x00000000e0000000)
  object space 59904K, 18% used [0x00000000a0000000,0x00000000a0acb938,0x00000000a3a80000)
 Metaspace       used 34598K, capacity 35190K, committed 35416K, reserved 1079296K
  class space    used 4782K, capacity 4971K, committed 4992K, reserved 1048576K
}
Event: 11.416 GC heap before
{Heap before GC invocations=12 (full 2):
 PSYoungGen      total 76800K, used 4655K [0x00000000e0000000, 0x00000000e5b80000, 0x0000000100000000)
  eden space 66560K, 0% used [0x00000000e0000000,0x00000000e0000000,0x00000000e4100000)
  from space 10240K, 45% used [0x00000000e4b00000,0x00000000e4f8bf70,0x00000000e5500000)
  to   space 10240K, 0% used [0x00000000e4100000,0x00000000e4100000,0x00000000e4b00000)
 ParOldGen       total 59904K, used 11054K [0x00000000a0000000, 0x00000000a3a80000, 0x00000000e0000000)
  object space 59904K, 18% used [0x00000000a0000000,0x00000000a0acb938,0x00000000a3a80000)
 Metaspace       used 34598K, capacity 35190K, committed 35416K, reserved 1079296K
  class space    used 4782K, capacity 4971K, committed 4992K, reserved 1048576K
Event: 11.475 GC heap after
Heap after GC invocations=12 (full 2):
 PSYoungGen      total 76800K, used 0K [0x00000000e0000000, 0x00000000e5b80000, 0x0000000100000000)
  eden space 66560K, 0% used [0x00000000e0000000,0x00000000e0000000,0x00000000e4100000)
  from space 10240K, 0% used [0x00000000e4b00000,0x00000000e4b00000,0x00000000e5500000)
  to   space 10240K, 0% used [0x00000000e4100000,0x00000000e4100000,0x00000000e4b00000)
 ParOldGen       total 79872K, used 14204K [0x00000000a0000000, 0x00000000a4e00000, 0x00000000e0000000)
  object space 79872K, 17% used [0x00000000a0000000,0x00000000a0ddf298,0x00000000a4e00000)
 Metaspace       used 34598K, capacity 35190K, committed 35416K, reserved 1079296K
  class space    used 4782K, capacity 4971K, committed 4992K, reserved 1048576K
}
Event: 12.273 GC heap before
{Heap before GC invocations=13 (full 2):
 PSYoungGen      total 76800K, used 66560K [0x00000000e0000000, 0x00000000e5b80000, 0x0000000100000000)
  eden space 66560K, 100% used [0x00000000e0000000,0x00000000e4100000,0x00000000e4100000)
  from space 10240K, 0% used [0x00000000e4b00000,0x00000000e4b00000,0x00000000e5500000)
  to   space 10240K, 0% used [0x00000000e4100000,0x00000000e4100000,0x00000000e4b00000)
 ParOldGen       total 79872K, used 14204K [0x00000000a0000000, 0x00000000a4e00000, 0x00000000e0000000)
  object space 79872K, 17% used [0x00000000a0000000,0x00000000a0ddf298,0x00000000a4e00000)
 Metaspace       used 37905K, capacity 38596K, committed 38744K, reserved 1083392K
  class space    used 5182K, capacity 5400K, committed 5504K, reserved 1048576K
Event: 12.278 GC heap after
Heap after GC invocations=13 (full 2):
 PSYoungGen      total 76800K, used 6470K [0x00000000e0000000, 0x00000000e6e00000, 0x0000000100000000)
  eden space 66560K, 0% used [0x00000000e0000000,0x00000000e0000000,0x00000000e4100000)
  from space 10240K, 63% used [0x00000000e4100000,0x00000000e4751a68,0x00000000e4b00000)
  to   space 9728K, 0% used [0x00000000e6480000,0x00000000e6480000,0x00000000e6e00000)
 ParOldGen       total 79872K, used 14212K [0x00000000a0000000, 0x00000000a4e00000, 0x00000000e0000000)
  object space 79872K, 17% used [0x00000000a0000000,0x00000000a0de1298,0x00000000a4e00000)
 Metaspace       used 37905K, capacity 38596K, committed 38744K, reserved 1083392K
  class space    used 5182K, capacity 5400K, committed 5504K, reserved 1048576K
}
Event: 14.006 GC heap before
{Heap before GC invocations=14 (full 2):
 PSYoungGen      total 76800K, used 73030K [0x00000000e0000000, 0x00000000e6e00000, 0x0000000100000000)
  eden space 66560K, 100% used [0x00000000e0000000,0x00000000e4100000,0x00000000e4100000)
  from space 10240K, 63% used [0x00000000e4100000,0x00000000e4751a68,0x00000000e4b00000)
  to   space 9728K, 0% used [0x00000000e6480000,0x00000000e6480000,0x00000000e6e00000)
 ParOldGen       total 79872K, used 14212K [0x00000000a0000000, 0x00000000a4e00000, 0x00000000e0000000)
  object space 79872K, 17% used [0x00000000a0000000,0x00000000a0de1298,0x00000000a4e00000)
 Metaspace       used 44289K, capacity 45220K, committed 45272K, reserved 1087488K
  class space    used 6104K, capacity 6377K, committed 6400K, reserved 1048576K
Event: 14.016 GC heap after
Heap after GC invocations=14 (full 2):
 PSYoungGen      total 100864K, used 8313K [0x00000000e0000000, 0x00000000e6d80000, 0x0000000100000000)
  eden space 91648K, 0% used [0x00000000e0000000,0x00000000e0000000,0x00000000e5980000)
  from space 9216K, 90% used [0x00000000e6480000,0x00000000e6c9e510,0x00000000e6d80000)
  to   space 10240K, 0% used [0x00000000e5980000,0x00000000e5980000,0x00000000e6380000)
 ParOldGen       total 79872K, used 18564K [0x00000000a0000000, 0x00000000a4e00000, 0x00000000e0000000)
  object space 79872K, 23% used [0x00000000a0000000,0x00000000a1221180,0x00000000a4e00000)
 Metaspace       used 44289K, capacity 45220K, committed 45272K, reserved 1087488K
  class space    used 6104K, capacity 6377K, committed 6400K, reserved 1048576K
}

