# JRE version: OpenJDK Runtime Environment (8.0_152-b02) (build 1.8.0_152-release-1024-b02)
# Java VM: OpenJDK 64-Bit Server VM (25.152-b02 mixed mode windows-amd64 compressed oops)
Heap:
 PSYoungGen      total 477696K, used 381057K [0x00000000e0000000, 0x0000000100000000, 0x0000000100000000)
  eden space 438272K, 79% used [0x00000000e0000000,0x00000000f5388dd8,0x00000000fac00000)
  from space 39424K, 84% used [0x00000000fd980000,0x00000000ffa176c0,0x0000000100000000)
  to   space 43008K, 0% used [0x00000000fac00000,0x00000000fac00000,0x00000000fd600000)
 ParOldGen       total 230400K, used 83187K [0x00000000a0000000, 0x00000000ae100000, 0x00000000e0000000)
  object space 230400K, 36% used [0x00000000a0000000,0x00000000a513ce30,0x00000000ae100000)
 Metaspace       used 78842K, capacity 84354K, committed 84440K, reserved 1122304K
  class space    used 10016K, capacity 10948K, committed 11008K, reserved 1048576K
GC Heap History (10 events):
Event: 1452.367 GC heap before
{Heap before GC invocations=42 (full 4):
 PSYoungGen      total 427008K, used 426893K [0x00000000e0000000, 0x00000000fd280000, 0x0000000100000000)
  eden space 414208K, 99% used [0x00000000e0000000,0x00000000f9465760,0x00000000f9480000)
  from space 12800K, 99% used [0x00000000f9e80000,0x00000000faafe020,0x00000000fab00000)
  to   space 31744K, 0% used [0x00000000fb380000,0x00000000fb380000,0x00000000fd280000)
 ParOldGen       total 230400K, used 70799K [0x00000000a0000000, 0x00000000ae100000, 0x00000000e0000000)
  object space 230400K, 30% used [0x00000000a0000000,0x00000000a4523f48,0x00000000ae100000)
 Metaspace       used 77691K, capacity 82138K, committed 83416K, reserved 1122304K
  class space    used 9843K, capacity 10634K, committed 11008K, reserved 1048576K
Event: 1452.379 GC heap after
Heap after GC invocations=42 (full 4):
 PSYoungGen      total 446464K, used 16443K [0x00000000e0000000, 0x00000000fee80000, 0x0000000100000000)
  eden space 414720K, 0% used [0x00000000e0000000,0x00000000e0000000,0x00000000f9500000)
  from space 31744K, 51% used [0x00000000fb380000,0x00000000fc38ef68,0x00000000fd280000)
  to   space 31232K, 0% used [0x00000000f9500000,0x00000000f9500000,0x00000000fb380000)
 ParOldGen       total 230400K, used 70807K [0x00000000a0000000, 0x00000000ae100000, 0x00000000e0000000)
  object space 230400K, 30% used [0x00000000a0000000,0x00000000a4525f48,0x00000000ae100000)
 Metaspace       used 77691K, capacity 82138K, committed 83416K, reserved 1122304K
  class space    used 9843K, capacity 10634K, committed 11008K, reserved 1048576K
}
Event: 1453.951 GC heap before
{Heap before GC invocations=43 (full 4):
 PSYoungGen      total 446464K, used 431152K [0x00000000e0000000, 0x00000000fee80000, 0x0000000100000000)
  eden space 414720K, 99% used [0x00000000e0000000,0x00000000f94fd3c0,0x00000000f9500000)
  from space 31744K, 51% used [0x00000000fb380000,0x00000000fc38ef68,0x00000000fd280000)
  to   space 31232K, 0% used [0x00000000f9500000,0x00000000f9500000,0x00000000fb380000)
 ParOldGen       total 230400K, used 70807K [0x00000000a0000000, 0x00000000ae100000, 0x00000000e0000000)
  object space 230400K, 30% used [0x00000000a0000000,0x00000000a4525f48,0x00000000ae100000)
 Metaspace       used 77706K, capacity 82138K, committed 83416K, reserved 1122304K
  class space    used 9843K, capacity 10634K, committed 11008K, reserved 1048576K
Event: 1453.961 GC heap after
Heap after GC invocations=43 (full 4):
 PSYoungGen      total 445952K, used 19861K [0x00000000e0000000, 0x00000000ff180000, 0x0000000100000000)
  eden space 414720K, 0% used [0x00000000e0000000,0x00000000e0000000,0x00000000f9500000)
  from space 31232K, 63% used [0x00000000f9500000,0x00000000fa865778,0x00000000fb380000)
  to   space 31744K, 0% used [0x00000000fd280000,0x00000000fd280000,0x00000000ff180000)
 ParOldGen       total 230400K, used 70815K [0x00000000a0000000, 0x00000000ae100000, 0x00000000e0000000)
  object space 230400K, 30% used [0x00000000a0000000,0x00000000a4527f48,0x00000000ae100000)
 Metaspace       used 77706K, capacity 82138K, committed 83416K, reserved 1122304K
  class space    used 9843K, capacity 10634K, committed 11008K, reserved 1048576K
}
Event: 1454.069 GC heap before
{Heap before GC invocations=44 (full 4):
 PSYoungGen      total 445952K, used 434021K [0x00000000e0000000, 0x00000000ff180000, 0x0000000100000000)
  eden space 414720K, 99% used [0x00000000e0000000,0x00000000f9473ee0,0x00000000f9500000)
  from space 31232K, 63% used [0x00000000f9500000,0x00000000fa865778,0x00000000fb380000)
  to   space 31744K, 0% used [0x00000000fd280000,0x00000000fd280000,0x00000000ff180000)
 ParOldGen       total 230400K, used 70815K [0x00000000a0000000, 0x00000000ae100000, 0x00000000e0000000)
  object space 230400K, 30% used [0x00000000a0000000,0x00000000a4527f48,0x00000000ae100000)
 Metaspace       used 77706K, capacity 82138K, committed 83416K, reserved 1122304K
  class space    used 9843K, capacity 10634K, committed 11008K, reserved 1048576K
Event: 1454.076 GC heap after
Heap after GC invocations=44 (full 4):
 PSYoungGen      total 479232K, used 13490K [0x00000000e0000000, 0x00000000ffd80000, 0x0000000100000000)
  eden space 447488K, 0% used [0x00000000e0000000,0x00000000e0000000,0x00000000fb500000)
  from space 31744K, 42% used [0x00000000fd280000,0x00000000fdfac888,0x00000000ff180000)
  to   space 30208K, 0% used [0x00000000fb500000,0x00000000fb500000,0x00000000fd280000)
 ParOldGen       total 230400K, used 70815K [0x00000000a0000000, 0x00000000ae100000, 0x00000000e0000000)
  object space 230400K, 30% used [0x00000000a0000000,0x00000000a4527f48,0x00000000ae100000)
 Metaspace       used 77706K, capacity 82138K, committed 83416K, reserved 1122304K
  class space    used 9843K, capacity 10634K, committed 11008K, reserved 1048576K
}
Event: 1458.976 GC heap before
{Heap before GC invocations=45 (full 4):
 PSYoungGen      total 479232K, used 460978K [0x00000000e0000000, 0x00000000ffd80000, 0x0000000100000000)
  eden space 447488K, 100% used [0x00000000e0000000,0x00000000fb500000,0x00000000fb500000)
  from space 31744K, 42% used [0x00000000fd280000,0x00000000fdfac888,0x00000000ff180000)
  to   space 30208K, 0% used [0x00000000fb500000,0x00000000fb500000,0x00000000fd280000)
 ParOldGen       total 230400K, used 70815K [0x00000000a0000000, 0x00000000ae100000, 0x00000000e0000000)
  object space 230400K, 30% used [0x00000000a0000000,0x00000000a4527f48,0x00000000ae100000)
 Metaspace       used 77856K, capacity 82350K, committed 83672K, reserved 1122304K
  class space    used 9846K, capacity 10636K, committed 11008K, reserved 1048576K
Event: 1459.003 GC heap after
Heap after GC invocations=45 (full 4):
 PSYoungGen      total 477696K, used 30195K [0x00000000e0000000, 0x0000000100000000, 0x0000000100000000)
  eden space 447488K, 0% used [0x00000000e0000000,0x00000000e0000000,0x00000000fb500000)
  from space 30208K, 99% used [0x00000000fb500000,0x00000000fd27cf80,0x00000000fd280000)
  to   space 39424K, 0% used [0x00000000fd980000,0x00000000fd980000,0x0000000100000000)
 ParOldGen       total 230400K, used 83179K [0x00000000a0000000, 0x00000000ae100000, 0x00000000e0000000)
  object space 230400K, 36% used [0x00000000a0000000,0x00000000a513ae30,0x00000000ae100000)
 Metaspace       used 77856K, capacity 82350K, committed 83672K, reserved 1122304K
  class space    used 9846K, capacity 10636K, committed 11008K, reserved 1048576K
}
Event: 1461.091 GC heap before
{Heap before GC invocations=46 (full 4):
 PSYoungGen      total 477696K, used 477195K [0x00000000e0000000, 0x0000000100000000, 0x0000000100000000)
  eden space 447488K, 99% used [0x00000000e0000000,0x00000000fb485f90,0x00000000fb500000)
  from space 30208K, 99% used [0x00000000fb500000,0x00000000fd27cf80,0x00000000fd280000)
  to   space 39424K, 0% used [0x00000000fd980000,0x00000000fd980000,0x0000000100000000)
 ParOldGen       total 230400K, used 83179K [0x00000000a0000000, 0x00000000ae100000, 0x00000000e0000000)
  object space 230400K, 36% used [0x00000000a0000000,0x00000000a513ae30,0x00000000ae100000)
 Metaspace       used 77905K, capacity 82418K, committed 83672K, reserved 1122304K
  class space    used 9846K, capacity 10636K, committed 11008K, reserved 1048576K
Event: 1461.110 GC heap after
Heap after GC invocations=46 (full 4):
 PSYoungGen      total 477696K, used 33373K [0x00000000e0000000, 0x0000000100000000, 0x0000000100000000)
  eden space 438272K, 0% used [0x00000000e0000000,0x00000000e0000000,0x00000000fac00000)
  from space 39424K, 84% used [0x00000000fd980000,0x00000000ffa176c0,0x0000000100000000)
  to   space 43008K, 0% used [0x00000000fac00000,0x00000000fac00000,0x00000000fd600000)
 ParOldGen       total 230400K, used 83187K [0x00000000a0000000, 0x00000000ae100000, 0x00000000e0000000)
  object space 230400K, 36% used [0x00000000a0000000,0x00000000a513ce30,0x00000000ae100000)
 Metaspace       used 77905K, capacity 82418K, committed 83672K, reserved 1122304K
  class space    used 9846K, capacity 10636K, committed 11008K, reserved 1048576K
}

