# JRE version: OpenJDK Runtime Environment (8.0_152-b02) (build 1.8.0_152-release-1024-b02)
# Java VM: OpenJDK 64-Bit Server VM (25.152-b02 mixed mode windows-amd64 compressed oops)
Heap:
 PSYoungGen      total 378880K, used 89617K [0x00000000e0000000, 0x00000000fe380000, 0x0000000100000000)
  eden space 349696K, 23% used [0x00000000e0000000,0x00000000e4fbca68,0x00000000f5580000)
  from space 29184K, 27% used [0x00000000f5580000,0x00000000f5d47b00,0x00000000f7200000)
  to   space 28160K, 0% used [0x00000000fc800000,0x00000000fc800000,0x00000000fe380000)
 ParOldGen       total 144384K, used 66847K [0x00000000a0000000, 0x00000000a8d00000, 0x00000000e0000000)
  object space 144384K, 46% used [0x00000000a0000000,0x00000000a4147dc8,0x00000000a8d00000)
 Metaspace       used 80531K, capacity 85050K, committed 85336K, reserved 1124352K
  class space    used 10481K, capacity 11340K, committed 11392K, reserved 1048576K
GC Heap History (10 events):
Event: 21.975 GC heap before
{Heap before GC invocations=16 (full 3):
 PSYoungGen      total 229376K, used 229368K [0x00000000e0000000, 0x00000000f1480000, 0x0000000100000000)
  eden space 209920K, 100% used [0x00000000e0000000,0x00000000ecd00000,0x00000000ecd00000)
  from space 19456K, 99% used [0x00000000ee980000,0x00000000efc7e1a0,0x00000000efc80000)
  to   space 29184K, 0% used [0x00000000ecd00000,0x00000000ecd00000,0x00000000ee980000)
 ParOldGen       total 144384K, used 51291K [0x00000000a0000000, 0x00000000a8d00000, 0x00000000e0000000)
  object space 144384K, 35% used [0x00000000a0000000,0x00000000a3216fa0,0x00000000a8d00000)
 Metaspace       used 74626K, capacity 78558K, committed 78808K, reserved 1118208K
  class space    used 9876K, capacity 10662K, committed 10752K, reserved 1048576K
Event: 21.988 GC heap after
Heap after GC invocations=16 (full 3):
 PSYoungGen      total 239104K, used 15895K [0x00000000e0000000, 0x00000000f2a80000, 0x0000000100000000)
  eden space 209920K, 0% used [0x00000000e0000000,0x00000000e0000000,0x00000000ecd00000)
  from space 29184K, 54% used [0x00000000ecd00000,0x00000000edc85e28,0x00000000ee980000)
  to   space 28672K, 0% used [0x00000000f0e80000,0x00000000f0e80000,0x00000000f2a80000)
 ParOldGen       total 144384K, used 51299K [0x00000000a0000000, 0x00000000a8d00000, 0x00000000e0000000)
  object space 144384K, 35% used [0x00000000a0000000,0x00000000a3218fa0,0x00000000a8d00000)
 Metaspace       used 74626K, capacity 78558K, committed 78808K, reserved 1118208K
  class space    used 9876K, capacity 10662K, committed 10752K, reserved 1048576K
}
Event: 22.223 GC heap before
{Heap before GC invocations=17 (full 3):
 PSYoungGen      total 239104K, used 224821K [0x00000000e0000000, 0x00000000f2a80000, 0x0000000100000000)
  eden space 209920K, 99% used [0x00000000e0000000,0x00000000ecc07670,0x00000000ecd00000)
  from space 29184K, 54% used [0x00000000ecd00000,0x00000000edc85e28,0x00000000ee980000)
  to   space 28672K, 0% used [0x00000000f0e80000,0x00000000f0e80000,0x00000000f2a80000)
 ParOldGen       total 144384K, used 51299K [0x00000000a0000000, 0x00000000a8d00000, 0x00000000e0000000)
  object space 144384K, 35% used [0x00000000a0000000,0x00000000a3218fa0,0x00000000a8d00000)
 Metaspace       used 75287K, capacity 79318K, committed 79448K, reserved 1118208K
  class space    used 9982K, capacity 10770K, committed 10880K, reserved 1048576K
Event: 22.238 GC heap after
Heap after GC invocations=17 (full 3):
 PSYoungGen      total 275456K, used 21231K [0x00000000e0000000, 0x00000000f4400000, 0x0000000100000000)
  eden space 246784K, 0% used [0x00000000e0000000,0x00000000e0000000,0x00000000ef100000)
  from space 28672K, 74% used [0x00000000f0e80000,0x00000000f233bf88,0x00000000f2a80000)
  to   space 30208K, 0% used [0x00000000ef100000,0x00000000ef100000,0x00000000f0e80000)
 ParOldGen       total 144384K, used 51307K [0x00000000a0000000, 0x00000000a8d00000, 0x00000000e0000000)
  object space 144384K, 35% used [0x00000000a0000000,0x00000000a321afa0,0x00000000a8d00000)
 Metaspace       used 75287K, capacity 79318K, committed 79448K, reserved 1118208K
  class space    used 9982K, capacity 10770K, committed 10880K, reserved 1048576K
}
Event: 22.284 GC heap before
{Heap before GC invocations=18 (full 3):
 PSYoungGen      total 275456K, used 267918K [0x00000000e0000000, 0x00000000f4400000, 0x0000000100000000)
  eden space 246784K, 99% used [0x00000000e0000000,0x00000000ef0e79a8,0x00000000ef100000)
  from space 28672K, 74% used [0x00000000f0e80000,0x00000000f233bf88,0x00000000f2a80000)
  to   space 30208K, 0% used [0x00000000ef100000,0x00000000ef100000,0x00000000f0e80000)
 ParOldGen       total 144384K, used 51307K [0x00000000a0000000, 0x00000000a8d00000, 0x00000000e0000000)
  object space 144384K, 35% used [0x00000000a0000000,0x00000000a321afa0,0x00000000a8d00000)
 Metaspace       used 75295K, capacity 79318K, committed 79448K, reserved 1118208K
  class space    used 9982K, capacity 10770K, committed 10880K, reserved 1048576K
Event: 22.298 GC heap after
Heap after GC invocations=18 (full 3):
 PSYoungGen      total 276992K, used 8449K [0x00000000e0000000, 0x00000000f9800000, 0x0000000100000000)
  eden space 246784K, 0% used [0x00000000e0000000,0x00000000e0000000,0x00000000ef100000)
  from space 30208K, 27% used [0x00000000ef100000,0x00000000ef940410,0x00000000f0e80000)
  to   space 29696K, 0% used [0x00000000f7b00000,0x00000000f7b00000,0x00000000f9800000)
 ParOldGen       total 144384K, used 60414K [0x00000000a0000000, 0x00000000a8d00000, 0x00000000e0000000)
  object space 144384K, 41% used [0x00000000a0000000,0x00000000a3affae0,0x00000000a8d00000)
 Metaspace       used 75295K, capacity 79318K, committed 79448K, reserved 1118208K
  class space    used 9982K, capacity 10770K, committed 10880K, reserved 1048576K
}
Event: 35.436 GC heap before
{Heap before GC invocations=19 (full 3):
 PSYoungGen      total 276992K, used 255233K [0x00000000e0000000, 0x00000000f9800000, 0x0000000100000000)
  eden space 246784K, 100% used [0x00000000e0000000,0x00000000ef100000,0x00000000ef100000)
  from space 30208K, 27% used [0x00000000ef100000,0x00000000ef940410,0x00000000f0e80000)
  to   space 29696K, 0% used [0x00000000f7b00000,0x00000000f7b00000,0x00000000f9800000)
 ParOldGen       total 144384K, used 60414K [0x00000000a0000000, 0x00000000a8d00000, 0x00000000e0000000)
  object space 144384K, 41% used [0x00000000a0000000,0x00000000a3affae0,0x00000000a8d00000)
 Metaspace       used 78816K, capacity 83220K, committed 83416K, reserved 1122304K
  class space    used 10315K, capacity 11155K, committed 11264K, reserved 1048576K
Event: 35.451 GC heap after
Heap after GC invocations=19 (full 3):
 PSYoungGen      total 369664K, used 7867K [0x00000000e0000000, 0x00000000f8e80000, 0x0000000100000000)
  eden space 349696K, 0% used [0x00000000e0000000,0x00000000e0000000,0x00000000f5580000)
  from space 19968K, 39% used [0x00000000f7b00000,0x00000000f82aee00,0x00000000f8e80000)
  to   space 29184K, 0% used [0x00000000f5580000,0x00000000f5580000,0x00000000f7200000)
 ParOldGen       total 144384K, used 66615K [0x00000000a0000000, 0x00000000a8d00000, 0x00000000e0000000)
  object space 144384K, 46% used [0x00000000a0000000,0x00000000a410ddc8,0x00000000a8d00000)
 Metaspace       used 78816K, capacity 83220K, committed 83416K, reserved 1122304K
  class space    used 10315K, capacity 11155K, committed 11264K, reserved 1048576K
}
Event: 37.365 GC heap before
{Heap before GC invocations=20 (full 3):
 PSYoungGen      total 369664K, used 357563K [0x00000000e0000000, 0x00000000f8e80000, 0x0000000100000000)
  eden space 349696K, 100% used [0x00000000e0000000,0x00000000f5580000,0x00000000f5580000)
  from space 19968K, 39% used [0x00000000f7b00000,0x00000000f82aee00,0x00000000f8e80000)
  to   space 29184K, 0% used [0x00000000f5580000,0x00000000f5580000,0x00000000f7200000)
 ParOldGen       total 144384K, used 66615K [0x00000000a0000000, 0x00000000a8d00000, 0x00000000e0000000)
  object space 144384K, 46% used [0x00000000a0000000,0x00000000a410ddc8,0x00000000a8d00000)
 Metaspace       used 79684K, capacity 84102K, committed 84184K, reserved 1122304K
  class space    used 10408K, capacity 11252K, committed 11264K, reserved 1048576K
Event: 37.372 GC heap after
Heap after GC invocations=20 (full 3):
 PSYoungGen      total 378880K, used 7966K [0x00000000e0000000, 0x00000000fe380000, 0x0000000100000000)
  eden space 349696K, 0% used [0x00000000e0000000,0x00000000e0000000,0x00000000f5580000)
  from space 29184K, 27% used [0x00000000f5580000,0x00000000f5d47b00,0x00000000f7200000)
  to   space 28160K, 0% used [0x00000000fc800000,0x00000000fc800000,0x00000000fe380000)
 ParOldGen       total 144384K, used 66847K [0x00000000a0000000, 0x00000000a8d00000, 0x00000000e0000000)
  object space 144384K, 46% used [0x00000000a0000000,0x00000000a4147dc8,0x00000000a8d00000)
 Metaspace       used 79684K, capacity 84102K, committed 84184K, reserved 1122304K
  class space    used 10408K, capacity 11252K, committed 11264K, reserved 1048576K
}

