# JRE version: OpenJDK Runtime Environment (8.0_152-b02) (build 1.8.0_152-release-1024-b02)
# Java VM: OpenJDK 64-Bit Server VM (25.152-b02 mixed mode windows-amd64 compressed oops)
Heap:
 PSYoungGen      total 144384K, used 110633K [0x00000000f5580000, 0x0000000100000000, 0x0000000100000000)
  eden space 112640K, 88% used [0x00000000f5580000,0x00000000fb69a618,0x00000000fc380000)
  from space 31744K, 35% used [0x00000000fe100000,0x00000000febefdf0,0x0000000100000000)
  to   space 30208K, 0% used [0x00000000fc380000,0x00000000fc380000,0x00000000fe100000)
 ParOldGen       total 191488K, used 113870K [0x00000000e0000000, 0x00000000ebb00000, 0x00000000f5580000)
  object space 191488K, 59% used [0x00000000e0000000,0x00000000e6f33a68,0x00000000ebb00000)
 Metaspace       used 84459K, capacity 88878K, committed 89176K, reserved 1126400K
  class space    used 10709K, capacity 11537K, committed 11648K, reserved 1048576K
GC Heap History (10 events):
Event: 2296.475 GC heap before
{Heap before GC invocations=52 (full 4):
 PSYoungGen      total 144384K, used 124832K [0x00000000f5580000, 0x00000000ffd80000, 0x0000000100000000)
  eden space 118272K, 100% used [0x00000000f5580000,0x00000000fc900000,0x00000000fc900000)
  from space 26112K, 25% used [0x00000000fc900000,0x00000000fcf68088,0x00000000fe280000)
  to   space 25088K, 0% used [0x00000000fe500000,0x00000000fe500000,0x00000000ffd80000)
 ParOldGen       total 191488K, used 98866K [0x00000000e0000000, 0x00000000ebb00000, 0x00000000f5580000)
  object space 191488K, 51% used [0x00000000e0000000,0x00000000e608c878,0x00000000ebb00000)
 Metaspace       used 78651K, capacity 82604K, committed 82648K, reserved 1122304K
  class space    used 9979K, capacity 10739K, committed 10752K, reserved 1048576K
Event: 2296.480 GC heap after
Heap after GC invocations=52 (full 4):
 PSYoungGen      total 147456K, used 7552K [0x00000000f5580000, 0x00000000ffd00000, 0x0000000100000000)
  eden space 122880K, 0% used [0x00000000f5580000,0x00000000f5580000,0x00000000fcd80000)
  from space 24576K, 30% used [0x00000000fe500000,0x00000000fec600a0,0x00000000ffd00000)
  to   space 24064K, 0% used [0x00000000fcd80000,0x00000000fcd80000,0x00000000fe500000)
 ParOldGen       total 191488K, used 98874K [0x00000000e0000000, 0x00000000ebb00000, 0x00000000f5580000)
  object space 191488K, 51% used [0x00000000e0000000,0x00000000e608e878,0x00000000ebb00000)
 Metaspace       used 78651K, capacity 82604K, committed 82648K, reserved 1122304K
  class space    used 9979K, capacity 10739K, committed 10752K, reserved 1048576K
}
Event: 2298.052 GC heap before
{Heap before GC invocations=53 (full 4):
 PSYoungGen      total 147456K, used 130432K [0x00000000f5580000, 0x00000000ffd00000, 0x0000000100000000)
  eden space 122880K, 100% used [0x00000000f5580000,0x00000000fcd80000,0x00000000fcd80000)
  from space 24576K, 30% used [0x00000000fe500000,0x00000000fec600a0,0x00000000ffd00000)
  to   space 24064K, 0% used [0x00000000fcd80000,0x00000000fcd80000,0x00000000fe500000)
 ParOldGen       total 191488K, used 98874K [0x00000000e0000000, 0x00000000ebb00000, 0x00000000f5580000)
  object space 191488K, 51% used [0x00000000e0000000,0x00000000e608e878,0x00000000ebb00000)
 Metaspace       used 78762K, capacity 82740K, committed 82904K, reserved 1122304K
  class space    used 9979K, capacity 10739K, committed 10752K, reserved 1048576K
Event: 2298.075 GC heap after
Heap after GC invocations=53 (full 4):
 PSYoungGen      total 146944K, used 24061K [0x00000000f5580000, 0x0000000100000000, 0x0000000100000000)
  eden space 122880K, 0% used [0x00000000f5580000,0x00000000f5580000,0x00000000fcd80000)
  from space 24064K, 99% used [0x00000000fcd80000,0x00000000fe4ff770,0x00000000fe500000)
  to   space 27648K, 0% used [0x00000000fe500000,0x00000000fe500000,0x0000000100000000)
 ParOldGen       total 191488K, used 108018K [0x00000000e0000000, 0x00000000ebb00000, 0x00000000f5580000)
  object space 191488K, 56% used [0x00000000e0000000,0x00000000e697c908,0x00000000ebb00000)
 Metaspace       used 78762K, capacity 82740K, committed 82904K, reserved 1122304K
  class space    used 9979K, capacity 10739K, committed 10752K, reserved 1048576K
}
Event: 2299.018 GC heap before
{Heap before GC invocations=54 (full 4):
 PSYoungGen      total 146944K, used 143935K [0x00000000f5580000, 0x0000000100000000, 0x0000000100000000)
  eden space 122880K, 97% used [0x00000000f5580000,0x00000000fca90608,0x00000000fcd80000)
  from space 24064K, 99% used [0x00000000fcd80000,0x00000000fe4ff770,0x00000000fe500000)
  to   space 27648K, 0% used [0x00000000fe500000,0x00000000fe500000,0x0000000100000000)
 ParOldGen       total 191488K, used 108018K [0x00000000e0000000, 0x00000000ebb00000, 0x00000000f5580000)
  object space 191488K, 56% used [0x00000000e0000000,0x00000000e697c908,0x00000000ebb00000)
 Metaspace       used 78787K, capacity 82740K, committed 82904K, reserved 1122304K
  class space    used 9979K, capacity 10739K, committed 10752K, reserved 1048576K
Event: 2299.033 GC heap after
Heap after GC invocations=54 (full 4):
 PSYoungGen      total 141824K, used 15038K [0x00000000f5580000, 0x0000000100000000, 0x0000000100000000)
  eden space 114176K, 0% used [0x00000000f5580000,0x00000000f5580000,0x00000000fc500000)
  from space 27648K, 54% used [0x00000000fe500000,0x00000000ff3afb10,0x0000000100000000)
  to   space 30208K, 0% used [0x00000000fc500000,0x00000000fc500000,0x00000000fe280000)
 ParOldGen       total 191488K, used 108266K [0x00000000e0000000, 0x00000000ebb00000, 0x00000000f5580000)
  object space 191488K, 56% used [0x00000000e0000000,0x00000000e69ba918,0x00000000ebb00000)
 Metaspace       used 78787K, capacity 82740K, committed 82904K, reserved 1122304K
  class space    used 9979K, capacity 10739K, committed 10752K, reserved 1048576K
}
Event: 2299.256 GC heap before
{Heap before GC invocations=55 (full 4):
 PSYoungGen      total 141824K, used 127725K [0x00000000f5580000, 0x0000000100000000, 0x0000000100000000)
  eden space 114176K, 98% used [0x00000000f5580000,0x00000000fc38b930,0x00000000fc500000)
  from space 27648K, 54% used [0x00000000fe500000,0x00000000ff3afb10,0x0000000100000000)
  to   space 30208K, 0% used [0x00000000fc500000,0x00000000fc500000,0x00000000fe280000)
 ParOldGen       total 191488K, used 108266K [0x00000000e0000000, 0x00000000ebb00000, 0x00000000f5580000)
  object space 191488K, 56% used [0x00000000e0000000,0x00000000e69ba918,0x00000000ebb00000)
 Metaspace       used 78788K, capacity 82740K, committed 82904K, reserved 1122304K
  class space    used 9980K, capacity 10739K, committed 10752K, reserved 1048576K
Event: 2299.268 GC heap after
Heap after GC invocations=55 (full 4):
 PSYoungGen      total 135680K, used 21177K [0x00000000f5580000, 0x0000000100000000, 0x0000000100000000)
  eden space 114176K, 0% used [0x00000000f5580000,0x00000000f5580000,0x00000000fc500000)
  from space 21504K, 98% used [0x00000000fc500000,0x00000000fd9ae690,0x00000000fda00000)
  to   space 31744K, 0% used [0x00000000fe100000,0x00000000fe100000,0x0000000100000000)
 ParOldGen       total 191488K, used 108274K [0x00000000e0000000, 0x00000000ebb00000, 0x00000000f5580000)
  object space 191488K, 56% used [0x00000000e0000000,0x00000000e69bc918,0x00000000ebb00000)
 Metaspace       used 78788K, capacity 82740K, committed 82904K, reserved 1122304K
  class space    used 9980K, capacity 10739K, committed 10752K, reserved 1048576K
}
Event: 2311.873 GC heap before
{Heap before GC invocations=56 (full 4):
 PSYoungGen      total 135680K, used 135353K [0x00000000f5580000, 0x0000000100000000, 0x0000000100000000)
  eden space 114176K, 100% used [0x00000000f5580000,0x00000000fc500000,0x00000000fc500000)
  from space 21504K, 98% used [0x00000000fc500000,0x00000000fd9ae690,0x00000000fda00000)
  to   space 31744K, 0% used [0x00000000fe100000,0x00000000fe100000,0x0000000100000000)
 ParOldGen       total 191488K, used 108274K [0x00000000e0000000, 0x00000000ebb00000, 0x00000000f5580000)
  object space 191488K, 56% used [0x00000000e0000000,0x00000000e69bc918,0x00000000ebb00000)
 Metaspace       used 83331K, capacity 87640K, committed 88024K, reserved 1126400K
  class space    used 10556K, capacity 11422K, committed 11520K, reserved 1048576K
Event: 2311.916 GC heap after
Heap after GC invocations=56 (full 4):
 PSYoungGen      total 144384K, used 11199K [0x00000000f5580000, 0x0000000100000000, 0x0000000100000000)
  eden space 112640K, 0% used [0x00000000f5580000,0x00000000f5580000,0x00000000fc380000)
  from space 31744K, 35% used [0x00000000fe100000,0x00000000febefdf0,0x0000000100000000)
  to   space 30208K, 0% used [0x00000000fc380000,0x00000000fc380000,0x00000000fe100000)
 ParOldGen       total 191488K, used 113870K [0x00000000e0000000, 0x00000000ebb00000, 0x00000000f5580000)
  object space 191488K, 59% used [0x00000000e0000000,0x00000000e6f33a68,0x00000000ebb00000)
 Metaspace       used 83331K, capacity 87640K, committed 88024K, reserved 1126400K
  class space    used 10556K, capacity 11422K, committed 11520K, reserved 1048576K
}

