# JRE version: OpenJDK Runtime Environment (8.0_152-b02) (build 1.8.0_152-release-1024-b02)
# Java VM: OpenJDK 64-Bit Server VM (25.152-b02 mixed mode windows-amd64 compressed oops)
Heap:
 PSYoungGen      total 102400K, used 24785K [0x00000000f5580000, 0x00000000fc580000, 0x0000000100000000)
  eden space 91136K, 16% used [0x00000000f5580000,0x00000000f63f5ff0,0x00000000fae80000)
  from space 11264K, 88% used [0x00000000fae80000,0x00000000fb83e6e8,0x00000000fb980000)
  to   space 10240K, 0% used [0x00000000fb980000,0x00000000fb980000,0x00000000fc380000)
 ParOldGen       total 99840K, used 16332K [0x00000000e0000000, 0x00000000e6180000, 0x00000000f5580000)
  object space 99840K, 16% used [0x00000000e0000000,0x00000000e0ff3248,0x00000000e6180000)
 Metaspace       used 40756K, capacity 41518K, committed 41688K, reserved 1085440K
  class space    used 5577K, capacity 5820K, committed 5888K, reserved 1048576K
GC Heap History (10 events):
Event: 2.601 GC heap before
{Heap before GC invocations=7 (full 1):
 PSYoungGen      total 71680K, used 66560K [0x00000000f5580000, 0x00000000fa080000, 0x0000000100000000)
  eden space 66560K, 100% used [0x00000000f5580000,0x00000000f9680000,0x00000000f9680000)
  from space 5120K, 0% used [0x00000000f9680000,0x00000000f9680000,0x00000000f9b80000)
  to   space 5120K, 0% used [0x00000000f9b80000,0x00000000f9b80000,0x00000000fa080000)
 ParOldGen       total 61440K, used 7853K [0x00000000e0000000, 0x00000000e3c00000, 0x00000000f5580000)
  object space 61440K, 12% used [0x00000000e0000000,0x00000000e07ab468,0x00000000e3c00000)
 Metaspace       used 26375K, capacity 26794K, committed 27136K, reserved 1073152K
  class space    used 3639K, capacity 3780K, committed 3840K, reserved 1048576K
Event: 2.609 GC heap after
Heap after GC invocations=7 (full 1):
 PSYoungGen      total 67072K, used 5099K [0x00000000f5580000, 0x00000000fca80000, 0x0000000100000000)
  eden space 61952K, 0% used [0x00000000f5580000,0x00000000f5580000,0x00000000f9200000)
  from space 5120K, 99% used [0x00000000f9b80000,0x00000000fa07af58,0x00000000fa080000)
  to   space 9728K, 0% used [0x00000000f9200000,0x00000000f9200000,0x00000000f9b80000)
 ParOldGen       total 61440K, used 9874K [0x00000000e0000000, 0x00000000e3c00000, 0x00000000f5580000)
  object space 61440K, 16% used [0x00000000e0000000,0x00000000e09a4928,0x00000000e3c00000)
 Metaspace       used 26375K, capacity 26794K, committed 27136K, reserved 1073152K
  class space    used 3639K, capacity 3780K, committed 3840K, reserved 1048576K
}
Event: 3.211 GC heap before
{Heap before GC invocations=8 (full 1):
 PSYoungGen      total 67072K, used 67051K [0x00000000f5580000, 0x00000000fca80000, 0x0000000100000000)
  eden space 61952K, 100% used [0x00000000f5580000,0x00000000f9200000,0x00000000f9200000)
  from space 5120K, 99% used [0x00000000f9b80000,0x00000000fa07af58,0x00000000fa080000)
  to   space 9728K, 0% used [0x00000000f9200000,0x00000000f9200000,0x00000000f9b80000)
 ParOldGen       total 61440K, used 9874K [0x00000000e0000000, 0x00000000e3c00000, 0x00000000f5580000)
  object space 61440K, 16% used [0x00000000e0000000,0x00000000e09a4928,0x00000000e3c00000)
 Metaspace       used 29674K, capacity 30168K, committed 30464K, reserved 1075200K
  class space    used 4157K, capacity 4305K, committed 4352K, reserved 1048576K
Event: 3.219 GC heap after
Heap after GC invocations=8 (full 1):
 PSYoungGen      total 71680K, used 8759K [0x00000000f5580000, 0x00000000fc380000, 0x0000000100000000)
  eden space 61952K, 0% used [0x00000000f5580000,0x00000000f5580000,0x00000000f9200000)
  from space 9728K, 90% used [0x00000000f9200000,0x00000000f9a8dc20,0x00000000f9b80000)
  to   space 10240K, 0% used [0x00000000fb980000,0x00000000fb980000,0x00000000fc380000)
 ParOldGen       total 61440K, used 9882K [0x00000000e0000000, 0x00000000e3c00000, 0x00000000f5580000)
  object space 61440K, 16% used [0x00000000e0000000,0x00000000e09a6928,0x00000000e3c00000)
 Metaspace       used 29674K, capacity 30168K, committed 30464K, reserved 1075200K
  class space    used 4157K, capacity 4305K, committed 4352K, reserved 1048576K
}
Event: 3.674 GC heap before
{Heap before GC invocations=9 (full 1):
 PSYoungGen      total 71680K, used 35209K [0x00000000f5580000, 0x00000000fc380000, 0x0000000100000000)
  eden space 61952K, 42% used [0x00000000f5580000,0x00000000f6f549d8,0x00000000f9200000)
  from space 9728K, 90% used [0x00000000f9200000,0x00000000f9a8dc20,0x00000000f9b80000)
  to   space 10240K, 0% used [0x00000000fb980000,0x00000000fb980000,0x00000000fc380000)
 ParOldGen       total 61440K, used 9882K [0x00000000e0000000, 0x00000000e3c00000, 0x00000000f5580000)
  object space 61440K, 16% used [0x00000000e0000000,0x00000000e09a6928,0x00000000e3c00000)
 Metaspace       used 34722K, capacity 35272K, committed 35416K, reserved 1079296K
  class space    used 4761K, capacity 4950K, committed 4992K, reserved 1048576K
Event: 3.682 GC heap after
Heap after GC invocations=9 (full 1):
 PSYoungGen      total 101376K, used 9746K [0x00000000f5580000, 0x00000000fc580000, 0x0000000100000000)
  eden space 91136K, 0% used [0x00000000f5580000,0x00000000f5580000,0x00000000fae80000)
  from space 10240K, 95% used [0x00000000fb980000,0x00000000fc304948,0x00000000fc380000)
  to   space 11264K, 0% used [0x00000000fae80000,0x00000000fae80000,0x00000000fb980000)
 ParOldGen       total 61440K, used 9890K [0x00000000e0000000, 0x00000000e3c00000, 0x00000000f5580000)
  object space 61440K, 16% used [0x00000000e0000000,0x00000000e09a8928,0x00000000e3c00000)
 Metaspace       used 34722K, capacity 35272K, committed 35416K, reserved 1079296K
  class space    used 4761K, capacity 4950K, committed 4992K, reserved 1048576K
}
Event: 3.682 GC heap before
{Heap before GC invocations=10 (full 2):
 PSYoungGen      total 101376K, used 9746K [0x00000000f5580000, 0x00000000fc580000, 0x0000000100000000)
  eden space 91136K, 0% used [0x00000000f5580000,0x00000000f5580000,0x00000000fae80000)
  from space 10240K, 95% used [0x00000000fb980000,0x00000000fc304948,0x00000000fc380000)
  to   space 11264K, 0% used [0x00000000fae80000,0x00000000fae80000,0x00000000fb980000)
 ParOldGen       total 61440K, used 9890K [0x00000000e0000000, 0x00000000e3c00000, 0x00000000f5580000)
  object space 61440K, 16% used [0x00000000e0000000,0x00000000e09a8928,0x00000000e3c00000)
 Metaspace       used 34722K, capacity 35272K, committed 35416K, reserved 1079296K
  class space    used 4761K, capacity 4950K, committed 4992K, reserved 1048576K
Event: 3.742 GC heap after
Heap after GC invocations=10 (full 2):
 PSYoungGen      total 101376K, used 0K [0x00000000f5580000, 0x00000000fc580000, 0x0000000100000000)
  eden space 91136K, 0% used [0x00000000f5580000,0x00000000f5580000,0x00000000fae80000)
  from space 10240K, 0% used [0x00000000fb980000,0x00000000fb980000,0x00000000fc380000)
  to   space 11264K, 0% used [0x00000000fae80000,0x00000000fae80000,0x00000000fb980000)
 ParOldGen       total 99840K, used 16324K [0x00000000e0000000, 0x00000000e6180000, 0x00000000f5580000)
  object space 99840K, 16% used [0x00000000e0000000,0x00000000e0ff1248,0x00000000e6180000)
 Metaspace       used 34722K, capacity 35272K, committed 35416K, reserved 1079296K
  class space    used 4761K, capacity 4950K, committed 4992K, reserved 1048576K
}
Event: 4.434 GC heap before
{Heap before GC invocations=11 (full 2):
 PSYoungGen      total 101376K, used 91136K [0x00000000f5580000, 0x00000000fc580000, 0x0000000100000000)
  eden space 91136K, 100% used [0x00000000f5580000,0x00000000fae80000,0x00000000fae80000)
  from space 10240K, 0% used [0x00000000fb980000,0x00000000fb980000,0x00000000fc380000)
  to   space 11264K, 0% used [0x00000000fae80000,0x00000000fae80000,0x00000000fb980000)
 ParOldGen       total 99840K, used 16324K [0x00000000e0000000, 0x00000000e6180000, 0x00000000f5580000)
  object space 99840K, 16% used [0x00000000e0000000,0x00000000e0ff1248,0x00000000e6180000)
 Metaspace       used 39854K, capacity 40548K, committed 40792K, reserved 1085440K
  class space    used 5432K, capacity 5650K, committed 5760K, reserved 1048576K
Event: 4.442 GC heap after
Heap after GC invocations=11 (full 2):
 PSYoungGen      total 102400K, used 9977K [0x00000000f5580000, 0x00000000fc580000, 0x0000000100000000)
  eden space 91136K, 0% used [0x00000000f5580000,0x00000000f5580000,0x00000000fae80000)
  from space 11264K, 88% used [0x00000000fae80000,0x00000000fb83e6e8,0x00000000fb980000)
  to   space 10240K, 0% used [0x00000000fb980000,0x00000000fb980000,0x00000000fc380000)
 ParOldGen       total 99840K, used 16332K [0x00000000e0000000, 0x00000000e6180000, 0x00000000f5580000)
  object space 99840K, 16% used [0x00000000e0000000,0x00000000e0ff3248,0x00000000e6180000)
 Metaspace       used 39854K, capacity 40548K, committed 40792K, reserved 1085440K
  class space    used 5432K, capacity 5650K, committed 5760K, reserved 1048576K
}

