# JRE version: OpenJDK Runtime Environment (8.0_152-b02) (build 1.8.0_152-release-1024-b02)
# Java VM: OpenJDK 64-Bit Server VM (25.152-b02 mixed mode windows-amd64 compressed oops)
Heap:
 PSYoungGen      total 487424K, used 150662K [0x00000000e0000000, 0x00000000ffd80000, 0x0000000100000000)
  eden space 456192K, 29% used [0x00000000e0000000,0x00000000e83323b8,0x00000000fbd80000)
  from space 31232K, 52% used [0x00000000fdf00000,0x00000000feeef688,0x00000000ffd80000)
  to   space 32768K, 0% used [0x00000000fbd80000,0x00000000fbd80000,0x00000000fdd80000)
 ParOldGen       total 125440K, used 98117K [0x00000000a0000000, 0x00000000a7a80000, 0x00000000e0000000)
  object space 125440K, 78% used [0x00000000a0000000,0x00000000a5fd16a8,0x00000000a7a80000)
 Metaspace       used 81745K, capacity 86342K, committed 86400K, reserved 1124352K
  class space    used 10499K, capacity 11358K, committed 11392K, reserved 1048576K
GC Heap History (10 events):
Event: 245.449 GC heap before
{Heap before GC invocations=19 (full 3):
 PSYoungGen      total 428032K, used 408851K [0x00000000e0000000, 0x0000000100000000, 0x0000000100000000)
  eden space 398336K, 99% used [0x00000000e0000000,0x00000000f84f22b0,0x00000000f8500000)
  from space 29696K, 35% used [0x00000000f8500000,0x00000000f8f52cb0,0x00000000fa200000)
  to   space 28672K, 0% used [0x00000000fe400000,0x00000000fe400000,0x0000000100000000)
 ParOldGen       total 125440K, used 76710K [0x00000000a0000000, 0x00000000a7a80000, 0x00000000e0000000)
  object space 125440K, 61% used [0x00000000a0000000,0x00000000a4ae9bf8,0x00000000a7a80000)
 Metaspace       used 78900K, capacity 83138K, committed 83328K, reserved 1122304K
  class space    used 10294K, capacity 11084K, committed 11136K, reserved 1048576K
Event: 245.457 GC heap after
Heap after GC invocations=19 (full 3):
 PSYoungGen      total 494592K, used 3144K [0x00000000e0000000, 0x0000000100000000, 0x0000000100000000)
  eden space 465920K, 0% used [0x00000000e0000000,0x00000000e0000000,0x00000000fc700000)
  from space 28672K, 10% used [0x00000000fe400000,0x00000000fe712030,0x0000000100000000)
  to   space 29184K, 0% used [0x00000000fc700000,0x00000000fc700000,0x00000000fe380000)
 ParOldGen       total 125440K, used 83122K [0x00000000a0000000, 0x00000000a7a80000, 0x00000000e0000000)
  object space 125440K, 66% used [0x00000000a0000000,0x00000000a512c938,0x00000000a7a80000)
 Metaspace       used 78900K, capacity 83138K, committed 83328K, reserved 1122304K
  class space    used 10294K, capacity 11084K, committed 11136K, reserved 1048576K
}
Event: 319.730 GC heap before
{Heap before GC invocations=20 (full 3):
 PSYoungGen      total 494592K, used 469064K [0x00000000e0000000, 0x0000000100000000, 0x0000000100000000)
  eden space 465920K, 100% used [0x00000000e0000000,0x00000000fc700000,0x00000000fc700000)
  from space 28672K, 10% used [0x00000000fe400000,0x00000000fe712030,0x0000000100000000)
  to   space 29184K, 0% used [0x00000000fc700000,0x00000000fc700000,0x00000000fe380000)
 ParOldGen       total 125440K, used 83122K [0x00000000a0000000, 0x00000000a7a80000, 0x00000000e0000000)
  object space 125440K, 66% used [0x00000000a0000000,0x00000000a512c938,0x00000000a7a80000)
 Metaspace       used 80572K, capacity 84986K, committed 85248K, reserved 1124352K
  class space    used 10409K, capacity 11236K, committed 11264K, reserved 1048576K
Event: 319.751 GC heap after
Heap after GC invocations=20 (full 3):
 PSYoungGen      total 495104K, used 29155K [0x00000000e0000000, 0x0000000100000000, 0x0000000100000000)
  eden space 465920K, 0% used [0x00000000e0000000,0x00000000e0000000,0x00000000fc700000)
  from space 29184K, 99% used [0x00000000fc700000,0x00000000fe378c70,0x00000000fe380000)
  to   space 29184K, 0% used [0x00000000fe380000,0x00000000fe380000,0x0000000100000000)
 ParOldGen       total 125440K, used 86933K [0x00000000a0000000, 0x00000000a7a80000, 0x00000000e0000000)
  object space 125440K, 69% used [0x00000000a0000000,0x00000000a54e5700,0x00000000a7a80000)
 Metaspace       used 80572K, capacity 84986K, committed 85248K, reserved 1124352K
  class space    used 10409K, capacity 11236K, committed 11264K, reserved 1048576K
}
Event: 320.691 GC heap before
{Heap before GC invocations=21 (full 3):
 PSYoungGen      total 495104K, used 494858K [0x00000000e0000000, 0x0000000100000000, 0x0000000100000000)
  eden space 465920K, 99% used [0x00000000e0000000,0x00000000fc6c9e98,0x00000000fc700000)
  from space 29184K, 99% used [0x00000000fc700000,0x00000000fe378c70,0x00000000fe380000)
  to   space 29184K, 0% used [0x00000000fe380000,0x00000000fe380000,0x0000000100000000)
 ParOldGen       total 125440K, used 86933K [0x00000000a0000000, 0x00000000a7a80000, 0x00000000e0000000)
  object space 125440K, 69% used [0x00000000a0000000,0x00000000a54e5700,0x00000000a7a80000)
 Metaspace       used 80725K, capacity 85266K, committed 85632K, reserved 1124352K
  class space    used 10427K, capacity 11280K, committed 11392K, reserved 1048576K
Event: 320.698 GC heap after
Heap after GC invocations=21 (full 3):
 PSYoungGen      total 484864K, used 6196K [0x00000000e0000000, 0x0000000100000000, 0x0000000100000000)
  eden space 455680K, 0% used [0x00000000e0000000,0x00000000e0000000,0x00000000fbd00000)
  from space 29184K, 21% used [0x00000000fe380000,0x00000000fe98d360,0x0000000100000000)
  to   space 34304K, 0% used [0x00000000fbd00000,0x00000000fbd00000,0x00000000fde80000)
 ParOldGen       total 125440K, used 93341K [0x00000000a0000000, 0x00000000a7a80000, 0x00000000e0000000)
  object space 125440K, 74% used [0x00000000a0000000,0x00000000a5b27688,0x00000000a7a80000)
 Metaspace       used 80725K, capacity 85266K, committed 85632K, reserved 1124352K
  class space    used 10427K, capacity 11280K, committed 11392K, reserved 1048576K
}
Event: 331.891 GC heap before
{Heap before GC invocations=22 (full 3):
 PSYoungGen      total 484864K, used 461843K [0x00000000e0000000, 0x0000000100000000, 0x0000000100000000)
  eden space 455680K, 99% used [0x00000000e0000000,0x00000000fbcf7a70,0x00000000fbd00000)
  from space 29184K, 21% used [0x00000000fe380000,0x00000000fe98d360,0x0000000100000000)
  to   space 34304K, 0% used [0x00000000fbd00000,0x00000000fbd00000,0x00000000fde80000)
 ParOldGen       total 125440K, used 93341K [0x00000000a0000000, 0x00000000a7a80000, 0x00000000e0000000)
  object space 125440K, 74% used [0x00000000a0000000,0x00000000a5b27688,0x00000000a7a80000)
 Metaspace       used 81601K, capacity 86202K, committed 86400K, reserved 1124352K
  class space    used 10497K, capacity 11356K, committed 11392K, reserved 1048576K
Event: 331.920 GC heap after
Heap after GC invocations=22 (full 3):
 PSYoungGen      total 489984K, used 6199K [0x00000000e0000000, 0x0000000100000000, 0x0000000100000000)
  eden space 455680K, 0% used [0x00000000e0000000,0x00000000e0000000,0x00000000fbd00000)
  from space 34304K, 18% used [0x00000000fbd00000,0x00000000fc30dc20,0x00000000fde80000)
  to   space 33792K, 0% used [0x00000000fdf00000,0x00000000fdf00000,0x0000000100000000)
 ParOldGen       total 125440K, used 93453K [0x00000000a0000000, 0x00000000a7a80000, 0x00000000e0000000)
  object space 125440K, 74% used [0x00000000a0000000,0x00000000a5b436a8,0x00000000a7a80000)
 Metaspace       used 81601K, capacity 86202K, committed 86400K, reserved 1124352K
  class space    used 10497K, capacity 11356K, committed 11392K, reserved 1048576K
}
Event: 337.638 GC heap before
{Heap before GC invocations=23 (full 3):
 PSYoungGen      total 489984K, used 461854K [0x00000000e0000000, 0x0000000100000000, 0x0000000100000000)
  eden space 455680K, 99% used [0x00000000e0000000,0x00000000fbcf9c10,0x00000000fbd00000)
  from space 34304K, 18% used [0x00000000fbd00000,0x00000000fc30dc20,0x00000000fde80000)
  to   space 33792K, 0% used [0x00000000fdf00000,0x00000000fdf00000,0x0000000100000000)
 ParOldGen       total 125440K, used 93453K [0x00000000a0000000, 0x00000000a7a80000, 0x00000000e0000000)
  object space 125440K, 74% used [0x00000000a0000000,0x00000000a5b436a8,0x00000000a7a80000)
 Metaspace       used 81696K, capacity 86278K, committed 86400K, reserved 1124352K
  class space    used 10498K, capacity 11358K, committed 11392K, reserved 1048576K
Event: 337.656 GC heap after
Heap after GC invocations=23 (full 3):
 PSYoungGen      total 487424K, used 16317K [0x00000000e0000000, 0x00000000ffd80000, 0x0000000100000000)
  eden space 456192K, 0% used [0x00000000e0000000,0x00000000e0000000,0x00000000fbd80000)
  from space 31232K, 52% used [0x00000000fdf00000,0x00000000feeef688,0x00000000ffd80000)
  to   space 32768K, 0% used [0x00000000fbd80000,0x00000000fbd80000,0x00000000fdd80000)
 ParOldGen       total 125440K, used 98117K [0x00000000a0000000, 0x00000000a7a80000, 0x00000000e0000000)
  object space 125440K, 78% used [0x00000000a0000000,0x00000000a5fd16a8,0x00000000a7a80000)
 Metaspace       used 81696K, capacity 86278K, committed 86400K, reserved 1124352K
  class space    used 10498K, capacity 11358K, committed 11392K, reserved 1048576K
}

