# JRE version: OpenJDK Runtime Environment (8.0_152-b02) (build 1.8.0_152-release-1024-b02)
# Java VM: OpenJDK 64-Bit Server VM (25.152-b02 mixed mode windows-amd64 compressed oops)
Heap:
 PSYoungGen      total 140800K, used 75793K [0x00000000e0000000, 0x00000000ebf00000, 0x0000000100000000)
  eden space 131072K, 57% used [0x00000000e0000000,0x00000000e4a047b8,0x00000000e8000000)
  from space 9728K, 0% used [0x00000000e8000000,0x00000000e8000000,0x00000000e8980000)
  to   space 12800K, 0% used [0x00000000eb280000,0x00000000eb280000,0x00000000ebf00000)
 ParOldGen       total 93184K, used 19129K [0x00000000a0000000, 0x00000000a5b00000, 0x00000000e0000000)
  object space 93184K, 20% used [0x00000000a0000000,0x00000000a12ae4d0,0x00000000a5b00000)
 Metaspace       used 38670K, capacity 39414K, committed 39512K, reserved 1083392K
  class space    used 5272K, capacity 5503K, committed 5504K, reserved 1048576K
GC Heap History (10 events):
Event: 3.128 GC heap before
{Heap before GC invocations=5 (full 0):
 PSYoungGen      total 71680K, used 18314K [0x00000000e0000000, 0x00000000e4b00000, 0x0000000100000000)
  eden space 66560K, 19% used [0x00000000e0000000,0x00000000e0ce6bc8,0x00000000e4100000)
  from space 5120K, 99% used [0x00000000e4600000,0x00000000e4afbc60,0x00000000e4b00000)
  to   space 5120K, 0% used [0x00000000e4100000,0x00000000e4100000,0x00000000e4600000)
 ParOldGen       total 87552K, used 5792K [0x00000000a0000000, 0x00000000a5580000, 0x00000000e0000000)
  object space 87552K, 6% used [0x00000000a0000000,0x00000000a05a8208,0x00000000a5580000)
 Metaspace       used 20717K, capacity 21200K, committed 21248K, reserved 1067008K
  class space    used 2886K, capacity 3042K, committed 3072K, reserved 1048576K
Event: 3.137 GC heap after
Heap after GC invocations=5 (full 0):
 PSYoungGen      total 71680K, used 5088K [0x00000000e0000000, 0x00000000e9500000, 0x0000000100000000)
  eden space 66560K, 0% used [0x00000000e0000000,0x00000000e0000000,0x00000000e4100000)
  from space 5120K, 99% used [0x00000000e4100000,0x00000000e45f8040,0x00000000e4600000)
  to   space 9728K, 0% used [0x00000000e8b80000,0x00000000e8b80000,0x00000000e9500000)
 ParOldGen       total 87552K, used 8185K [0x00000000a0000000, 0x00000000a5580000, 0x00000000e0000000)
  object space 87552K, 9% used [0x00000000a0000000,0x00000000a07fe4f0,0x00000000a5580000)
 Metaspace       used 20717K, capacity 21200K, committed 21248K, reserved 1067008K
  class space    used 2886K, capacity 3042K, committed 3072K, reserved 1048576K
}
Event: 3.137 GC heap before
{Heap before GC invocations=6 (full 1):
 PSYoungGen      total 71680K, used 5088K [0x00000000e0000000, 0x00000000e9500000, 0x0000000100000000)
  eden space 66560K, 0% used [0x00000000e0000000,0x00000000e0000000,0x00000000e4100000)
  from space 5120K, 99% used [0x00000000e4100000,0x00000000e45f8040,0x00000000e4600000)
  to   space 9728K, 0% used [0x00000000e8b80000,0x00000000e8b80000,0x00000000e9500000)
 ParOldGen       total 87552K, used 8185K [0x00000000a0000000, 0x00000000a5580000, 0x00000000e0000000)
  object space 87552K, 9% used [0x00000000a0000000,0x00000000a07fe4f0,0x00000000a5580000)
 Metaspace       used 20717K, capacity 21200K, committed 21248K, reserved 1067008K
  class space    used 2886K, capacity 3042K, committed 3072K, reserved 1048576K
Event: 3.171 GC heap after
Heap after GC invocations=6 (full 1):
 PSYoungGen      total 71680K, used 0K [0x00000000e0000000, 0x00000000e9500000, 0x0000000100000000)
  eden space 66560K, 0% used [0x00000000e0000000,0x00000000e0000000,0x00000000e4100000)
  from space 5120K, 0% used [0x00000000e4100000,0x00000000e4100000,0x00000000e4600000)
  to   space 9728K, 0% used [0x00000000e8b80000,0x00000000e8b80000,0x00000000e9500000)
 ParOldGen       total 57344K, used 7805K [0x00000000a0000000, 0x00000000a3800000, 0x00000000e0000000)
  object space 57344K, 13% used [0x00000000a0000000,0x00000000a079f5b0,0x00000000a3800000)
 Metaspace       used 20717K, capacity 21200K, committed 21248K, reserved 1067008K
  class space    used 2886K, capacity 3042K, committed 3072K, reserved 1048576K
}
Event: 4.451 GC heap before
{Heap before GC invocations=7 (full 1):
 PSYoungGen      total 71680K, used 66560K [0x00000000e0000000, 0x00000000e9500000, 0x0000000100000000)
  eden space 66560K, 100% used [0x00000000e0000000,0x00000000e4100000,0x00000000e4100000)
  from space 5120K, 0% used [0x00000000e4100000,0x00000000e4100000,0x00000000e4600000)
  to   space 9728K, 0% used [0x00000000e8b80000,0x00000000e8b80000,0x00000000e9500000)
 ParOldGen       total 57344K, used 7805K [0x00000000a0000000, 0x00000000a3800000, 0x00000000e0000000)
  object space 57344K, 13% used [0x00000000a0000000,0x00000000a079f5b0,0x00000000a3800000)
 Metaspace       used 26589K, capacity 27120K, committed 27136K, reserved 1073152K
  class space    used 3663K, capacity 3833K, committed 3840K, reserved 1048576K
Event: 4.462 GC heap after
Heap after GC invocations=7 (full 1):
 PSYoungGen      total 115200K, used 7442K [0x00000000e0000000, 0x00000000e9300000, 0x0000000100000000)
  eden space 107520K, 0% used [0x00000000e0000000,0x00000000e0000000,0x00000000e6900000)
  from space 7680K, 96% used [0x00000000e8b80000,0x00000000e92c49a8,0x00000000e9300000)
  to   space 9728K, 0% used [0x00000000e8000000,0x00000000e8000000,0x00000000e8980000)
 ParOldGen       total 57344K, used 7813K [0x00000000a0000000, 0x00000000a3800000, 0x00000000e0000000)
  object space 57344K, 13% used [0x00000000a0000000,0x00000000a07a15b0,0x00000000a3800000)
 Metaspace       used 26589K, capacity 27120K, committed 27136K, reserved 1073152K
  class space    used 3663K, capacity 3833K, committed 3840K, reserved 1048576K
}
Event: 6.176 GC heap before
{Heap before GC invocations=8 (full 1):
 PSYoungGen      total 115200K, used 97132K [0x00000000e0000000, 0x00000000e9300000, 0x0000000100000000)
  eden space 107520K, 83% used [0x00000000e0000000,0x00000000e5796950,0x00000000e6900000)
  from space 7680K, 96% used [0x00000000e8b80000,0x00000000e92c49a8,0x00000000e9300000)
  to   space 9728K, 0% used [0x00000000e8000000,0x00000000e8000000,0x00000000e8980000)
 ParOldGen       total 57344K, used 7813K [0x00000000a0000000, 0x00000000a3800000, 0x00000000e0000000)
  object space 57344K, 13% used [0x00000000a0000000,0x00000000a07a15b0,0x00000000a3800000)
 Metaspace       used 34660K, capacity 35260K, committed 35416K, reserved 1079296K
  class space    used 4779K, capacity 4976K, committed 4992K, reserved 1048576K
Event: 6.191 GC heap after
Heap after GC invocations=8 (full 1):
 PSYoungGen      total 140800K, used 9702K [0x00000000e0000000, 0x00000000ebf00000, 0x0000000100000000)
  eden space 131072K, 0% used [0x00000000e0000000,0x00000000e0000000,0x00000000e8000000)
  from space 9728K, 99% used [0x00000000e8000000,0x00000000e8979b98,0x00000000e8980000)
  to   space 12800K, 0% used [0x00000000eb280000,0x00000000eb280000,0x00000000ebf00000)
 ParOldGen       total 57344K, used 11137K [0x00000000a0000000, 0x00000000a3800000, 0x00000000e0000000)
  object space 57344K, 19% used [0x00000000a0000000,0x00000000a0ae0610,0x00000000a3800000)
 Metaspace       used 34660K, capacity 35260K, committed 35416K, reserved 1079296K
  class space    used 4779K, capacity 4976K, committed 4992K, reserved 1048576K
}
Event: 6.191 GC heap before
{Heap before GC invocations=9 (full 2):
 PSYoungGen      total 140800K, used 9702K [0x00000000e0000000, 0x00000000ebf00000, 0x0000000100000000)
  eden space 131072K, 0% used [0x00000000e0000000,0x00000000e0000000,0x00000000e8000000)
  from space 9728K, 99% used [0x00000000e8000000,0x00000000e8979b98,0x00000000e8980000)
  to   space 12800K, 0% used [0x00000000eb280000,0x00000000eb280000,0x00000000ebf00000)
 ParOldGen       total 57344K, used 11137K [0x00000000a0000000, 0x00000000a3800000, 0x00000000e0000000)
  object space 57344K, 19% used [0x00000000a0000000,0x00000000a0ae0610,0x00000000a3800000)
 Metaspace       used 34660K, capacity 35260K, committed 35416K, reserved 1079296K
  class space    used 4779K, capacity 4976K, committed 4992K, reserved 1048576K
Event: 6.263 GC heap after
Heap after GC invocations=9 (full 2):
 PSYoungGen      total 140800K, used 0K [0x00000000e0000000, 0x00000000ebf00000, 0x0000000100000000)
  eden space 131072K, 0% used [0x00000000e0000000,0x00000000e0000000,0x00000000e8000000)
  from space 9728K, 0% used [0x00000000e8000000,0x00000000e8000000,0x00000000e8980000)
  to   space 12800K, 0% used [0x00000000eb280000,0x00000000eb280000,0x00000000ebf00000)
 ParOldGen       total 93184K, used 19129K [0x00000000a0000000, 0x00000000a5b00000, 0x00000000e0000000)
  object space 93184K, 20% used [0x00000000a0000000,0x00000000a12ae4d0,0x00000000a5b00000)
 Metaspace       used 34660K, capacity 35260K, committed 35416K, reserved 1079296K
  class space    used 4779K, capacity 4976K, committed 4992K, reserved 1048576K
}

