# JRE version: OpenJDK Runtime Environment (8.0_152-b02) (build 1.8.0_152-release-1024-b02)
# Java VM: OpenJDK 64-Bit Server VM (25.152-b02 mixed mode windows-amd64 compressed oops)
Heap:
 PSYoungGen      total 238592K, used 83250K [0x00000000e0000000, 0x00000000f1d00000, 0x0000000100000000)
  eden space 204288K, 31% used [0x00000000e0000000,0x00000000e3f0af20,0x00000000ec780000)
  from space 34304K, 54% used [0x00000000ec780000,0x00000000ed9c1998,0x00000000ee900000)
  to   space 31232K, 0% used [0x00000000ee900000,0x00000000ee900000,0x00000000f0780000)
 ParOldGen       total 172544K, used 51214K [0x00000000a0000000, 0x00000000aa880000, 0x00000000e0000000)
  object space 172544K, 29% used [0x00000000a0000000,0x00000000a3203928,0x00000000aa880000)
 Metaspace       used 64806K, capacity 67268K, committed 67544K, reserved 1107968K
  class space    used 8630K, capacity 9171K, committed 9216K, reserved 1048576K
GC Heap History (10 events):
Event: 8.721 GC heap before
{Heap before GC invocations=12 (full 2):
 PSYoungGen      total 167936K, used 125792K [0x00000000e0000000, 0x00000000edc00000, 0x0000000100000000)
  eden space 153088K, 72% used [0x00000000e0000000,0x00000000e6c5bcb0,0x00000000e9580000)
  from space 14848K, 99% used [0x00000000e9580000,0x00000000ea3fc720,0x00000000ea400000)
  to   space 19968K, 0% used [0x00000000ec880000,0x00000000ec880000,0x00000000edc00000)
 ParOldGen       total 101888K, used 29526K [0x00000000a0000000, 0x00000000a6380000, 0x00000000e0000000)
  object space 101888K, 28% used [0x00000000a0000000,0x00000000a1cd5b08,0x00000000a6380000)
 Metaspace       used 57362K, capacity 58998K, committed 59028K, reserved 1099776K
  class space    used 7768K, capacity 8164K, committed 8192K, reserved 1048576K
Event: 8.743 GC heap after
Heap after GC invocations=12 (full 2):
 PSYoungGen      total 196608K, used 19965K [0x00000000e0000000, 0x00000000eec00000, 0x0000000100000000)
  eden space 176640K, 0% used [0x00000000e0000000,0x00000000e0000000,0x00000000eac80000)
  from space 19968K, 99% used [0x00000000ec880000,0x00000000edbff7f0,0x00000000edc00000)
  to   space 28672K, 0% used [0x00000000eac80000,0x00000000eac80000,0x00000000ec880000)
 ParOldGen       total 101888K, used 44964K [0x00000000a0000000, 0x00000000a6380000, 0x00000000e0000000)
  object space 101888K, 44% used [0x00000000a0000000,0x00000000a2be9140,0x00000000a6380000)
 Metaspace       used 57362K, capacity 58998K, committed 59028K, reserved 1099776K
  class space    used 7768K, capacity 8164K, committed 8192K, reserved 1048576K
}
Event: 8.743 GC heap before
{Heap before GC invocations=13 (full 3):
 PSYoungGen      total 196608K, used 19965K [0x00000000e0000000, 0x00000000eec00000, 0x0000000100000000)
  eden space 176640K, 0% used [0x00000000e0000000,0x00000000e0000000,0x00000000eac80000)
  from space 19968K, 99% used [0x00000000ec880000,0x00000000edbff7f0,0x00000000edc00000)
  to   space 28672K, 0% used [0x00000000eac80000,0x00000000eac80000,0x00000000ec880000)
 ParOldGen       total 101888K, used 44964K [0x00000000a0000000, 0x00000000a6380000, 0x00000000e0000000)
  object space 101888K, 44% used [0x00000000a0000000,0x00000000a2be9140,0x00000000a6380000)
 Metaspace       used 57362K, capacity 58998K, committed 59028K, reserved 1099776K
  class space    used 7768K, capacity 8164K, committed 8192K, reserved 1048576K
Event: 8.898 GC heap after
Heap after GC invocations=13 (full 3):
 PSYoungGen      total 196608K, used 0K [0x00000000e0000000, 0x00000000eec00000, 0x0000000100000000)
  eden space 176640K, 0% used [0x00000000e0000000,0x00000000e0000000,0x00000000eac80000)
  from space 19968K, 0% used [0x00000000ec880000,0x00000000ec880000,0x00000000edc00000)
  to   space 28672K, 0% used [0x00000000eac80000,0x00000000eac80000,0x00000000ec880000)
 ParOldGen       total 172544K, used 51190K [0x00000000a0000000, 0x00000000aa880000, 0x00000000e0000000)
  object space 172544K, 29% used [0x00000000a0000000,0x00000000a31fd928,0x00000000aa880000)
 Metaspace       used 57357K, capacity 58980K, committed 59028K, reserved 1099776K
  class space    used 7766K, capacity 8161K, committed 8192K, reserved 1048576K
}
Event: 11.417 GC heap before
{Heap before GC invocations=14 (full 3):
 PSYoungGen      total 196608K, used 174558K [0x00000000e0000000, 0x00000000eec00000, 0x0000000100000000)
  eden space 176640K, 98% used [0x00000000e0000000,0x00000000eaa77b50,0x00000000eac80000)
  from space 19968K, 0% used [0x00000000ec880000,0x00000000ec880000,0x00000000edc00000)
  to   space 28672K, 0% used [0x00000000eac80000,0x00000000eac80000,0x00000000ec880000)
 ParOldGen       total 172544K, used 51190K [0x00000000a0000000, 0x00000000aa880000, 0x00000000e0000000)
  object space 172544K, 29% used [0x00000000a0000000,0x00000000a31fd928,0x00000000aa880000)
 Metaspace       used 61985K, capacity 64196K, committed 64472K, reserved 1105920K
  class space    used 8373K, capacity 8845K, committed 8960K, reserved 1048576K
Event: 11.432 GC heap after
Heap after GC invocations=14 (full 3):
 PSYoungGen      total 205312K, used 23888K [0x00000000e0000000, 0x00000000f0780000, 0x0000000100000000)
  eden space 176640K, 0% used [0x00000000e0000000,0x00000000e0000000,0x00000000eac80000)
  from space 28672K, 83% used [0x00000000eac80000,0x00000000ec3d4038,0x00000000ec880000)
  to   space 31232K, 0% used [0x00000000ee900000,0x00000000ee900000,0x00000000f0780000)
 ParOldGen       total 172544K, used 51198K [0x00000000a0000000, 0x00000000aa880000, 0x00000000e0000000)
  object space 172544K, 29% used [0x00000000a0000000,0x00000000a31ff928,0x00000000aa880000)
 Metaspace       used 61985K, capacity 64196K, committed 64472K, reserved 1105920K
  class space    used 8373K, capacity 8845K, committed 8960K, reserved 1048576K
}
Event: 11.686 GC heap before
{Heap before GC invocations=15 (full 3):
 PSYoungGen      total 205312K, used 200288K [0x00000000e0000000, 0x00000000f0780000, 0x0000000100000000)
  eden space 176640K, 99% used [0x00000000e0000000,0x00000000eac44320,0x00000000eac80000)
  from space 28672K, 83% used [0x00000000eac80000,0x00000000ec3d4038,0x00000000ec880000)
  to   space 31232K, 0% used [0x00000000ee900000,0x00000000ee900000,0x00000000f0780000)
 ParOldGen       total 172544K, used 51198K [0x00000000a0000000, 0x00000000aa880000, 0x00000000e0000000)
  object space 172544K, 29% used [0x00000000a0000000,0x00000000a31ff928,0x00000000aa880000)
 Metaspace       used 62305K, capacity 64530K, committed 64728K, reserved 1105920K
  class space    used 8419K, capacity 8904K, committed 8960K, reserved 1048576K
Event: 11.700 GC heap after
Heap after GC invocations=15 (full 3):
 PSYoungGen      total 235520K, used 26973K [0x00000000e0000000, 0x00000000f1d00000, 0x0000000100000000)
  eden space 204288K, 0% used [0x00000000e0000000,0x00000000e0000000,0x00000000ec780000)
  from space 31232K, 86% used [0x00000000ee900000,0x00000000f03575f8,0x00000000f0780000)
  to   space 34304K, 0% used [0x00000000ec780000,0x00000000ec780000,0x00000000ee900000)
 ParOldGen       total 172544K, used 51206K [0x00000000a0000000, 0x00000000aa880000, 0x00000000e0000000)
  object space 172544K, 29% used [0x00000000a0000000,0x00000000a3201928,0x00000000aa880000)
 Metaspace       used 62305K, capacity 64530K, committed 64728K, reserved 1105920K
  class space    used 8419K, capacity 8904K, committed 8960K, reserved 1048576K
}
Event: 11.736 GC heap before
{Heap before GC invocations=16 (full 3):
 PSYoungGen      total 235520K, used 230742K [0x00000000e0000000, 0x00000000f1d00000, 0x0000000100000000)
  eden space 204288K, 99% used [0x00000000e0000000,0x00000000ec6fe3c8,0x00000000ec780000)
  from space 31232K, 86% used [0x00000000ee900000,0x00000000f03575f8,0x00000000f0780000)
  to   space 34304K, 0% used [0x00000000ec780000,0x00000000ec780000,0x00000000ee900000)
 ParOldGen       total 172544K, used 51206K [0x00000000a0000000, 0x00000000aa880000, 0x00000000e0000000)
  object space 172544K, 29% used [0x00000000a0000000,0x00000000a3201928,0x00000000aa880000)
 Metaspace       used 62315K, capacity 64530K, committed 64728K, reserved 1105920K
  class space    used 8419K, capacity 8904K, committed 8960K, reserved 1048576K
Event: 11.747 GC heap after
Heap after GC invocations=16 (full 3):
 PSYoungGen      total 238592K, used 18694K [0x00000000e0000000, 0x00000000f1d00000, 0x0000000100000000)
  eden space 204288K, 0% used [0x00000000e0000000,0x00000000e0000000,0x00000000ec780000)
  from space 34304K, 54% used [0x00000000ec780000,0x00000000ed9c1998,0x00000000ee900000)
  to   space 31232K, 0% used [0x00000000ee900000,0x00000000ee900000,0x00000000f0780000)
 ParOldGen       total 172544K, used 51214K [0x00000000a0000000, 0x00000000aa880000, 0x00000000e0000000)
  object space 172544K, 29% used [0x00000000a0000000,0x00000000a3203928,0x00000000aa880000)
 Metaspace       used 62315K, capacity 64530K, committed 64728K, reserved 1105920K
  class space    used 8419K, capacity 8904K, committed 8960K, reserved 1048576K
}

