# JRE version: OpenJDK Runtime Environment (8.0_152-b02) (build 1.8.0_152-release-1024-b02)
# Java VM: OpenJDK 64-Bit Server VM (25.152-b02 mixed mode windows-amd64 compressed oops)
Heap:
 PSYoungGen      total 443392K, used 294548K [0x00000000e0000000, 0x00000000ff500000, 0x0000000100000000)
  eden space 422912K, 67% used [0x00000000e0000000,0x00000000f17130f0,0x00000000f9d00000)
  from space 20480K, 42% used [0x00000000fb080000,0x00000000fb912180,0x00000000fc480000)
  to   space 19968K, 0% used [0x00000000f9d00000,0x00000000f9d00000,0x00000000fb080000)
 ParOldGen       total 142336K, used 41145K [0x00000000a0000000, 0x00000000a8b00000, 0x00000000e0000000)
  object space 142336K, 28% used [0x00000000a0000000,0x00000000a282e560,0x00000000a8b00000)
 Metaspace       used 73774K, capacity 78516K, committed 78720K, reserved 1122304K
  class space    used 9764K, capacity 10619K, committed 10624K, reserved 1048576K
GC Heap History (10 events):
Event: 103.119 GC heap before
{Heap before GC invocations=15 (full 3):
 PSYoungGen      total 244224K, used 233831K [0x00000000e0000000, 0x00000000f2900000, 0x0000000100000000)
  eden space 223744K, 99% used [0x00000000e0000000,0x00000000eda1afe0,0x00000000eda80000)
  from space 20480K, 51% used [0x00000000eda80000,0x00000000ee4befb8,0x00000000eee80000)
  to   space 19456K, 0% used [0x00000000f1600000,0x00000000f1600000,0x00000000f2900000)
 ParOldGen       total 142336K, used 39965K [0x00000000a0000000, 0x00000000a8b00000, 0x00000000e0000000)
  object space 142336K, 28% used [0x00000000a0000000,0x00000000a27074b0,0x00000000a8b00000)
 Metaspace       used 61079K, capacity 63160K, committed 63488K, reserved 1103872K
  class space    used 8125K, capacity 8577K, committed 8704K, reserved 1048576K
Event: 103.124 GC heap after
Heap after GC invocations=15 (full 3):
 PSYoungGen      total 284672K, used 6180K [0x00000000e0000000, 0x00000000f4f80000, 0x0000000100000000)
  eden space 265216K, 0% used [0x00000000e0000000,0x00000000e0000000,0x00000000f0300000)
  from space 19456K, 31% used [0x00000000f1600000,0x00000000f1c09270,0x00000000f2900000)
  to   space 19456K, 0% used [0x00000000f0300000,0x00000000f0300000,0x00000000f1600000)
 ParOldGen       total 142336K, used 39973K [0x00000000a0000000, 0x00000000a8b00000, 0x00000000e0000000)
  object space 142336K, 28% used [0x00000000a0000000,0x00000000a27094b0,0x00000000a8b00000)
 Metaspace       used 61079K, capacity 63160K, committed 63488K, reserved 1103872K
  class space    used 8125K, capacity 8577K, committed 8704K, reserved 1048576K
}
Event: 230.046 GC heap before
{Heap before GC invocations=16 (full 3):
 PSYoungGen      total 284672K, used 271396K [0x00000000e0000000, 0x00000000f4f80000, 0x0000000100000000)
  eden space 265216K, 100% used [0x00000000e0000000,0x00000000f0300000,0x00000000f0300000)
  from space 19456K, 31% used [0x00000000f1600000,0x00000000f1c09270,0x00000000f2900000)
  to   space 19456K, 0% used [0x00000000f0300000,0x00000000f0300000,0x00000000f1600000)
 ParOldGen       total 142336K, used 39973K [0x00000000a0000000, 0x00000000a8b00000, 0x00000000e0000000)
  object space 142336K, 28% used [0x00000000a0000000,0x00000000a27094b0,0x00000000a8b00000)
 Metaspace       used 62805K, capacity 65292K, committed 65408K, reserved 1105920K
  class space    used 8295K, capacity 8817K, committed 8832K, reserved 1048576K
Event: 230.058 GC heap after
Heap after GC invocations=16 (full 3):
 PSYoungGen      total 284672K, used 6564K [0x00000000e0000000, 0x00000000f7a80000, 0x0000000100000000)
  eden space 265216K, 0% used [0x00000000e0000000,0x00000000e0000000,0x00000000f0300000)
  from space 19456K, 33% used [0x00000000f0300000,0x00000000f0969090,0x00000000f1600000)
  to   space 18944K, 0% used [0x00000000f6800000,0x00000000f6800000,0x00000000f7a80000)
 ParOldGen       total 142336K, used 39981K [0x00000000a0000000, 0x00000000a8b00000, 0x00000000e0000000)
  object space 142336K, 28% used [0x00000000a0000000,0x00000000a270b4b0,0x00000000a8b00000)
 Metaspace       used 62805K, capacity 65292K, committed 65408K, reserved 1105920K
  class space    used 8295K, capacity 8817K, committed 8832K, reserved 1048576K
}
Event: 243.686 GC heap before
{Heap before GC invocations=17 (full 3):
 PSYoungGen      total 284672K, used 271743K [0x00000000e0000000, 0x00000000f7a80000, 0x0000000100000000)
  eden space 265216K, 99% used [0x00000000e0000000,0x00000000f02f6d20,0x00000000f0300000)
  from space 19456K, 33% used [0x00000000f0300000,0x00000000f0969090,0x00000000f1600000)
  to   space 18944K, 0% used [0x00000000f6800000,0x00000000f6800000,0x00000000f7a80000)
 ParOldGen       total 142336K, used 39981K [0x00000000a0000000, 0x00000000a8b00000, 0x00000000e0000000)
  object space 142336K, 28% used [0x00000000a0000000,0x00000000a270b4b0,0x00000000a8b00000)
 Metaspace       used 71115K, capacity 75596K, committed 75904K, reserved 1114112K
  class space    used 9451K, capacity 10247K, committed 10368K, reserved 1048576K
Event: 243.697 GC heap after
Heap after GC invocations=17 (full 3):
 PSYoungGen      total 352256K, used 13308K [0x00000000e0000000, 0x00000000f7500000, 0x0000000100000000)
  eden space 338944K, 0% used [0x00000000e0000000,0x00000000e0000000,0x00000000f4b00000)
  from space 13312K, 99% used [0x00000000f6800000,0x00000000f74ff070,0x00000000f7500000)
  to   space 19456K, 0% used [0x00000000f4f00000,0x00000000f4f00000,0x00000000f6200000)
 ParOldGen       total 142336K, used 41129K [0x00000000a0000000, 0x00000000a8b00000, 0x00000000e0000000)
  object space 142336K, 28% used [0x00000000a0000000,0x00000000a282a560,0x00000000a8b00000)
 Metaspace       used 71115K, capacity 75596K, committed 75904K, reserved 1114112K
  class space    used 9451K, capacity 10247K, committed 10368K, reserved 1048576K
}
Event: 245.833 GC heap before
{Heap before GC invocations=18 (full 3):
 PSYoungGen      total 352256K, used 351371K [0x00000000e0000000, 0x00000000f7500000, 0x0000000100000000)
  eden space 338944K, 99% used [0x00000000e0000000,0x00000000f4a23c30,0x00000000f4b00000)
  from space 13312K, 99% used [0x00000000f6800000,0x00000000f74ff070,0x00000000f7500000)
  to   space 19456K, 0% used [0x00000000f4f00000,0x00000000f4f00000,0x00000000f6200000)
 ParOldGen       total 142336K, used 41129K [0x00000000a0000000, 0x00000000a8b00000, 0x00000000e0000000)
  object space 142336K, 28% used [0x00000000a0000000,0x00000000a282a560,0x00000000a8b00000)
 Metaspace       used 72924K, capacity 77626K, committed 77696K, reserved 1116160K
  class space    used 9685K, capacity 10562K, committed 10624K, reserved 1048576K
Event: 245.843 GC heap after
Heap after GC invocations=18 (full 3):
 PSYoungGen      total 362496K, used 15370K [0x00000000e0000000, 0x00000000fc480000, 0x0000000100000000)
  eden space 343040K, 0% used [0x00000000e0000000,0x00000000e0000000,0x00000000f4f00000)
  from space 19456K, 79% used [0x00000000f4f00000,0x00000000f5e02900,0x00000000f6200000)
  to   space 20480K, 0% used [0x00000000fb080000,0x00000000fb080000,0x00000000fc480000)
 ParOldGen       total 142336K, used 41137K [0x00000000a0000000, 0x00000000a8b00000, 0x00000000e0000000)
  object space 142336K, 28% used [0x00000000a0000000,0x00000000a282c560,0x00000000a8b00000)
 Metaspace       used 72924K, capacity 77626K, committed 77696K, reserved 1116160K
  class space    used 9685K, capacity 10562K, committed 10624K, reserved 1048576K
}
Event: 245.920 GC heap before
{Heap before GC invocations=19 (full 3):
 PSYoungGen      total 362496K, used 358303K [0x00000000e0000000, 0x00000000fc480000, 0x0000000100000000)
  eden space 343040K, 99% used [0x00000000e0000000,0x00000000f4ee56c8,0x00000000f4f00000)
  from space 19456K, 79% used [0x00000000f4f00000,0x00000000f5e02900,0x00000000f6200000)
  to   space 20480K, 0% used [0x00000000fb080000,0x00000000fb080000,0x00000000fc480000)
 ParOldGen       total 142336K, used 41137K [0x00000000a0000000, 0x00000000a8b00000, 0x00000000e0000000)
  object space 142336K, 28% used [0x00000000a0000000,0x00000000a282c560,0x00000000a8b00000)
 Metaspace       used 72929K, capacity 77626K, committed 77696K, reserved 1116160K
  class space    used 9685K, capacity 10562K, committed 10624K, reserved 1048576K
Event: 245.929 GC heap after
Heap after GC invocations=19 (full 3):
 PSYoungGen      total 443392K, used 8776K [0x00000000e0000000, 0x00000000ff500000, 0x0000000100000000)
  eden space 422912K, 0% used [0x00000000e0000000,0x00000000e0000000,0x00000000f9d00000)
  from space 20480K, 42% used [0x00000000fb080000,0x00000000fb912180,0x00000000fc480000)
  to   space 19968K, 0% used [0x00000000f9d00000,0x00000000f9d00000,0x00000000fb080000)
 ParOldGen       total 142336K, used 41145K [0x00000000a0000000, 0x00000000a8b00000, 0x00000000e0000000)
  object space 142336K, 28% used [0x00000000a0000000,0x00000000a282e560,0x00000000a8b00000)
 Metaspace       used 72929K, capacity 77626K, committed 77696K, reserved 1116160K
  class space    used 9685K, capacity 10562K, committed 10624K, reserved 1048576K
}

