# JRE version: OpenJDK Runtime Environment (8.0_152-b02) (build 1.8.0_152-release-1024-b02)
# Java VM: OpenJDK 64-Bit Server VM (25.152-b02 mixed mode windows-amd64 compressed oops)
Heap:
 PSYoungGen      total 101888K, used 24776K [0x00000000e0000000, 0x00000000e6e80000, 0x0000000100000000)
  eden space 91136K, 15% used [0x00000000e0000000,0x00000000e0db4d18,0x00000000e5900000)
  from space 10752K, 99% used [0x00000000e5900000,0x00000000e637d438,0x00000000e6380000)
  to   space 11264K, 0% used [0x00000000e6380000,0x00000000e6380000,0x00000000e6e80000)
 ParOldGen       total 93696K, used 18591K [0x00000000a0000000, 0x00000000a5b80000, 0x00000000e0000000)
  object space 93696K, 19% used [0x00000000a0000000,0x00000000a1227dd8,0x00000000a5b80000)
 Metaspace       used 48634K, capacity 49934K, committed 50048K, reserved 1091584K
  class space    used 6612K, capacity 6980K, committed 7040K, reserved 1048576K
GC Heap History (10 events):
Event: 10.906 GC heap before
{Heap before GC invocations=9 (full 1):
 PSYoungGen      total 70656K, used 66862K [0x00000000e0000000, 0x00000000e5b00000, 0x0000000100000000)
  eden space 60416K, 100% used [0x00000000e0000000,0x00000000e3b00000,0x00000000e3b00000)
  from space 10240K, 62% used [0x00000000e3b00000,0x00000000e414bb08,0x00000000e4500000)
  to   space 9728K, 0% used [0x00000000e5180000,0x00000000e5180000,0x00000000e5b00000)
 ParOldGen       total 60928K, used 7886K [0x00000000a0000000, 0x00000000a3b80000, 0x00000000e0000000)
  object space 60928K, 12% used [0x00000000a0000000,0x00000000a07b3870,0x00000000a3b80000)
 Metaspace       used 33129K, capacity 33654K, committed 33792K, reserved 1079296K
  class space    used 4622K, capacity 4801K, committed 4864K, reserved 1048576K
Event: 10.914 GC heap after
Heap after GC invocations=9 (full 1):
 PSYoungGen      total 81920K, used 9720K [0x00000000e0000000, 0x00000000e6980000, 0x0000000100000000)
  eden space 72192K, 0% used [0x00000000e0000000,0x00000000e0000000,0x00000000e4680000)
  from space 9728K, 99% used [0x00000000e5180000,0x00000000e5afe398,0x00000000e5b00000)
  to   space 11264K, 0% used [0x00000000e4680000,0x00000000e4680000,0x00000000e5180000)
 ParOldGen       total 60928K, used 8784K [0x00000000a0000000, 0x00000000a3b80000, 0x00000000e0000000)
  object space 60928K, 14% used [0x00000000a0000000,0x00000000a08941b0,0x00000000a3b80000)
 Metaspace       used 33129K, capacity 33654K, committed 33792K, reserved 1079296K
  class space    used 4622K, capacity 4801K, committed 4864K, reserved 1048576K
}
Event: 11.592 GC heap before
{Heap before GC invocations=10 (full 1):
 PSYoungGen      total 81920K, used 20019K [0x00000000e0000000, 0x00000000e6980000, 0x0000000100000000)
  eden space 72192K, 14% used [0x00000000e0000000,0x00000000e0a0e9f0,0x00000000e4680000)
  from space 9728K, 99% used [0x00000000e5180000,0x00000000e5afe398,0x00000000e5b00000)
  to   space 11264K, 0% used [0x00000000e4680000,0x00000000e4680000,0x00000000e5180000)
 ParOldGen       total 60928K, used 8784K [0x00000000a0000000, 0x00000000a3b80000, 0x00000000e0000000)
  object space 60928K, 14% used [0x00000000a0000000,0x00000000a08941b0,0x00000000a3b80000)
 Metaspace       used 34627K, capacity 35182K, committed 35416K, reserved 1079296K
  class space    used 4782K, capacity 4971K, committed 4992K, reserved 1048576K
Event: 11.598 GC heap after
Heap after GC invocations=10 (full 1):
 PSYoungGen      total 83456K, used 8217K [0x00000000e0000000, 0x00000000e6e80000, 0x0000000100000000)
  eden space 72192K, 0% used [0x00000000e0000000,0x00000000e0000000,0x00000000e4680000)
  from space 11264K, 72% used [0x00000000e4680000,0x00000000e4e865f8,0x00000000e5180000)
  to   space 11264K, 0% used [0x00000000e6380000,0x00000000e6380000,0x00000000e6e80000)
 ParOldGen       total 60928K, used 8792K [0x00000000a0000000, 0x00000000a3b80000, 0x00000000e0000000)
  object space 60928K, 14% used [0x00000000a0000000,0x00000000a08961b0,0x00000000a3b80000)
 Metaspace       used 34627K, capacity 35182K, committed 35416K, reserved 1079296K
  class space    used 4782K, capacity 4971K, committed 4992K, reserved 1048576K
}
Event: 11.599 GC heap before
{Heap before GC invocations=11 (full 2):
 PSYoungGen      total 83456K, used 8217K [0x00000000e0000000, 0x00000000e6e80000, 0x0000000100000000)
  eden space 72192K, 0% used [0x00000000e0000000,0x00000000e0000000,0x00000000e4680000)
  from space 11264K, 72% used [0x00000000e4680000,0x00000000e4e865f8,0x00000000e5180000)
  to   space 11264K, 0% used [0x00000000e6380000,0x00000000e6380000,0x00000000e6e80000)
 ParOldGen       total 60928K, used 8792K [0x00000000a0000000, 0x00000000a3b80000, 0x00000000e0000000)
  object space 60928K, 14% used [0x00000000a0000000,0x00000000a08961b0,0x00000000a3b80000)
 Metaspace       used 34627K, capacity 35182K, committed 35416K, reserved 1079296K
  class space    used 4782K, capacity 4971K, committed 4992K, reserved 1048576K
Event: 11.656 GC heap after
Heap after GC invocations=11 (full 2):
 PSYoungGen      total 83456K, used 0K [0x00000000e0000000, 0x00000000e6e80000, 0x0000000100000000)
  eden space 72192K, 0% used [0x00000000e0000000,0x00000000e0000000,0x00000000e4680000)
  from space 11264K, 0% used [0x00000000e4680000,0x00000000e4680000,0x00000000e5180000)
  to   space 11264K, 0% used [0x00000000e6380000,0x00000000e6380000,0x00000000e6e80000)
 ParOldGen       total 93696K, used 14703K [0x00000000a0000000, 0x00000000a5b80000, 0x00000000e0000000)
  object space 93696K, 15% used [0x00000000a0000000,0x00000000a0e5bdb0,0x00000000a5b80000)
 Metaspace       used 34627K, capacity 35182K, committed 35416K, reserved 1079296K
  class space    used 4782K, capacity 4971K, committed 4992K, reserved 1048576K
}
Event: 13.629 GC heap before
{Heap before GC invocations=12 (full 2):
 PSYoungGen      total 83456K, used 72192K [0x00000000e0000000, 0x00000000e6e80000, 0x0000000100000000)
  eden space 72192K, 100% used [0x00000000e0000000,0x00000000e4680000,0x00000000e4680000)
  from space 11264K, 0% used [0x00000000e4680000,0x00000000e4680000,0x00000000e5180000)
  to   space 11264K, 0% used [0x00000000e6380000,0x00000000e6380000,0x00000000e6e80000)
 ParOldGen       total 93696K, used 14703K [0x00000000a0000000, 0x00000000a5b80000, 0x00000000e0000000)
  object space 93696K, 15% used [0x00000000a0000000,0x00000000a0e5bdb0,0x00000000a5b80000)
 Metaspace       used 38447K, capacity 39176K, committed 39296K, reserved 1083392K
  class space    used 5245K, capacity 5466K, committed 5504K, reserved 1048576K
Event: 13.640 GC heap after
Heap after GC invocations=12 (full 2):
 PSYoungGen      total 102400K, used 6866K [0x00000000e0000000, 0x00000000e6e80000, 0x0000000100000000)
  eden space 91136K, 0% used [0x00000000e0000000,0x00000000e0000000,0x00000000e5900000)
  from space 11264K, 60% used [0x00000000e6380000,0x00000000e6a34a38,0x00000000e6e80000)
  to   space 10752K, 0% used [0x00000000e5900000,0x00000000e5900000,0x00000000e6380000)
 ParOldGen       total 93696K, used 14711K [0x00000000a0000000, 0x00000000a5b80000, 0x00000000e0000000)
  object space 93696K, 15% used [0x00000000a0000000,0x00000000a0e5ddb0,0x00000000a5b80000)
 Metaspace       used 38447K, capacity 39176K, committed 39296K, reserved 1083392K
  class space    used 5245K, capacity 5466K, committed 5504K, reserved 1048576K
}
Event: 16.899 GC heap before
{Heap before GC invocations=13 (full 2):
 PSYoungGen      total 102400K, used 98002K [0x00000000e0000000, 0x00000000e6e80000, 0x0000000100000000)
  eden space 91136K, 100% used [0x00000000e0000000,0x00000000e5900000,0x00000000e5900000)
  from space 11264K, 60% used [0x00000000e6380000,0x00000000e6a34a38,0x00000000e6e80000)
  to   space 10752K, 0% used [0x00000000e5900000,0x00000000e5900000,0x00000000e6380000)
 ParOldGen       total 93696K, used 14711K [0x00000000a0000000, 0x00000000a5b80000, 0x00000000e0000000)
  object space 93696K, 15% used [0x00000000a0000000,0x00000000a0e5ddb0,0x00000000a5b80000)
 Metaspace       used 47211K, capacity 48332K, committed 48512K, reserved 1091584K
  class space    used 6404K, capacity 6759K, committed 6784K, reserved 1048576K
Event: 16.915 GC heap after
Heap after GC invocations=13 (full 2):
 PSYoungGen      total 101888K, used 10741K [0x00000000e0000000, 0x00000000e6e80000, 0x0000000100000000)
  eden space 91136K, 0% used [0x00000000e0000000,0x00000000e0000000,0x00000000e5900000)
  from space 10752K, 99% used [0x00000000e5900000,0x00000000e637d438,0x00000000e6380000)
  to   space 11264K, 0% used [0x00000000e6380000,0x00000000e6380000,0x00000000e6e80000)
 ParOldGen       total 93696K, used 18591K [0x00000000a0000000, 0x00000000a5b80000, 0x00000000e0000000)
  object space 93696K, 19% used [0x00000000a0000000,0x00000000a1227dd8,0x00000000a5b80000)
 Metaspace       used 47211K, capacity 48332K, committed 48512K, reserved 1091584K
  class space    used 6404K, capacity 6759K, committed 6784K, reserved 1048576K
}

