# JRE version: OpenJDK Runtime Environment (8.0_152-b02) (build 1.8.0_152-release-1024-b02)
# Java VM: OpenJDK 64-Bit Server VM (25.152-b02 mixed mode windows-amd64 compressed oops)
Heap:
 PSYoungGen      total 209920K, used 148039K [0x00000000e0000000, 0x00000000edb80000, 0x0000000100000000)
  eden space 196096K, 68% used [0x00000000e0000000,0x00000000e83134e8,0x00000000ebf80000)
  from space 13824K, 99% used [0x00000000ebf80000,0x00000000eccfe7b8,0x00000000ecd00000)
  to   space 14848K, 0% used [0x00000000ecd00000,0x00000000ecd00000,0x00000000edb80000)
 ParOldGen       total 98816K, used 23753K [0x00000000a0000000, 0x00000000a6080000, 0x00000000e0000000)
  object space 98816K, 24% used [0x00000000a0000000,0x00000000a1732548,0x00000000a6080000)
 Metaspace       used 55049K, capacity 56648K, committed 56792K, reserved 1097728K
  class space    used 7517K, capacity 7885K, committed 7936K, reserved 1048576K
GC Heap History (10 events):
Event: 8.714 GC heap before
{Heap before GC invocations=5 (full 1):
 PSYoungGen      total 138240K, used 5104K [0x00000000e0000000, 0x00000000e8c00000, 0x0000000100000000)
  eden space 133120K, 0% used [0x00000000e0000000,0x00000000e0000000,0x00000000e8200000)
  from space 5120K, 99% used [0x00000000e8700000,0x00000000e8bfc040,0x00000000e8c00000)
  to   space 5120K, 0% used [0x00000000e8200000,0x00000000e8200000,0x00000000e8700000)
 ParOldGen       total 87552K, used 8841K [0x00000000a0000000, 0x00000000a5580000, 0x00000000e0000000)
  object space 87552K, 10% used [0x00000000a0000000,0x00000000a08a26a8,0x00000000a5580000)
 Metaspace       used 20762K, capacity 21204K, committed 21248K, reserved 1067008K
  class space    used 2893K, capacity 3042K, committed 3072K, reserved 1048576K
Event: 8.799 GC heap after
Heap after GC invocations=5 (full 1):
 PSYoungGen      total 138240K, used 0K [0x00000000e0000000, 0x00000000e8c00000, 0x0000000100000000)
  eden space 133120K, 0% used [0x00000000e0000000,0x00000000e0000000,0x00000000e8200000)
  from space 5120K, 0% used [0x00000000e8700000,0x00000000e8700000,0x00000000e8c00000)
  to   space 5120K, 0% used [0x00000000e8200000,0x00000000e8200000,0x00000000e8700000)
 ParOldGen       total 63488K, used 8040K [0x00000000a0000000, 0x00000000a3e00000, 0x00000000e0000000)
  object space 63488K, 12% used [0x00000000a0000000,0x00000000a07da0e0,0x00000000a3e00000)
 Metaspace       used 20762K, capacity 21204K, committed 21248K, reserved 1067008K
  class space    used 2893K, capacity 3042K, committed 3072K, reserved 1048576K
}
Event: 14.348 GC heap before
{Heap before GC invocations=6 (full 1):
 PSYoungGen      total 138240K, used 133120K [0x00000000e0000000, 0x00000000e8c00000, 0x0000000100000000)
  eden space 133120K, 100% used [0x00000000e0000000,0x00000000e8200000,0x00000000e8200000)
  from space 5120K, 0% used [0x00000000e8700000,0x00000000e8700000,0x00000000e8c00000)
  to   space 5120K, 0% used [0x00000000e8200000,0x00000000e8200000,0x00000000e8700000)
 ParOldGen       total 63488K, used 8040K [0x00000000a0000000, 0x00000000a3e00000, 0x00000000e0000000)
  object space 63488K, 12% used [0x00000000a0000000,0x00000000a07da0e0,0x00000000a3e00000)
 Metaspace       used 29977K, capacity 30434K, committed 30592K, reserved 1075200K
  class space    used 4205K, capacity 4358K, committed 4480K, reserved 1048576K
Event: 14.358 GC heap after
Heap after GC invocations=6 (full 1):
 PSYoungGen      total 138240K, used 5092K [0x00000000e0000000, 0x00000000edb80000, 0x0000000100000000)
  eden space 133120K, 0% used [0x00000000e0000000,0x00000000e0000000,0x00000000e8200000)
  from space 5120K, 99% used [0x00000000e8200000,0x00000000e86f9020,0x00000000e8700000)
  to   space 14848K, 0% used [0x00000000ecd00000,0x00000000ecd00000,0x00000000edb80000)
 ParOldGen       total 63488K, used 16217K [0x00000000a0000000, 0x00000000a3e00000, 0x00000000e0000000)
  object space 63488K, 25% used [0x00000000a0000000,0x00000000a0fd6488,0x00000000a3e00000)
 Metaspace       used 29977K, capacity 30434K, committed 30592K, reserved 1075200K
  class space    used 4205K, capacity 4358K, committed 4480K, reserved 1048576K
}
Event: 14.958 GC heap before
{Heap before GC invocations=7 (full 1):
 PSYoungGen      total 138240K, used 30652K [0x00000000e0000000, 0x00000000edb80000, 0x0000000100000000)
  eden space 133120K, 19% used [0x00000000e0000000,0x00000000e18f6300,0x00000000e8200000)
  from space 5120K, 99% used [0x00000000e8200000,0x00000000e86f9020,0x00000000e8700000)
  to   space 14848K, 0% used [0x00000000ecd00000,0x00000000ecd00000,0x00000000edb80000)
 ParOldGen       total 63488K, used 16217K [0x00000000a0000000, 0x00000000a3e00000, 0x00000000e0000000)
  object space 63488K, 25% used [0x00000000a0000000,0x00000000a0fd6488,0x00000000a3e00000)
 Metaspace       used 34695K, capacity 35314K, committed 35416K, reserved 1079296K
  class space    used 4792K, capacity 4971K, committed 4992K, reserved 1048576K
Event: 14.964 GC heap after
Heap after GC invocations=7 (full 1):
 PSYoungGen      total 210944K, used 8878K [0x00000000e0000000, 0x00000000edb80000, 0x0000000100000000)
  eden space 196096K, 0% used [0x00000000e0000000,0x00000000e0000000,0x00000000ebf80000)
  from space 14848K, 59% used [0x00000000ecd00000,0x00000000ed5ab9b8,0x00000000edb80000)
  to   space 13824K, 0% used [0x00000000ebf80000,0x00000000ebf80000,0x00000000ecd00000)
 ParOldGen       total 63488K, used 16225K [0x00000000a0000000, 0x00000000a3e00000, 0x00000000e0000000)
  object space 63488K, 25% used [0x00000000a0000000,0x00000000a0fd8488,0x00000000a3e00000)
 Metaspace       used 34695K, capacity 35314K, committed 35416K, reserved 1079296K
  class space    used 4792K, capacity 4971K, committed 4992K, reserved 1048576K
}
Event: 14.964 GC heap before
{Heap before GC invocations=8 (full 2):
 PSYoungGen      total 210944K, used 8878K [0x00000000e0000000, 0x00000000edb80000, 0x0000000100000000)
  eden space 196096K, 0% used [0x00000000e0000000,0x00000000e0000000,0x00000000ebf80000)
  from space 14848K, 59% used [0x00000000ecd00000,0x00000000ed5ab9b8,0x00000000edb80000)
  to   space 13824K, 0% used [0x00000000ebf80000,0x00000000ebf80000,0x00000000ecd00000)
 ParOldGen       total 63488K, used 16225K [0x00000000a0000000, 0x00000000a3e00000, 0x00000000e0000000)
  object space 63488K, 25% used [0x00000000a0000000,0x00000000a0fd8488,0x00000000a3e00000)
 Metaspace       used 34695K, capacity 35314K, committed 35416K, reserved 1079296K
  class space    used 4792K, capacity 4971K, committed 4992K, reserved 1048576K
Event: 14.994 GC heap after
Heap after GC invocations=8 (full 2):
 PSYoungGen      total 210944K, used 0K [0x00000000e0000000, 0x00000000edb80000, 0x0000000100000000)
  eden space 196096K, 0% used [0x00000000e0000000,0x00000000e0000000,0x00000000ebf80000)
  from space 14848K, 0% used [0x00000000ecd00000,0x00000000ecd00000,0x00000000edb80000)
  to   space 13824K, 0% used [0x00000000ebf80000,0x00000000ebf80000,0x00000000ecd00000)
 ParOldGen       total 98816K, used 17444K [0x00000000a0000000, 0x00000000a6080000, 0x00000000e0000000)
  object space 98816K, 17% used [0x00000000a0000000,0x00000000a1109150,0x00000000a6080000)
 Metaspace       used 34695K, capacity 35314K, committed 35416K, reserved 1079296K
  class space    used 4792K, capacity 4971K, committed 4992K, reserved 1048576K
}
Event: 19.212 GC heap before
{Heap before GC invocations=9 (full 2):
 PSYoungGen      total 210944K, used 196096K [0x00000000e0000000, 0x00000000edb80000, 0x0000000100000000)
  eden space 196096K, 100% used [0x00000000e0000000,0x00000000ebf80000,0x00000000ebf80000)
  from space 14848K, 0% used [0x00000000ecd00000,0x00000000ecd00000,0x00000000edb80000)
  to   space 13824K, 0% used [0x00000000ebf80000,0x00000000ebf80000,0x00000000ecd00000)
 ParOldGen       total 98816K, used 17444K [0x00000000a0000000, 0x00000000a6080000, 0x00000000e0000000)
  object space 98816K, 17% used [0x00000000a0000000,0x00000000a1109150,0x00000000a6080000)
 Metaspace       used 49944K, capacity 51422K, committed 51544K, reserved 1093632K
  class space    used 6837K, capacity 7226K, committed 7296K, reserved 1048576K
Event: 19.231 GC heap after
Heap after GC invocations=9 (full 2):
 PSYoungGen      total 209920K, used 13817K [0x00000000e0000000, 0x00000000edb80000, 0x0000000100000000)
  eden space 196096K, 0% used [0x00000000e0000000,0x00000000e0000000,0x00000000ebf80000)
  from space 13824K, 99% used [0x00000000ebf80000,0x00000000eccfe7b8,0x00000000ecd00000)
  to   space 14848K, 0% used [0x00000000ecd00000,0x00000000ecd00000,0x00000000edb80000)
 ParOldGen       total 98816K, used 23753K [0x00000000a0000000, 0x00000000a6080000, 0x00000000e0000000)
  object space 98816K, 24% used [0x00000000a0000000,0x00000000a1732548,0x00000000a6080000)
 Metaspace       used 49944K, capacity 51422K, committed 51544K, reserved 1093632K
  class space    used 6837K, capacity 7226K, committed 7296K, reserved 1048576K
}

